#
# There is insufficient memory for the Java Runtime Environment to continue.
# Native memory allocation (malloc) failed to allocate 763328 bytes. Error detail: Chunk::new
# Possible reasons:
#   The system is out of physical RAM or swap space
#   This process is running with CompressedOops enabled, and the Java Heap may be blocking the growth of the native heap
# Possible solutions:
#   Reduce memory load on the system
#   Increase physical memory or swap space
#   Check if swap backing store is full
#   Decrease Java heap size (-Xmx/-Xms)
#   Decrease number of Java threads
#   Decrease Java thread stack sizes (-Xss)
#   Set larger code cache with -XX:ReservedCodeCacheSize=
#   JVM is running with Unscaled Compressed Oops mode in which the Java heap is
#     placed in the first 4GB address space. The Java Heap base address is the
#     maximum limit for the native heap growth. Please use -XX:HeapBaseMinAddress
#     to set the Java Heap base and to place the Java Heap above 4GB virtual address.
# This output file may be truncated or incomplete.
#
#  Out of Memory Error (arena.cpp:191), pid=14240, tid=17036
#
# JRE version: OpenJDK Runtime Environment Temurin-17.0.13+11 (17.0.13+11) (build 17.0.13+11)
# Java VM: OpenJDK 64-Bit Server VM Temurin-17.0.13+11 (17.0.13+11, mixed mode, tiered, compressed oops, compressed class ptrs, parallel gc, windows-amd64)
# No core dump will be written. Minidumps are not enabled by default on client versions of Windows
#

---------------  S U M M A R Y ------------

Command Line: --add-modules=ALL-SYSTEM --add-opens=java.base/java.util=ALL-UNNAMED --add-opens=java.base/java.lang=ALL-UNNAMED --add-opens=java.base/sun.nio.fs=ALL-UNNAMED -Declipse.application=org.eclipse.jdt.ls.core.id1 -Dosgi.bundles.defaultStartLevel=4 -Declipse.product=org.eclipse.jdt.ls.core.product -Djava.import.generatesMetadataFilesAtProjectRoot=false -DDetectVMInstallationsJob.disabled=true -Dfile.encoding=utf8 -XX:+UseParallelGC -XX:GCTimeRatio=4 -XX:AdaptiveSizePolicyWeight=90 -Dsun.zip.disableMemoryMapping=true -Xmx1G -Xms100m -Xlog:disable -javaagent:c:\Users\HP\.vscode\extensions\redhat.java-1.38.0-win32-x64\lombok\lombok-1.18.34.jar -XX:+HeapDumpOnOutOfMemoryError -XX:HeapDumpPath=c:\Users\HP\AppData\Roaming\Code\User\workspaceStorage\ff020401daf549e784676faa52c5e95d\redhat.java -Daether.dependencyCollector.impl=bf c:\Users\HP\.vscode\extensions\redhat.java-1.38.0-win32-x64\server\plugins\org.eclipse.equinox.launcher_1.6.900.v20240613-2009.jar -configuration c:\Users\HP\AppData\Roaming\Code\User\globalStorage\redhat.java\1.38.0\config_win -data c:\Users\HP\AppData\Roaming\Code\User\workspaceStorage\ff020401daf549e784676faa52c5e95d\redhat.java\jdt_ws --pipe=\\.\pipe\lsp-aa3499273b2ef37c8281edf25d929dba-sock

Host: 11th Gen Intel(R) Core(TM) i7-1165G7 @ 2.80GHz, 8 cores, 7G,  Windows 11 , 64 bit Build 26100 (10.0.26100.2454)
Time: Wed Dec 25 11:04:02 2024 SE Asia Standard Time elapsed time: 55.651586 seconds (0d 0h 0m 55s)

---------------  T H R E A D  ---------------

Current thread (0x00000180bc5d4d50):  JavaThread "C2 CompilerThread0" daemon [_thread_in_native, id=17036, stack(0x0000000910800000,0x0000000910900000)]


Current CompileTask:
C2:  55651 8727       4       org.codehaus.plexus.util.xml.pull.MXParser::parseStartTag (1190 bytes)

Stack: [0x0000000910800000,0x0000000910900000]
Native frames: (J=compiled Java code, j=interpreted, Vv=VM code, C=native code)
V  [jvm.dll+0x682a19]
V  [jvm.dll+0x839538]
V  [jvm.dll+0x83afe3]
V  [jvm.dll+0x83b653]
V  [jvm.dll+0x24704f]
V  [jvm.dll+0xace34]
V  [jvm.dll+0xad4cc]
V  [jvm.dll+0x36597e]
V  [jvm.dll+0x32fbd8]
V  [jvm.dll+0x32f05a]
V  [jvm.dll+0x21804f]
V  [jvm.dll+0x21748f]
V  [jvm.dll+0x1a3070]
V  [jvm.dll+0x22788c]
V  [jvm.dll+0x2259eb]
V  [jvm.dll+0x7eec98]
V  [jvm.dll+0x7e8ffc]
V  [jvm.dll+0x6818f7]
C  [ucrtbase.dll+0x14ea0]
C  [KERNEL32.DLL+0x2e8d7]
C  [ntdll.dll+0xdfbcc]


---------------  P R O C E S S  ---------------

Threads class SMR info:
_java_thread_list=0x00000180bfd06290, length=49, elements={
0x00000180a2e8a2f0, 0x00000180b74f5020, 0x00000180a2f3a740, 0x00000180b74fead0,
0x00000180bc5c5300, 0x00000180bc5c7180, 0x00000180bc5cd620, 0x00000180bc5d4d50,
0x00000180bc5d5710, 0x00000180bc5d7740, 0x00000180a2eed6d0, 0x00000180bc91c020,
0x00000180bdd43060, 0x00000180bdd595d0, 0x00000180be19b640, 0x00000180be19c2f0,
0x00000180bd8e0230, 0x00000180bdba4a20, 0x00000180bdba2bc0, 0x00000180bdba21a0,
0x00000180bdba30d0, 0x00000180bdba35e0, 0x00000180bdba3af0, 0x00000180bdba4000,
0x00000180bdba5440, 0x00000180bdba4510, 0x00000180bdba4f30, 0x00000180c0c73ed0,
0x00000180c0c739c0, 0x00000180c0c75820, 0x00000180c0c75310, 0x00000180c0c72fa0,
0x00000180c0c72580, 0x00000180c0c75d30, 0x00000180c0c743e0, 0x00000180c0c74e00,
0x00000180c0c76240, 0x00000180c0c72a90, 0x00000180c0c76750, 0x00000180c0c76c60,
0x00000180c0c78fd0, 0x00000180c0c780a0, 0x00000180c0c734b0, 0x00000180c0c794e0,
0x00000180c0c799f0, 0x00000180c0c785b0, 0x00000180c0c79f00, 0x00000180bfd63e20,
0x00000180bd918e20
}

Java Threads: ( => current thread )
  0x00000180a2e8a2f0 JavaThread "main" [_thread_blocked, id=18936, stack(0x000000090ff00000,0x0000000910000000)]
  0x00000180b74f5020 JavaThread "Reference Handler" daemon [_thread_blocked, id=20328, stack(0x0000000910200000,0x0000000910300000)]
  0x00000180a2f3a740 JavaThread "Finalizer" daemon [_thread_blocked, id=18688, stack(0x0000000910300000,0x0000000910400000)]
  0x00000180b74fead0 JavaThread "Signal Dispatcher" daemon [_thread_blocked, id=3132, stack(0x0000000910400000,0x0000000910500000)]
  0x00000180bc5c5300 JavaThread "Attach Listener" daemon [_thread_blocked, id=9384, stack(0x0000000910500000,0x0000000910600000)]
  0x00000180bc5c7180 JavaThread "Service Thread" daemon [_thread_blocked, id=18340, stack(0x0000000910600000,0x0000000910700000)]
  0x00000180bc5cd620 JavaThread "Monitor Deflation Thread" daemon [_thread_blocked, id=14864, stack(0x0000000910700000,0x0000000910800000)]
=>0x00000180bc5d4d50 JavaThread "C2 CompilerThread0" daemon [_thread_in_native, id=17036, stack(0x0000000910800000,0x0000000910900000)]
  0x00000180bc5d5710 JavaThread "C1 CompilerThread0" daemon [_thread_blocked, id=2888, stack(0x0000000910900000,0x0000000910a00000)]
  0x00000180bc5d7740 JavaThread "Sweeper thread" daemon [_thread_blocked, id=11544, stack(0x0000000910a00000,0x0000000910b00000)]
  0x00000180a2eed6d0 JavaThread "Common-Cleaner" daemon [_thread_blocked, id=10344, stack(0x0000000910b00000,0x0000000910c00000)]
  0x00000180bc91c020 JavaThread "Notification Thread" daemon [_thread_blocked, id=6336, stack(0x0000000910d00000,0x0000000910e00000)]
  0x00000180bdd43060 JavaThread "Active Thread: Equinox Container: 000710c0-68ec-40b5-9789-bfcdec1d3763" [_thread_blocked, id=1708, stack(0x0000000911500000,0x0000000911600000)]
  0x00000180bdd595d0 JavaThread "Refresh Thread: Equinox Container: 000710c0-68ec-40b5-9789-bfcdec1d3763" daemon [_thread_blocked, id=11292, stack(0x0000000910c00000,0x0000000910d00000)]
  0x00000180be19b640 JavaThread "Framework Event Dispatcher: Equinox Container: 000710c0-68ec-40b5-9789-bfcdec1d3763" daemon [_thread_blocked, id=3680, stack(0x0000000911600000,0x0000000911700000)]
  0x00000180be19c2f0 JavaThread "Start Level: Equinox Container: 000710c0-68ec-40b5-9789-bfcdec1d3763" daemon [_thread_blocked, id=2588, stack(0x0000000911700000,0x0000000911800000)]
  0x00000180bd8e0230 JavaThread "Bundle File Closer" daemon [_thread_blocked, id=5600, stack(0x0000000911a00000,0x0000000911b00000)]
  0x00000180bdba4a20 JavaThread "SCR Component Actor" daemon [_thread_blocked, id=6068, stack(0x0000000911900000,0x0000000911a00000)]
  0x00000180bdba2bc0 JavaThread "Worker-JM" [_thread_blocked, id=8268, stack(0x0000000911d00000,0x0000000911e00000)]
  0x00000180bdba21a0 JavaThread "JNA Cleaner" daemon [_thread_blocked, id=6600, stack(0x0000000911e00000,0x0000000911f00000)]
  0x00000180bdba30d0 JavaThread "Worker-0: Publish Diagnostics" [_thread_blocked, id=17024, stack(0x0000000911f00000,0x0000000912000000)]
  0x00000180bdba35e0 JavaThread "Worker-1" [_thread_blocked, id=18876, stack(0x0000000912000000,0x0000000912100000)]
  0x00000180bdba3af0 JavaThread "Java indexing" daemon [_thread_blocked, id=14068, stack(0x0000000912100000,0x0000000912200000)]
  0x00000180bdba4000 JavaThread "Worker-2: Initialize workspace" [_thread_blocked, id=4672, stack(0x0000000912200000,0x0000000912300000)]
  0x00000180bdba5440 JavaThread "Worker-3: Java indexing... " [_thread_blocked, id=20656, stack(0x0000000912500000,0x0000000912600000)]
  0x00000180bdba4510 JavaThread "Thread-2" daemon [_thread_in_native, id=24452, stack(0x0000000912600000,0x0000000912700000)]
  0x00000180bdba4f30 JavaThread "Thread-3" daemon [_thread_in_native, id=9132, stack(0x0000000912700000,0x0000000912800000)]
  0x00000180c0c73ed0 JavaThread "Thread-4" daemon [_thread_in_native, id=8348, stack(0x0000000912800000,0x0000000912900000)]
  0x00000180c0c739c0 JavaThread "Thread-5" daemon [_thread_in_native, id=7312, stack(0x0000000912900000,0x0000000912a00000)]
  0x00000180c0c75820 JavaThread "Thread-6" daemon [_thread_in_native, id=24100, stack(0x0000000912a00000,0x0000000912b00000)]
  0x00000180c0c75310 JavaThread "Thread-7" daemon [_thread_in_native, id=8700, stack(0x0000000912b00000,0x0000000912c00000)]
  0x00000180c0c72fa0 JavaThread "Thread-8" daemon [_thread_in_native, id=11668, stack(0x0000000912c00000,0x0000000912d00000)]
  0x00000180c0c72580 JavaThread "Thread-9" daemon [_thread_in_native, id=22912, stack(0x0000000912d00000,0x0000000912e00000)]
  0x00000180c0c75d30 JavaThread "Thread-10" daemon [_thread_in_native, id=22964, stack(0x0000000912e00000,0x0000000912f00000)]
  0x00000180c0c743e0 JavaThread "pool-2-thread-1" [_thread_blocked, id=1460, stack(0x0000000912f00000,0x0000000913000000)]
  0x00000180c0c74e00 JavaThread "Worker-4" [_thread_blocked, id=18368, stack(0x0000000913000000,0x0000000913100000)]
  0x00000180c0c76240 JavaThread "Worker-5" [_thread_blocked, id=21484, stack(0x0000000913100000,0x0000000913200000)]
  0x00000180c0c72a90 JavaThread "Worker-6: Initialize Workspace" [_thread_blocked, id=8532, stack(0x0000000913200000,0x0000000913300000)]
  0x00000180c0c76750 JavaThread "WorkspaceEventsHandler" [_thread_blocked, id=11296, stack(0x0000000913300000,0x0000000913400000)]
  0x00000180c0c76c60 JavaThread "pool-1-thread-1" [_thread_blocked, id=14592, stack(0x0000000913400000,0x0000000913500000)]
  0x00000180c0c78fd0 JavaThread "ForkJoinPool.commonPool-worker-1" daemon [_thread_blocked, id=23104, stack(0x0000000911b00000,0x0000000911c00000)]
  0x00000180c0c780a0 JavaThread "ForkJoinPool.commonPool-worker-2" daemon [_thread_blocked, id=5452, stack(0x0000000913500000,0x0000000913600000)]
  0x00000180c0c734b0 JavaThread "ForkJoinPool.commonPool-worker-3" daemon [_thread_blocked, id=3068, stack(0x0000000913600000,0x0000000913700000)]
  0x00000180c0c794e0 JavaThread "ForkJoinPool.commonPool-worker-4" daemon [_thread_blocked, id=14724, stack(0x0000000913700000,0x0000000913800000)]
  0x00000180c0c799f0 JavaThread "ForkJoinPool.commonPool-worker-5" daemon [_thread_blocked, id=18476, stack(0x0000000913800000,0x0000000913900000)]
  0x00000180c0c785b0 JavaThread "ForkJoinPool.commonPool-worker-6" daemon [_thread_blocked, id=10400, stack(0x0000000913900000,0x0000000913a00000)]
  0x00000180c0c79f00 JavaThread "ForkJoinPool.commonPool-worker-7" daemon [_thread_blocked, id=13336, stack(0x0000000913c00000,0x0000000913d00000)]
  0x00000180bfd63e20 JavaThread "C2 CompilerThread1" daemon [_thread_blocked, id=19256, stack(0x0000000911c00000,0x0000000911d00000)]
  0x00000180bd918e20 JavaThread "C2 CompilerThread2" daemon [_thread_blocked, id=16768, stack(0x0000000913a00000,0x0000000913b00000)]

Other Threads:
  0x00000180b73e7690 VMThread "VM Thread" [stack: 0x0000000910100000,0x0000000910200000] [id=20164]
  0x00000180bc91d530 WatcherThread [stack: 0x0000000910e00000,0x0000000910f00000] [id=10732]
  0x00000180a2e9f670 GCTaskThread "GC Thread#0" [stack: 0x0000000910000000,0x0000000910100000] [id=2988]
  0x00000180bdc31db0 GCTaskThread "GC Thread#1" [stack: 0x0000000910f00000,0x0000000911000000] [id=24512]
  0x00000180bdd02bc0 GCTaskThread "GC Thread#2" [stack: 0x0000000911000000,0x0000000911100000] [id=12604]
  0x00000180bdd02e80 GCTaskThread "GC Thread#3" [stack: 0x0000000911100000,0x0000000911200000] [id=6636]
  0x00000180bddbea40 GCTaskThread "GC Thread#4" [stack: 0x0000000911200000,0x0000000911300000] [id=19352]
  0x00000180bddbed00 GCTaskThread "GC Thread#5" [stack: 0x0000000911300000,0x0000000911400000] [id=15300]
  0x00000180bddbefc0 GCTaskThread "GC Thread#6" [stack: 0x0000000911400000,0x0000000911500000] [id=10024]
  0x00000180be1afba0 GCTaskThread "GC Thread#7" [stack: 0x0000000911800000,0x0000000911900000] [id=3428]

Threads with active compile tasks:
C2 CompilerThread0    55711 8727       4       org.codehaus.plexus.util.xml.pull.MXParser::parseStartTag (1190 bytes)
C1 CompilerThread0    55711 8749       3       org.eclipse.jdt.internal.core.index.DiskIndex::writeStreamChars (285 bytes)
C2 CompilerThread1    55711 8685   !   4       org.eclipse.jdt.internal.core.JarPackageFragmentRoot::computeChildren (605 bytes)
C2 CompilerThread2    55711 8748 %     4       org.eclipse.jdt.internal.core.index.DiskIndex::computeDocumentNames @ 152 (607 bytes)

VM state: at safepoint (normal execution)

VM Mutex/Monitor currently owned by a thread:  ([mutex/lock_event])
[0x00000180a2e86f50] Threads_lock - owner thread: 0x00000180b73e7690
[0x00000180a2e87a00] Heap_lock - owner thread: 0x00000180c0c780a0

Heap address: 0x00000000c0000000, size: 1024 MB, Compressed Oops mode: 32-bit

CDS archive(s) not mapped
Compressed class space mapped at: 0x0000000100000000-0x0000000140000000, reserved size: 1073741824
Narrow klass base: 0x0000000000000000, Narrow klass shift: 3, Narrow klass range: 0x140000000

GC Precious Log:
 CPUs: 8 total, 8 available
 Memory: 7834M
 Large Page Support: Disabled
 NUMA Support: Disabled
 Compressed Oops: Enabled (32-bit)
 Alignments: Space 512K, Generation 512K, Heap 2M
 Heap Min Capacity: 100M
 Heap Initial Capacity: 100M
 Heap Max Capacity: 1G
 Pre-touch: Disabled
 Parallel Workers: 8

Heap:
 PSYoungGen      total 34304K, used 29184K [0x00000000eab00000, 0x00000000ed480000, 0x0000000100000000)
  eden space 29184K, 100% used [0x00000000eab00000,0x00000000ec780000,0x00000000ec780000)
  from space 5120K, 0% used [0x00000000ecf80000,0x00000000ecf80000,0x00000000ed480000)
  to   space 6656K, 0% used [0x00000000ec780000,0x00000000ec780000,0x00000000ece00000)
 ParOldGen       total 323584K, used 322447K [0x00000000c0000000, 0x00000000d3c00000, 0x00000000eab00000)
  object space 323584K, 99% used [0x00000000c0000000,0x00000000d3ae3d18,0x00000000d3c00000)
 Metaspace       used 65117K, committed 66368K, reserved 1114112K
  class space    used 6915K, committed 7488K, reserved 1048576K

Card table byte_map: [0x00000180b4d90000,0x00000180b4fa0000] _byte_map_base: 0x00000180b4790000

Marking Bits: (ParMarkBitMap*) 0x00007fff20ae6940
 Begin Bits: [0x00000180b5100000, 0x00000180b6100000)
 End Bits:   [0x00000180b6100000, 0x00000180b7100000)

Polling page: 0x00000180a2f40000

Metaspace:

Usage:
  Non-class:     56.84 MB used.
      Class:      6.75 MB used.
       Both:     63.59 MB used.

Virtual space:
  Non-class space:       64.00 MB reserved,      57.50 MB ( 90%) committed,  1 nodes.
      Class space:        1.00 GB reserved,       7.31 MB ( <1%) committed,  1 nodes.
             Both:        1.06 GB reserved,      64.81 MB (  6%) committed. 

Chunk freelists:
   Non-Class:  6.00 MB
       Class:  8.50 MB
        Both:  14.50 MB

MaxMetaspaceSize: unlimited
CompressedClassSpaceSize: 1.00 GB
Initial GC threshold: 21.00 MB
Current GC threshold: 107.94 MB
CDS: off
MetaspaceReclaimPolicy: balanced
 - commit_granule_bytes: 65536.
 - commit_granule_words: 8192.
 - virtual_space_node_default_size: 8388608.
 - enlarge_chunks_in_place: 1.
 - new_chunks_are_fully_committed: 0.
 - uncommit_free_chunks: 1.
 - use_allocation_guard: 0.
 - handle_deallocations: 1.


Internal statistics:

num_allocs_failed_limit: 9.
num_arena_births: 850.
num_arena_deaths: 14.
num_vsnodes_births: 2.
num_vsnodes_deaths: 0.
num_space_committed: 1037.
num_space_uncommitted: 0.
num_chunks_returned_to_freelist: 23.
num_chunks_taken_from_freelist: 3573.
num_chunk_merges: 14.
num_chunk_splits: 2176.
num_chunks_enlarged: 1176.
num_inconsistent_stats: 0.

CodeHeap 'non-profiled nmethods': size=120000Kb used=5485Kb max_used=5485Kb free=114514Kb
 bounds [0x00000180ad680000, 0x00000180adbe0000, 0x00000180b4bb0000]
CodeHeap 'profiled nmethods': size=120000Kb used=14389Kb max_used=15026Kb free=105610Kb
 bounds [0x00000180a5bb0000, 0x00000180a6a70000, 0x00000180ad0e0000]
CodeHeap 'non-nmethods': size=5760Kb used=1368Kb max_used=1478Kb free=4391Kb
 bounds [0x00000180ad0e0000, 0x00000180ad350000, 0x00000180ad680000]
 total_blobs=7929 nmethods=7225 adapters=618
 compilation: enabled
              stopped_count=0, restarted_count=0
 full_count=0

Compilation events (20 events):
Event: 49.324 Thread 0x00000180bc5d4d50 8727       4       org.codehaus.plexus.util.xml.pull.MXParser::parseStartTag (1190 bytes)
Event: 49.326 Thread 0x00000180bd918e20 nmethod 8716 0x00000180adbd7010 code [0x00000180adbd7220, 0x00000180adbd9110]
Event: 49.326 Thread 0x00000180bd918e20 8731       4       java.lang.String::valueOf (15 bytes)
Event: 49.327 Thread 0x00000180bd918e20 nmethod 8731 0x00000180adbd9c10 code [0x00000180adbd9d80, 0x00000180adbd9e18]
Event: 49.327 Thread 0x00000180bd918e20 8743       4       org.eclipse.osgi.storage.bundlefile.CloseableBundleFile::releaseOpen (8 bytes)
Event: 49.329 Thread 0x00000180bd918e20 nmethod 8743 0x00000180adbd9f10 code [0x00000180adbda0a0, 0x00000180adbda218]
Event: 49.329 Thread 0x00000180bd918e20 8720       4       org.codehaus.plexus.util.xml.pull.MXParser::getName (84 bytes)
Event: 49.330 Thread 0x00000180bd918e20 nmethod 8720 0x00000180adbda410 code [0x00000180adbda580, 0x00000180adbda658]
Event: 49.330 Thread 0x00000180bd918e20 8728       4       org.eclipse.jdt.internal.core.JarPackageFragmentRoot$$Lambda$339/0x00000001004fb278::apply (8 bytes)
Event: 49.334 Thread 0x00000180bc5d5710 8744       1       org.eclipse.jdt.internal.core.PackageFragment::isValidPackageName (5 bytes)
Event: 49.334 Thread 0x00000180bc5d5710 nmethod 8744 0x00000180adbda710 code [0x00000180adbda8a0, 0x00000180adbda978]
Event: 49.334 Thread 0x00000180bc5d5710 8745       3       org.eclipse.jdt.internal.core.JarEntryFile::<init> (6 bytes)
Event: 49.335 Thread 0x00000180bc5d5710 nmethod 8745 0x00000180a5dc6910 code [0x00000180a5dc6ac0, 0x00000180a5dc6cf8]
Event: 49.335 Thread 0x00000180bc5d5710 8747       3       org.eclipse.core.runtime.Status::<init> (48 bytes)
Event: 49.335 Thread 0x00000180bc5d5710 nmethod 8747 0x00000180a67edd90 code [0x00000180a67edfa0, 0x00000180a67ee988]
Event: 49.335 Thread 0x00000180bc5d5710 8746       1       org.eclipse.jdt.internal.core.OpenableElementInfo::setNonJavaResources (6 bytes)
Event: 49.335 Thread 0x00000180bc5d5710 nmethod 8746 0x00000180adbdaa10 code [0x00000180adbdaba0, 0x00000180adbdac78]
Event: 49.336 Thread 0x00000180bd918e20 nmethod 8728 0x00000180adbdad10 code [0x00000180adbdaee0, 0x00000180adbdb418]
Event: 49.337 Thread 0x00000180bd918e20 8748 %     4       org.eclipse.jdt.internal.core.index.DiskIndex::computeDocumentNames @ 152 (607 bytes)
Event: 53.640 Thread 0x00000180bc5d5710 8749       3       org.eclipse.jdt.internal.core.index.DiskIndex::writeStreamChars (285 bytes)

GC Heap History (20 events):
Event: 43.710 GC heap before
{Heap before GC invocations=188 (full 12):
 PSYoungGen      total 24576K, used 24262K [0x00000000eab00000, 0x00000000eca00000, 0x0000000100000000)
  eden space 21504K, 100% used [0x00000000eab00000,0x00000000ec000000,0x00000000ec000000)
  from space 3072K, 89% used [0x00000000ec700000,0x00000000ec9b1ae8,0x00000000eca00000)
  to   space 4096K, 0% used [0x00000000ec200000,0x00000000ec200000,0x00000000ec600000)
 ParOldGen       total 323584K, used 294742K [0x00000000c0000000, 0x00000000d3c00000, 0x00000000eab00000)
  object space 323584K, 91% used [0x00000000c0000000,0x00000000d1fd59e8,0x00000000d3c00000)
 Metaspace       used 64652K, committed 65984K, reserved 1114112K
  class space    used 6873K, committed 7488K, reserved 1048576K
}
Event: 43.713 GC heap after
{Heap after GC invocations=188 (full 12):
 PSYoungGen      total 26624K, used 2560K [0x00000000eab00000, 0x00000000ec880000, 0x0000000100000000)
  eden space 23552K, 0% used [0x00000000eab00000,0x00000000eab00000,0x00000000ec200000)
  from space 3072K, 83% used [0x00000000ec200000,0x00000000ec480010,0x00000000ec500000)
  to   space 3072K, 0% used [0x00000000ec580000,0x00000000ec580000,0x00000000ec880000)
 ParOldGen       total 323584K, used 295717K [0x00000000c0000000, 0x00000000d3c00000, 0x00000000eab00000)
  object space 323584K, 91% used [0x00000000c0000000,0x00000000d20c9610,0x00000000d3c00000)
 Metaspace       used 64652K, committed 65984K, reserved 1114112K
  class space    used 6873K, committed 7488K, reserved 1048576K
}
Event: 43.742 GC heap before
{Heap before GC invocations=189 (full 12):
 PSYoungGen      total 26624K, used 26112K [0x00000000eab00000, 0x00000000ec880000, 0x0000000100000000)
  eden space 23552K, 100% used [0x00000000eab00000,0x00000000ec200000,0x00000000ec200000)
  from space 3072K, 83% used [0x00000000ec200000,0x00000000ec480010,0x00000000ec500000)
  to   space 3072K, 0% used [0x00000000ec580000,0x00000000ec580000,0x00000000ec880000)
 ParOldGen       total 323584K, used 295717K [0x00000000c0000000, 0x00000000d3c00000, 0x00000000eab00000)
  object space 323584K, 91% used [0x00000000c0000000,0x00000000d20c9610,0x00000000d3c00000)
 Metaspace       used 64687K, committed 66048K, reserved 1114112K
  class space    used 6877K, committed 7488K, reserved 1048576K
}
Event: 43.746 GC heap after
{Heap after GC invocations=189 (full 12):
 PSYoungGen      total 26624K, used 3027K [0x00000000eab00000, 0x00000000ecb80000, 0x0000000100000000)
  eden space 23552K, 0% used [0x00000000eab00000,0x00000000eab00000,0x00000000ec200000)
  from space 3072K, 98% used [0x00000000ec580000,0x00000000ec874c58,0x00000000ec880000)
  to   space 3584K, 0% used [0x00000000ec200000,0x00000000ec200000,0x00000000ec580000)
 ParOldGen       total 323584K, used 297671K [0x00000000c0000000, 0x00000000d3c00000, 0x00000000eab00000)
  object space 323584K, 91% used [0x00000000c0000000,0x00000000d22b1ca0,0x00000000d3c00000)
 Metaspace       used 64687K, committed 66048K, reserved 1114112K
  class space    used 6877K, committed 7488K, reserved 1048576K
}
Event: 43.803 GC heap before
{Heap before GC invocations=190 (full 12):
 PSYoungGen      total 26624K, used 26579K [0x00000000eab00000, 0x00000000ecb80000, 0x0000000100000000)
  eden space 23552K, 100% used [0x00000000eab00000,0x00000000ec200000,0x00000000ec200000)
  from space 3072K, 98% used [0x00000000ec580000,0x00000000ec874c58,0x00000000ec880000)
  to   space 3584K, 0% used [0x00000000ec200000,0x00000000ec200000,0x00000000ec580000)
 ParOldGen       total 323584K, used 297671K [0x00000000c0000000, 0x00000000d3c00000, 0x00000000eab00000)
  object space 323584K, 91% used [0x00000000c0000000,0x00000000d22b1ca0,0x00000000d3c00000)
 Metaspace       used 64693K, committed 66048K, reserved 1114112K
  class space    used 6877K, committed 7488K, reserved 1048576K
}
Event: 43.807 GC heap after
{Heap after GC invocations=190 (full 12):
 PSYoungGen      total 27136K, used 3555K [0x00000000eab00000, 0x00000000ed480000, 0x0000000100000000)
  eden space 23552K, 0% used [0x00000000eab00000,0x00000000eab00000,0x00000000ec200000)
  from space 3584K, 99% used [0x00000000ec200000,0x00000000ec578d88,0x00000000ec580000)
  to   space 8192K, 0% used [0x00000000ecc80000,0x00000000ecc80000,0x00000000ed480000)
 ParOldGen       total 323584K, used 301521K [0x00000000c0000000, 0x00000000d3c00000, 0x00000000eab00000)
  object space 323584K, 93% used [0x00000000c0000000,0x00000000d26747d8,0x00000000d3c00000)
 Metaspace       used 64693K, committed 66048K, reserved 1114112K
  class space    used 6877K, committed 7488K, reserved 1048576K
}
Event: 43.854 GC heap before
{Heap before GC invocations=191 (full 12):
 PSYoungGen      total 27136K, used 27107K [0x00000000eab00000, 0x00000000ed480000, 0x0000000100000000)
  eden space 23552K, 100% used [0x00000000eab00000,0x00000000ec200000,0x00000000ec200000)
  from space 3584K, 99% used [0x00000000ec200000,0x00000000ec578d88,0x00000000ec580000)
  to   space 8192K, 0% used [0x00000000ecc80000,0x00000000ecc80000,0x00000000ed480000)
 ParOldGen       total 323584K, used 301521K [0x00000000c0000000, 0x00000000d3c00000, 0x00000000eab00000)
  object space 323584K, 93% used [0x00000000c0000000,0x00000000d26747d8,0x00000000d3c00000)
 Metaspace       used 64868K, committed 66176K, reserved 1114112K
  class space    used 6888K, committed 7488K, reserved 1048576K
}
Event: 43.858 GC heap after
{Heap after GC invocations=191 (full 12):
 PSYoungGen      total 27648K, used 1521K [0x00000000eab00000, 0x00000000ece00000, 0x0000000100000000)
  eden space 26112K, 0% used [0x00000000eab00000,0x00000000eab00000,0x00000000ec480000)
  from space 1536K, 99% used [0x00000000ecc80000,0x00000000ecdfc5f0,0x00000000ece00000)
  to   space 4096K, 0% used [0x00000000ec600000,0x00000000ec600000,0x00000000eca00000)
 ParOldGen       total 323584K, used 304978K [0x00000000c0000000, 0x00000000d3c00000, 0x00000000eab00000)
  object space 323584K, 94% used [0x00000000c0000000,0x00000000d29d4848,0x00000000d3c00000)
 Metaspace       used 64868K, committed 66176K, reserved 1114112K
  class space    used 6888K, committed 7488K, reserved 1048576K
}
Event: 43.878 GC heap before
{Heap before GC invocations=192 (full 12):
 PSYoungGen      total 27648K, used 27633K [0x00000000eab00000, 0x00000000ece00000, 0x0000000100000000)
  eden space 26112K, 100% used [0x00000000eab00000,0x00000000ec480000,0x00000000ec480000)
  from space 1536K, 99% used [0x00000000ecc80000,0x00000000ecdfc5f0,0x00000000ece00000)
  to   space 4096K, 0% used [0x00000000ec600000,0x00000000ec600000,0x00000000eca00000)
 ParOldGen       total 323584K, used 304978K [0x00000000c0000000, 0x00000000d3c00000, 0x00000000eab00000)
  object space 323584K, 94% used [0x00000000c0000000,0x00000000d29d4848,0x00000000d3c00000)
 Metaspace       used 64922K, committed 66240K, reserved 1114112K
  class space    used 6896K, committed 7488K, reserved 1048576K
}
Event: 43.880 GC heap after
{Heap after GC invocations=192 (full 12):
 PSYoungGen      total 31744K, used 3311K [0x00000000eab00000, 0x00000000ecf00000, 0x0000000100000000)
  eden space 27648K, 0% used [0x00000000eab00000,0x00000000eab00000,0x00000000ec600000)
  from space 4096K, 80% used [0x00000000ec600000,0x00000000ec93bef0,0x00000000eca00000)
  to   space 4096K, 0% used [0x00000000ecb00000,0x00000000ecb00000,0x00000000ecf00000)
 ParOldGen       total 323584K, used 304986K [0x00000000c0000000, 0x00000000d3c00000, 0x00000000eab00000)
  object space 323584K, 94% used [0x00000000c0000000,0x00000000d29d6848,0x00000000d3c00000)
 Metaspace       used 64922K, committed 66240K, reserved 1114112K
  class space    used 6896K, committed 7488K, reserved 1048576K
}
Event: 43.931 GC heap before
{Heap before GC invocations=193 (full 12):
 PSYoungGen      total 31744K, used 30959K [0x00000000eab00000, 0x00000000ecf00000, 0x0000000100000000)
  eden space 27648K, 100% used [0x00000000eab00000,0x00000000ec600000,0x00000000ec600000)
  from space 4096K, 80% used [0x00000000ec600000,0x00000000ec93bef0,0x00000000eca00000)
  to   space 4096K, 0% used [0x00000000ecb00000,0x00000000ecb00000,0x00000000ecf00000)
 ParOldGen       total 323584K, used 304986K [0x00000000c0000000, 0x00000000d3c00000, 0x00000000eab00000)
  object space 323584K, 94% used [0x00000000c0000000,0x00000000d29d6848,0x00000000d3c00000)
 Metaspace       used 64944K, committed 66240K, reserved 1114112K
  class space    used 6900K, committed 7488K, reserved 1048576K
}
Event: 43.934 GC heap after
{Heap after GC invocations=193 (full 12):
 PSYoungGen      total 29184K, used 4079K [0x00000000eab00000, 0x00000000ed780000, 0x0000000100000000)
  eden space 25088K, 0% used [0x00000000eab00000,0x00000000eab00000,0x00000000ec380000)
  from space 4096K, 99% used [0x00000000ecb00000,0x00000000ecefbfd0,0x00000000ecf00000)
  to   space 7680K, 0% used [0x00000000ec380000,0x00000000ec380000,0x00000000ecb00000)
 ParOldGen       total 323584K, used 307594K [0x00000000c0000000, 0x00000000d3c00000, 0x00000000eab00000)
  object space 323584K, 95% used [0x00000000c0000000,0x00000000d2c62998,0x00000000d3c00000)
 Metaspace       used 64944K, committed 66240K, reserved 1114112K
  class space    used 6900K, committed 7488K, reserved 1048576K
}
Event: 43.966 GC heap before
{Heap before GC invocations=194 (full 12):
 PSYoungGen      total 29184K, used 29167K [0x00000000eab00000, 0x00000000ed780000, 0x0000000100000000)
  eden space 25088K, 100% used [0x00000000eab00000,0x00000000ec380000,0x00000000ec380000)
  from space 4096K, 99% used [0x00000000ecb00000,0x00000000ecefbfd0,0x00000000ecf00000)
  to   space 7680K, 0% used [0x00000000ec380000,0x00000000ec380000,0x00000000ecb00000)
 ParOldGen       total 323584K, used 307594K [0x00000000c0000000, 0x00000000d3c00000, 0x00000000eab00000)
  object space 323584K, 95% used [0x00000000c0000000,0x00000000d2c62998,0x00000000d3c00000)
 Metaspace       used 64994K, committed 66304K, reserved 1114112K
  class space    used 6905K, committed 7488K, reserved 1048576K
}
Event: 43.970 GC heap after
{Heap after GC invocations=194 (full 12):
 PSYoungGen      total 32768K, used 7679K [0x00000000eab00000, 0x00000000eda00000, 0x0000000100000000)
  eden space 25088K, 0% used [0x00000000eab00000,0x00000000eab00000,0x00000000ec380000)
  from space 7680K, 99% used [0x00000000ec380000,0x00000000ecaffea0,0x00000000ecb00000)
  to   space 10240K, 0% used [0x00000000ed000000,0x00000000ed000000,0x00000000eda00000)
 ParOldGen       total 323584K, used 309452K [0x00000000c0000000, 0x00000000d3c00000, 0x00000000eab00000)
  object space 323584K, 95% used [0x00000000c0000000,0x00000000d2e332d0,0x00000000d3c00000)
 Metaspace       used 64994K, committed 66304K, reserved 1114112K
  class space    used 6905K, committed 7488K, reserved 1048576K
}
Event: 44.006 GC heap before
{Heap before GC invocations=195 (full 12):
 PSYoungGen      total 32768K, used 32767K [0x00000000eab00000, 0x00000000eda00000, 0x0000000100000000)
  eden space 25088K, 100% used [0x00000000eab00000,0x00000000ec380000,0x00000000ec380000)
  from space 7680K, 99% used [0x00000000ec380000,0x00000000ecaffea0,0x00000000ecb00000)
  to   space 10240K, 0% used [0x00000000ed000000,0x00000000ed000000,0x00000000eda00000)
 ParOldGen       total 323584K, used 309452K [0x00000000c0000000, 0x00000000d3c00000, 0x00000000eab00000)
  object space 323584K, 95% used [0x00000000c0000000,0x00000000d2e332d0,0x00000000d3c00000)
 Metaspace       used 65019K, committed 66304K, reserved 1114112K
  class space    used 6909K, committed 7488K, reserved 1048576K
}
Event: 44.010 GC heap after
{Heap after GC invocations=195 (full 12):
 PSYoungGen      total 32256K, used 4381K [0x00000000eab00000, 0x00000000ed480000, 0x0000000100000000)
  eden space 27648K, 0% used [0x00000000eab00000,0x00000000eab00000,0x00000000ec600000)
  from space 4608K, 95% used [0x00000000ed000000,0x00000000ed447700,0x00000000ed480000)
  to   space 6656K, 0% used [0x00000000ec780000,0x00000000ec780000,0x00000000ece00000)
 ParOldGen       total 323584K, used 316895K [0x00000000c0000000, 0x00000000d3c00000, 0x00000000eab00000)
  object space 323584K, 97% used [0x00000000c0000000,0x00000000d3577fd8,0x00000000d3c00000)
 Metaspace       used 65019K, committed 66304K, reserved 1114112K
  class space    used 6909K, committed 7488K, reserved 1048576K
}
Event: 44.089 GC heap before
{Heap before GC invocations=196 (full 13):
 PSYoungGen      total 32256K, used 32029K [0x00000000eab00000, 0x00000000ed480000, 0x0000000100000000)
  eden space 27648K, 100% used [0x00000000eab00000,0x00000000ec600000,0x00000000ec600000)
  from space 4608K, 95% used [0x00000000ed000000,0x00000000ed447700,0x00000000ed480000)
  to   space 6656K, 0% used [0x00000000ec780000,0x00000000ec780000,0x00000000ece00000)
 ParOldGen       total 323584K, used 316895K [0x00000000c0000000, 0x00000000d3c00000, 0x00000000eab00000)
  object space 323584K, 97% used [0x00000000c0000000,0x00000000d3577fd8,0x00000000d3c00000)
 Metaspace       used 65042K, committed 66304K, reserved 1114112K
  class space    used 6910K, committed 7488K, reserved 1048576K
}
Event: 49.241 GC heap after
{Heap after GC invocations=196 (full 13):
 PSYoungGen      total 35840K, used 0K [0x00000000eab00000, 0x00000000ed600000, 0x0000000100000000)
  eden space 29184K, 0% used [0x00000000eab00000,0x00000000eab00000,0x00000000ec780000)
  from space 6656K, 0% used [0x00000000ec780000,0x00000000ec780000,0x00000000ece00000)
  to   space 6656K, 0% used [0x00000000ecf80000,0x00000000ecf80000,0x00000000ed600000)
 ParOldGen       total 323584K, used 320421K [0x00000000c0000000, 0x00000000d3c00000, 0x00000000eab00000)
  object space 323584K, 99% used [0x00000000c0000000,0x00000000d38e9658,0x00000000d3c00000)
 Metaspace       used 65042K, committed 66304K, reserved 1114112K
  class space    used 6910K, committed 7488K, reserved 1048576K
}
Event: 49.344 GC heap before
{Heap before GC invocations=197 (full 14):
 PSYoungGen      total 35840K, used 29184K [0x00000000eab00000, 0x00000000ed600000, 0x0000000100000000)
  eden space 29184K, 100% used [0x00000000eab00000,0x00000000ec780000,0x00000000ec780000)
  from space 6656K, 0% used [0x00000000ec780000,0x00000000ec780000,0x00000000ece00000)
  to   space 6656K, 0% used [0x00000000ecf80000,0x00000000ecf80000,0x00000000ed600000)
 ParOldGen       total 323584K, used 320421K [0x00000000c0000000, 0x00000000d3c00000, 0x00000000eab00000)
  object space 323584K, 99% used [0x00000000c0000000,0x00000000d38e9658,0x00000000d3c00000)
 Metaspace       used 65112K, committed 66368K, reserved 1114112K
  class space    used 6915K, committed 7488K, reserved 1048576K
}
Event: 53.637 GC heap after
{Heap after GC invocations=197 (full 14):
 PSYoungGen      total 34304K, used 0K [0x00000000eab00000, 0x00000000ed480000, 0x0000000100000000)
  eden space 29184K, 0% used [0x00000000eab00000,0x00000000eab00000,0x00000000ec780000)
  from space 5120K, 0% used [0x00000000ecf80000,0x00000000ecf80000,0x00000000ed480000)
  to   space 6656K, 0% used [0x00000000ec780000,0x00000000ec780000,0x00000000ece00000)
 ParOldGen       total 323584K, used 322447K [0x00000000c0000000, 0x00000000d3c00000, 0x00000000eab00000)
  object space 323584K, 99% used [0x00000000c0000000,0x00000000d3ae3d18,0x00000000d3c00000)
 Metaspace       used 65112K, committed 66368K, reserved 1114112K
  class space    used 6915K, committed 7488K, reserved 1048576K
}

Dll operation events (10 events):
Event: 0.028 Loaded shared library c:\Users\HP\.vscode\extensions\redhat.java-1.38.0-win32-x64\jre\17.0.13-win32-x86_64\bin\java.dll
Event: 0.135 Loaded shared library c:\Users\HP\.vscode\extensions\redhat.java-1.38.0-win32-x64\jre\17.0.13-win32-x86_64\bin\zip.dll
Event: 0.139 Loaded shared library C:\Users\HP\.vscode\extensions\redhat.java-1.38.0-win32-x64\jre\17.0.13-win32-x86_64\bin\instrument.dll
Event: 0.148 Loaded shared library C:\Users\HP\.vscode\extensions\redhat.java-1.38.0-win32-x64\jre\17.0.13-win32-x86_64\bin\net.dll
Event: 0.149 Loaded shared library C:\Users\HP\.vscode\extensions\redhat.java-1.38.0-win32-x64\jre\17.0.13-win32-x86_64\bin\nio.dll
Event: 0.154 Loaded shared library C:\Users\HP\.vscode\extensions\redhat.java-1.38.0-win32-x64\jre\17.0.13-win32-x86_64\bin\zip.dll
Event: 0.165 Loaded shared library C:\Users\HP\.vscode\extensions\redhat.java-1.38.0-win32-x64\jre\17.0.13-win32-x86_64\bin\jimage.dll
Event: 0.211 Loaded shared library c:\Users\HP\.vscode\extensions\redhat.java-1.38.0-win32-x64\jre\17.0.13-win32-x86_64\bin\verify.dll
Event: 3.929 Loaded shared library C:\Users\HP\AppData\Roaming\Code\User\globalStorage\redhat.java\1.38.0\config_win\org.eclipse.equinox.launcher\org.eclipse.equinox.launcher.win32.win32.x86_64_1.2.1100.v20240722-2106\eclipse_11904.dll
Event: 11.160 Loaded shared library C:\Users\HP\AppData\Local\Temp\jna-2312\jna16266477490309682351.dll

Deoptimization events (20 events):
Event: 43.995 Thread 0x00000180bdba4000 DEOPT PACKING pc=0x00000180ad93a99c sp=0x00000009122fd9a0
Event: 43.995 Thread 0x00000180bdba4000 DEOPT UNPACKING pc=0x00000180ad139ea3 sp=0x00000009122fd8b8 mode 2
Event: 44.064 Thread 0x00000180bdba4000 Uncommon trap: trap_request=0xffffff45 fr.pc=0x00000180ad6a999c relative=0x000000000000047c
Event: 44.064 Thread 0x00000180bdba4000 Uncommon trap: reason=unstable_if action=reinterpret pc=0x00000180ad6a999c method=java.lang.String.replace(CC)Ljava/lang/String; @ 2 c2
Event: 44.064 Thread 0x00000180bdba4000 DEOPT PACKING pc=0x00000180ad6a999c sp=0x00000009122fde10
Event: 44.064 Thread 0x00000180bdba4000 DEOPT UNPACKING pc=0x00000180ad139ea3 sp=0x00000009122fddc0 mode 2
Event: 44.064 Thread 0x00000180bdba4000 Uncommon trap: trap_request=0xffffffc6 fr.pc=0x00000180ad93a99c relative=0x000000000000047c
Event: 44.064 Thread 0x00000180bdba4000 Uncommon trap: reason=bimorphic_or_optimized_type_check action=maybe_recompile pc=0x00000180ad93a99c method=java.util.ArrayList.hashCodeRange(II)I @ 53 c2
Event: 44.064 Thread 0x00000180bdba4000 DEOPT PACKING pc=0x00000180ad93a99c sp=0x00000009122fdb30
Event: 44.064 Thread 0x00000180bdba4000 DEOPT UNPACKING pc=0x00000180ad139ea3 sp=0x00000009122fda40 mode 2
Event: 44.064 Thread 0x00000180bdba4000 Uncommon trap: trap_request=0xffffffc6 fr.pc=0x00000180ad93a99c relative=0x000000000000047c
Event: 44.064 Thread 0x00000180bdba4000 Uncommon trap: reason=bimorphic_or_optimized_type_check action=maybe_recompile pc=0x00000180ad93a99c method=java.util.ArrayList.hashCodeRange(II)I @ 53 c2
Event: 44.064 Thread 0x00000180bdba4000 DEOPT PACKING pc=0x00000180ad93a99c sp=0x00000009122fd9a0
Event: 44.064 Thread 0x00000180bdba4000 DEOPT UNPACKING pc=0x00000180ad139ea3 sp=0x00000009122fd8b8 mode 2
Event: 49.259 Thread 0x00000180bdba30d0 Uncommon trap: trap_request=0xffffffdc fr.pc=0x00000180adbb9218 relative=0x0000000000000178
Event: 49.259 Thread 0x00000180bdba30d0 Uncommon trap: reason=class_check action=make_not_entrant pc=0x00000180adbb9218 method=java.util.ImmutableCollections$ListN.toArray([Ljava/lang/Object;)[Ljava/lang/Object; @ 21 c2
Event: 49.259 Thread 0x00000180bdba30d0 DEOPT PACKING pc=0x00000180adbb9218 sp=0x0000000911ffe190
Event: 49.259 Thread 0x00000180bdba30d0 DEOPT UNPACKING pc=0x00000180ad139ea3 sp=0x0000000911ffe148 mode 2
Event: 49.342 Thread 0x00000180c0c780a0 DEOPT PACKING pc=0x00000180a686b5a3 sp=0x00000009135fdee0
Event: 49.342 Thread 0x00000180c0c780a0 DEOPT UNPACKING pc=0x00000180ad13a9e3 sp=0x00000009135fd4a8 mode 0

Classes loaded (20 events):
Event: 40.101 Loading class com/sun/crypto/provider/Padding done
Event: 40.101 Loading class com/sun/crypto/provider/PKCS5Padding done
Event: 40.101 Loading class com/sun/crypto/provider/CipherBlockChaining
Event: 40.102 Loading class com/sun/crypto/provider/CipherBlockChaining done
Event: 40.102 Loading class javax/crypto/NullCipher
Event: 40.102 Loading class javax/crypto/NullCipher done
Event: 40.102 Loading class sun/security/util/ArrayUtil
Event: 40.103 Loading class sun/security/util/ArrayUtil done
Event: 40.144 Loading class java/util/zip/CheckedInputStream
Event: 40.145 Loading class java/util/zip/CheckedInputStream done
Event: 40.250 Loading class java/util/zip/GZIPInputStream$1
Event: 40.250 Loading class java/util/zip/GZIPInputStream$1 done
Event: 40.313 Loading class java/lang/Class$EnclosingMethodInfo
Event: 40.315 Loading class java/lang/Class$EnclosingMethodInfo done
Event: 40.335 Loading class sun/nio/cs/ISO_8859_1$Encoder
Event: 40.336 Loading class sun/nio/cs/ISO_8859_1$Encoder done
Event: 40.369 Loading class sun/nio/cs/Surrogate$Parser
Event: 40.369 Loading class sun/nio/cs/Surrogate$Parser done
Event: 40.369 Loading class sun/nio/cs/Surrogate
Event: 40.369 Loading class sun/nio/cs/Surrogate done

Classes unloaded (7 events):
Event: 12.539 Thread 0x00000180b73e7690 Unloading class 0x000000010025c000 'java/lang/invoke/LambdaForm$MH+0x000000010025c000'
Event: 12.539 Thread 0x00000180b73e7690 Unloading class 0x000000010025bc00 'java/lang/invoke/LambdaForm$MH+0x000000010025bc00'
Event: 12.539 Thread 0x00000180b73e7690 Unloading class 0x000000010025b800 'java/lang/invoke/LambdaForm$MH+0x000000010025b800'
Event: 12.539 Thread 0x00000180b73e7690 Unloading class 0x000000010025b400 'java/lang/invoke/LambdaForm$MH+0x000000010025b400'
Event: 12.539 Thread 0x00000180b73e7690 Unloading class 0x000000010025b000 'java/lang/invoke/LambdaForm$BMH+0x000000010025b000'
Event: 12.539 Thread 0x00000180b73e7690 Unloading class 0x000000010025ac00 'java/lang/invoke/LambdaForm$DMH+0x000000010025ac00'
Event: 12.539 Thread 0x00000180b73e7690 Unloading class 0x0000000100258400 'java/lang/invoke/LambdaForm$DMH+0x0000000100258400'

Classes redefined (0 events):
No events

Internal exceptions (20 events):
Event: 19.521 Thread 0x00000180c0c76c60 Exception <a 'sun/nio/fs/WindowsException'{0x00000000eb191328}> (0x00000000eb191328) 
thrown [s\src\hotspot\share\prims\jni.cpp, line 516]
Event: 19.522 Thread 0x00000180c0c76c60 Exception <a 'sun/nio/fs/WindowsException'{0x00000000eb191960}> (0x00000000eb191960) 
thrown [s\src\hotspot\share\prims\jni.cpp, line 516]
Event: 19.522 Thread 0x00000180c0c76c60 Exception <a 'sun/nio/fs/WindowsException'{0x00000000eb1950b0}> (0x00000000eb1950b0) 
thrown [s\src\hotspot\share\prims\jni.cpp, line 516]
Event: 19.522 Thread 0x00000180c0c76c60 Exception <a 'sun/nio/fs/WindowsException'{0x00000000eb1956e8}> (0x00000000eb1956e8) 
thrown [s\src\hotspot\share\prims\jni.cpp, line 516]
Event: 19.927 Thread 0x00000180bdba30d0 Exception <a 'java/lang/NoSuchMethodError'{0x00000000eabeabb0}: 'java.lang.Object java.lang.invoke.DirectMethodHandle$Holder.invokeSpecial(java.lang.Object, java.lang.Object, int, long)'> (0x00000000eabeabb0) 
thrown [s\src\hotspot\share\interpreter\linkResolver.cpp, line 759]
Event: 20.580 Thread 0x00000180c0c780a0 Implicit null exception at 0x00000180adab2b7b to 0x00000180adab3114
Event: 40.023 Thread 0x00000180c0c77680 Exception <a 'sun/nio/fs/WindowsException'{0x00000000eab0d5a8}> (0x00000000eab0d5a8) 
thrown [s\src\hotspot\share\prims\jni.cpp, line 516]
Event: 40.088 Thread 0x00000180bdba35e0 Exception <a 'sun/nio/fs/WindowsException'{0x00000000eb5ee578}> (0x00000000eb5ee578) 
thrown [s\src\hotspot\share\prims\jni.cpp, line 516]
Event: 40.094 Thread 0x00000180bdba35e0 Exception <a 'sun/nio/fs/WindowsException'{0x00000000eb5eebb0}> (0x00000000eb5eebb0) 
thrown [s\src\hotspot\share\prims\jni.cpp, line 516]
Event: 43.533 Thread 0x00000180c0c76240 Exception <a 'sun/nio/fs/WindowsException'{0x00000000eb1b1fd8}> (0x00000000eb1b1fd8) 
thrown [s\src\hotspot\share\prims\jni.cpp, line 516]
Event: 43.534 Thread 0x00000180c0c76240 Exception <a 'sun/nio/fs/WindowsException'{0x00000000eb237db0}> (0x00000000eb237db0) 
thrown [s\src\hotspot\share\prims\jni.cpp, line 516]
Event: 43.550 Thread 0x00000180c0c780a0 Exception <a 'java/lang/IncompatibleClassChangeError'{0x00000000eb94cdd0}: Found class java.lang.Object, but interface was expected> (0x00000000eb94cdd0) 
thrown [s\src\hotspot\share\interpreter\linkResolver.cpp, line 826]
Event: 43.584 Thread 0x00000180bdba4000 Exception <a 'sun/nio/fs/WindowsException'{0x00000000eb784688}> (0x00000000eb784688) 
thrown [s\src\hotspot\share\prims\jni.cpp, line 516]
Event: 43.584 Thread 0x00000180bdba4000 Exception <a 'sun/nio/fs/WindowsException'{0x00000000eb784cc0}> (0x00000000eb784cc0) 
thrown [s\src\hotspot\share\prims\jni.cpp, line 516]
Event: 43.585 Thread 0x00000180bdba4000 Exception <a 'sun/nio/fs/WindowsException'{0x00000000eb785aa0}> (0x00000000eb785aa0) 
thrown [s\src\hotspot\share\prims\jni.cpp, line 516]
Event: 43.585 Thread 0x00000180bdba4000 Exception <a 'sun/nio/fs/WindowsException'{0x00000000eb7860d8}> (0x00000000eb7860d8) 
thrown [s\src\hotspot\share\prims\jni.cpp, line 516]
Event: 43.589 Thread 0x00000180bdba4000 Exception <a 'java/io/FileNotFoundException'{0x00000000eb79d1c0}> (0x00000000eb79d1c0) 
thrown [s\src\hotspot\share\prims\jni.cpp, line 516]
Event: 43.589 Thread 0x00000180bdba4000 Exception <a 'java/io/FileNotFoundException'{0x00000000eb79df18}> (0x00000000eb79df18) 
thrown [s\src\hotspot\share\prims\jni.cpp, line 516]
Event: 43.594 Thread 0x00000180bdba4000 Exception <a 'sun/nio/fs/WindowsException'{0x00000000eb970c08}> (0x00000000eb970c08) 
thrown [s\src\hotspot\share\prims\jni.cpp, line 516]
Event: 43.594 Thread 0x00000180bdba4000 Exception <a 'sun/nio/fs/WindowsException'{0x00000000eb971240}> (0x00000000eb971240) 
thrown [s\src\hotspot\share\prims\jni.cpp, line 516]

VM Operations (20 events):
Event: 43.713 Executing VM operation: ParallelGCFailedAllocation done
Event: 43.742 Executing VM operation: ParallelGCFailedAllocation
Event: 43.746 Executing VM operation: ParallelGCFailedAllocation done
Event: 43.790 Executing VM operation: ParallelGCFailedAllocation
Event: 43.807 Executing VM operation: ParallelGCFailedAllocation done
Event: 43.851 Executing VM operation: ParallelGCFailedAllocation
Event: 43.858 Executing VM operation: ParallelGCFailedAllocation done
Event: 43.877 Executing VM operation: ParallelGCFailedAllocation
Event: 43.881 Executing VM operation: ParallelGCFailedAllocation done
Event: 43.917 Executing VM operation: ParallelGCFailedAllocation
Event: 43.934 Executing VM operation: ParallelGCFailedAllocation done
Event: 43.954 Executing VM operation: ParallelGCFailedAllocation
Event: 43.970 Executing VM operation: ParallelGCFailedAllocation done
Event: 44.005 Executing VM operation: ParallelGCFailedAllocation
Event: 44.010 Executing VM operation: ParallelGCFailedAllocation done
Event: 44.086 Executing VM operation: ParallelGCFailedAllocation
Event: 49.241 Executing VM operation: ParallelGCFailedAllocation done
Event: 49.344 Executing VM operation: ParallelGCFailedAllocation
Event: 53.637 Executing VM operation: ParallelGCFailedAllocation done
Event: 53.655 Executing VM operation: ParallelGCFailedAllocation

Memory protections (0 events):
No events

Nmethod flushes (20 events):
Event: 21.874 Thread 0x00000180bc5d7740 flushing  nmethod 0x00000180a69fac10
Event: 21.874 Thread 0x00000180bc5d7740 flushing  nmethod 0x00000180a6a03c90
Event: 21.874 Thread 0x00000180bc5d7740 flushing  nmethod 0x00000180a6a08090
Event: 21.874 Thread 0x00000180bc5d7740 flushing  nmethod 0x00000180a6a0be10
Event: 21.874 Thread 0x00000180bc5d7740 flushing  nmethod 0x00000180a6a0c610
Event: 21.874 Thread 0x00000180bc5d7740 flushing  nmethod 0x00000180a6a0d590
Event: 21.874 Thread 0x00000180bc5d7740 flushing  nmethod 0x00000180a6a0ef10
Event: 21.874 Thread 0x00000180bc5d7740 flushing  nmethod 0x00000180a6a0fa90
Event: 21.874 Thread 0x00000180bc5d7740 flushing  nmethod 0x00000180a6a10290
Event: 21.874 Thread 0x00000180bc5d7740 flushing  nmethod 0x00000180a6a10f10
Event: 21.874 Thread 0x00000180bc5d7740 flushing  nmethod 0x00000180a6a1e910
Event: 21.874 Thread 0x00000180bc5d7740 flushing  nmethod 0x00000180a6a1f710
Event: 21.874 Thread 0x00000180bc5d7740 flushing  nmethod 0x00000180a6a20b10
Event: 21.874 Thread 0x00000180bc5d7740 flushing  nmethod 0x00000180a6a22410
Event: 21.874 Thread 0x00000180bc5d7740 flushing  nmethod 0x00000180a6a2fb90
Event: 21.874 Thread 0x00000180bc5d7740 flushing  nmethod 0x00000180a6a30010
Event: 21.874 Thread 0x00000180bc5d7740 flushing  nmethod 0x00000180a6a35d10
Event: 21.874 Thread 0x00000180bc5d7740 flushing  nmethod 0x00000180a6a48e10
Event: 43.673 Thread 0x00000180bc5d7740 flushing  nmethod 0x00000180adb06e90
Event: 43.685 Thread 0x00000180bc5d7740 flushing  nmethod 0x00000180a64ccf10

Events (20 events):
Event: 20.387 Thread 0x00000180bc5d5710 Thread added: 0x00000180c17e8920
Event: 23.476 Thread 0x00000180c17e8920 Thread exited: 0x00000180c17e8920
Event: 27.461 Thread 0x00000180c0c76c60 Thread added: 0x00000180c0c734b0
Event: 39.769 Thread 0x00000180c0c76c60 Thread added: 0x00000180c0c794e0
Event: 39.892 Thread 0x00000180c0c76c60 Thread added: 0x00000180c0c799f0
Event: 39.898 Thread 0x00000180c0c76c60 Thread added: 0x00000180c0c785b0
Event: 39.908 Thread 0x00000180bc5d5710 Thread added: 0x00000180bd918e20
Event: 39.951 Thread 0x00000180c0c799f0 Thread added: 0x00000180c0c77680
Event: 39.978 Thread 0x00000180c0c785b0 Thread added: 0x00000180c0c79f00
Event: 40.654 Thread 0x00000180c0c77680 Thread exited: 0x00000180c0c77680
Event: 40.800 Thread 0x00000180bd918e20 Thread exited: 0x00000180bd918e20
Event: 40.926 Thread 0x00000180bec52a30 Thread exited: 0x00000180bec52a30
Event: 43.205 Thread 0x00000180bc5d5710 Thread added: 0x00000180bd918e20
Event: 43.205 Thread 0x00000180bc5d5710 Thread added: 0x00000180c27e1ac0
Event: 43.345 Thread 0x00000180c27e1ac0 Thread exited: 0x00000180c27e1ac0
Event: 43.366 Thread 0x00000180bd918e20 Thread exited: 0x00000180bd918e20
Event: 43.544 Thread 0x00000180bc5d4d50 Thread added: 0x00000180bfd63e20
Event: 43.553 Thread 0x00000180bc5d5710 Thread added: 0x00000180bd918e20
Event: 43.612 Thread 0x00000180bdba4000 Thread added: 0x00000180c0c78ac0
Event: 49.242 Thread 0x00000180c0c78ac0 Thread exited: 0x00000180c0c78ac0


Dynamic libraries:
0x00007ff6da880000 - 0x00007ff6da88e000 	c:\Users\HP\.vscode\extensions\redhat.java-1.38.0-win32-x64\jre\17.0.13-win32-x86_64\bin\java.exe
0x00007ff8143e0000 - 0x00007ff814643000 	C:\WINDOWS\SYSTEM32\ntdll.dll
0x00007ff812850000 - 0x00007ff812918000 	C:\WINDOWS\System32\KERNEL32.DLL
0x00007ff811930000 - 0x00007ff811ce2000 	C:\WINDOWS\System32\KERNELBASE.dll
0x00007ff8117e0000 - 0x00007ff81192b000 	C:\WINDOWS\System32\ucrtbase.dll
0x00007fffc03d0000 - 0x00007fffc03ee000 	c:\Users\HP\.vscode\extensions\redhat.java-1.38.0-win32-x64\jre\17.0.13-win32-x86_64\bin\VCRUNTIME140.dll
0x00007fffc03f0000 - 0x00007fffc0407000 	c:\Users\HP\.vscode\extensions\redhat.java-1.38.0-win32-x64\jre\17.0.13-win32-x86_64\bin\jli.dll
0x00007ff8124d0000 - 0x00007ff812698000 	C:\WINDOWS\System32\USER32.dll
0x00007ffff0970000 - 0x00007ffff0c00000 	C:\WINDOWS\WinSxS\amd64_microsoft.windows.common-controls_6595b64144ccf1df_6.0.26100.2454_none_3e0b68a2e331ad60\COMCTL32.dll
0x00007ff8117b0000 - 0x00007ff8117d7000 	C:\WINDOWS\System32\win32u.dll
0x00007ff813130000 - 0x00007ff8131d9000 	C:\WINDOWS\System32\msvcrt.dll
0x00007ff813040000 - 0x00007ff81306a000 	C:\WINDOWS\System32\GDI32.dll
0x00007ff812110000 - 0x00007ff81223b000 	C:\WINDOWS\System32\gdi32full.dll
0x00007ff811e70000 - 0x00007ff811f13000 	C:\WINDOWS\System32\msvcp_win.dll
0x00007ff813df0000 - 0x00007ff813e1f000 	C:\WINDOWS\System32\IMM32.DLL
0x00007fffcd620000 - 0x00007fffcd62c000 	c:\Users\HP\.vscode\extensions\redhat.java-1.38.0-win32-x64\jre\17.0.13-win32-x86_64\bin\vcruntime140_1.dll
0x00007fffc0340000 - 0x00007fffc03cd000 	c:\Users\HP\.vscode\extensions\redhat.java-1.38.0-win32-x64\jre\17.0.13-win32-x86_64\bin\msvcp140.dll
0x00007fff1ff40000 - 0x00007fff20bab000 	c:\Users\HP\.vscode\extensions\redhat.java-1.38.0-win32-x64\jre\17.0.13-win32-x86_64\bin\server\jvm.dll
0x00007ff813070000 - 0x00007ff813124000 	C:\WINDOWS\System32\ADVAPI32.dll
0x00007ff8126a0000 - 0x00007ff812746000 	C:\WINDOWS\System32\sechost.dll
0x00007ff813470000 - 0x00007ff813586000 	C:\WINDOWS\System32\RPCRT4.dll
0x00007ff8127d0000 - 0x00007ff812844000 	C:\WINDOWS\System32\WS2_32.dll
0x00007ff811640000 - 0x00007ff81168e000 	C:\WINDOWS\SYSTEM32\POWRPROF.dll
0x00007ff806c90000 - 0x00007ff806c9b000 	C:\WINDOWS\SYSTEM32\VERSION.dll
0x00007ff803cd0000 - 0x00007ff803d06000 	C:\WINDOWS\SYSTEM32\WINMM.dll
0x00007ff811620000 - 0x00007ff811634000 	C:\WINDOWS\SYSTEM32\UMPDC.dll
0x00007ff8105f0000 - 0x00007ff81060a000 	C:\WINDOWS\SYSTEM32\kernel.appcore.dll
0x00007fffcb7a0000 - 0x00007fffcb7aa000 	c:\Users\HP\.vscode\extensions\redhat.java-1.38.0-win32-x64\jre\17.0.13-win32-x86_64\bin\jimage.dll
0x00007ff80ef10000 - 0x00007ff80f151000 	C:\WINDOWS\SYSTEM32\DBGHELP.DLL
0x00007ff813e40000 - 0x00007ff8141be000 	C:\WINDOWS\System32\combase.dll
0x00007ff812240000 - 0x00007ff812316000 	C:\WINDOWS\System32\OLEAUT32.dll
0x00007fffef3b0000 - 0x00007fffef3e9000 	C:\WINDOWS\SYSTEM32\dbgcore.DLL
0x00007ff811f20000 - 0x00007ff811fb9000 	C:\WINDOWS\System32\bcryptPrimitives.dll
0x00007fffcb340000 - 0x00007fffcb34e000 	c:\Users\HP\.vscode\extensions\redhat.java-1.38.0-win32-x64\jre\17.0.13-win32-x86_64\bin\instrument.dll
0x00007fffc0310000 - 0x00007fffc0335000 	c:\Users\HP\.vscode\extensions\redhat.java-1.38.0-win32-x64\jre\17.0.13-win32-x86_64\bin\java.dll
0x00007fffc02f0000 - 0x00007fffc0308000 	c:\Users\HP\.vscode\extensions\redhat.java-1.38.0-win32-x64\jre\17.0.13-win32-x86_64\bin\zip.dll
0x00007ff812920000 - 0x00007ff813020000 	C:\WINDOWS\System32\SHELL32.dll
0x00007ff80f490000 - 0x00007ff80fcc1000 	C:\WINDOWS\SYSTEM32\windows.storage.dll
0x00007ff8141d0000 - 0x00007ff8142aa000 	C:\WINDOWS\System32\SHCORE.dll
0x00007ff812470000 - 0x00007ff8124cd000 	C:\WINDOWS\System32\shlwapi.dll
0x00007ff8116c0000 - 0x00007ff8116ee000 	C:\WINDOWS\SYSTEM32\profapi.dll
0x00007fffc02d0000 - 0x00007fffc02e9000 	C:\Users\HP\.vscode\extensions\redhat.java-1.38.0-win32-x64\jre\17.0.13-win32-x86_64\bin\net.dll
0x00007ff80c120000 - 0x00007ff80c246000 	C:\WINDOWS\SYSTEM32\WINHTTP.dll
0x00007ff810af0000 - 0x00007ff810b58000 	C:\WINDOWS\system32\mswsock.dll
0x00007fffc02b0000 - 0x00007fffc02c6000 	C:\Users\HP\.vscode\extensions\redhat.java-1.38.0-win32-x64\jre\17.0.13-win32-x86_64\bin\nio.dll
0x00007fffcac40000 - 0x00007fffcac50000 	c:\Users\HP\.vscode\extensions\redhat.java-1.38.0-win32-x64\jre\17.0.13-win32-x86_64\bin\verify.dll
0x00007fffc0210000 - 0x00007fffc0255000 	C:\Users\HP\AppData\Roaming\Code\User\globalStorage\redhat.java\1.38.0\config_win\org.eclipse.equinox.launcher\org.eclipse.equinox.launcher.win32.win32.x86_64_1.2.1100.v20240722-2106\eclipse_11904.dll
0x00007ff8131e0000 - 0x00007ff813379000 	C:\WINDOWS\System32\ole32.dll
0x00007ff810d90000 - 0x00007ff810dac000 	C:\WINDOWS\SYSTEM32\CRYPTSP.dll
0x00007ff810550000 - 0x00007ff810588000 	C:\WINDOWS\system32\rsaenh.dll
0x00007ff810b90000 - 0x00007ff810bbb000 	C:\WINDOWS\SYSTEM32\USERENV.dll
0x00007ff810fd0000 - 0x00007ff810ff6000 	C:\WINDOWS\SYSTEM32\bcrypt.dll
0x00007ff810db0000 - 0x00007ff810dbc000 	C:\WINDOWS\SYSTEM32\CRYPTBASE.dll
0x00007ff810040000 - 0x00007ff810072000 	C:\WINDOWS\SYSTEM32\IPHLPAPI.DLL
0x00007ff813030000 - 0x00007ff81303a000 	C:\WINDOWS\System32\NSI.dll
0x00007ff80cd60000 - 0x00007ff80cd7e000 	C:\WINDOWS\SYSTEM32\dhcpcsvc6.DLL
0x00007ff80cd30000 - 0x00007ff80cd55000 	C:\WINDOWS\SYSTEM32\dhcpcsvc.DLL
0x00007ff8100e0000 - 0x00007ff810205000 	C:\WINDOWS\SYSTEM32\DNSAPI.dll
0x00007fff29d60000 - 0x00007fff29da9000 	C:\Users\HP\AppData\Local\Temp\jna-2312\jna16266477490309682351.dll
0x00007ff812460000 - 0x00007ff812468000 	C:\WINDOWS\System32\PSAPI.DLL

dbghelp: loaded successfully - version: 4.0.5 - missing functions: none
symbol engine: initialized successfully - sym options: 0x614 - pdb path: .;c:\Users\HP\.vscode\extensions\redhat.java-1.38.0-win32-x64\jre\17.0.13-win32-x86_64\bin;C:\WINDOWS\SYSTEM32;C:\WINDOWS\WinSxS\amd64_microsoft.windows.common-controls_6595b64144ccf1df_6.0.26100.2454_none_3e0b68a2e331ad60;c:\Users\HP\.vscode\extensions\redhat.java-1.38.0-win32-x64\jre\17.0.13-win32-x86_64\bin\server;C:\Users\HP\AppData\Roaming\Code\User\globalStorage\redhat.java\1.38.0\config_win\org.eclipse.equinox.launcher\org.eclipse.equinox.launcher.win32.win32.x86_64_1.2.1100.v20240722-2106;C:\Users\HP\AppData\Local\Temp\jna-2312

VM Arguments:
jvm_args: --add-modules=ALL-SYSTEM --add-opens=java.base/java.util=ALL-UNNAMED --add-opens=java.base/java.lang=ALL-UNNAMED --add-opens=java.base/sun.nio.fs=ALL-UNNAMED -Declipse.application=org.eclipse.jdt.ls.core.id1 -Dosgi.bundles.defaultStartLevel=4 -Declipse.product=org.eclipse.jdt.ls.core.product -Djava.import.generatesMetadataFilesAtProjectRoot=false -DDetectVMInstallationsJob.disabled=true -Dfile.encoding=utf8 -XX:+UseParallelGC -XX:GCTimeRatio=4 -XX:AdaptiveSizePolicyWeight=90 -Dsun.zip.disableMemoryMapping=true -Xmx1G -Xms100m -Xlog:disable -javaagent:c:\Users\HP\.vscode\extensions\redhat.java-1.38.0-win32-x64\lombok\lombok-1.18.34.jar -XX:+HeapDumpOnOutOfMemoryError -XX:HeapDumpPath=c:\Users\HP\AppData\Roaming\Code\User\workspaceStorage\ff020401daf549e784676faa52c5e95d\redhat.java -Daether.dependencyCollector.impl=bf 
java_command: c:\Users\HP\.vscode\extensions\redhat.java-1.38.0-win32-x64\server\plugins\org.eclipse.equinox.launcher_1.6.900.v20240613-2009.jar -configuration c:\Users\HP\AppData\Roaming\Code\User\globalStorage\redhat.java\1.38.0\config_win -data c:\Users\HP\AppData\Roaming\Code\User\workspaceStorage\ff020401daf549e784676faa52c5e95d\redhat.java\jdt_ws --pipe=\\.\pipe\lsp-aa3499273b2ef37c8281edf25d929dba-sock
java_class_path (initial): c:\Users\HP\.vscode\extensions\redhat.java-1.38.0-win32-x64\server\plugins\org.eclipse.equinox.launcher_1.6.900.v20240613-2009.jar
Launcher Type: SUN_STANDARD

[Global flags]
    uintx AdaptiveSizePolicyWeight                 = 90                                        {product} {command line}
     intx CICompilerCount                          = 4                                         {product} {ergonomic}
    uintx GCTimeRatio                              = 4                                         {product} {command line}
     bool HeapDumpOnOutOfMemoryError               = true                                   {manageable} {command line}
    ccstr HeapDumpPath                             = c:\Users\HP\AppData\Roaming\Code\User\workspaceStorage\ff020401daf549e784676faa52c5e95d\redhat.java         {manageable} {command line}
   size_t InitialHeapSize                          = 104857600                                 {product} {command line}
   size_t MaxHeapSize                              = 1073741824                                {product} {command line}
   size_t MaxNewSize                               = 357564416                                 {product} {ergonomic}
   size_t MinHeapDeltaBytes                        = 524288                                    {product} {ergonomic}
   size_t MinHeapSize                              = 104857600                                 {product} {command line}
   size_t NewSize                                  = 34603008                                  {product} {ergonomic}
    uintx NonNMethodCodeHeapSize                   = 5839372                                {pd product} {ergonomic}
    uintx NonProfiledCodeHeapSize                  = 122909434                              {pd product} {ergonomic}
   size_t OldSize                                  = 70254592                                  {product} {ergonomic}
    uintx ProfiledCodeHeapSize                     = 122909434                              {pd product} {ergonomic}
    uintx ReservedCodeCacheSize                    = 251658240                              {pd product} {ergonomic}
     bool SegmentedCodeCache                       = true                                      {product} {ergonomic}
   size_t SoftMaxHeapSize                          = 1073741824                             {manageable} {ergonomic}
     bool UseCompressedClassPointers               = true                           {product lp64_product} {ergonomic}
     bool UseCompressedOops                        = true                           {product lp64_product} {ergonomic}
     bool UseLargePagesIndividualAllocation        = false                                  {pd product} {ergonomic}
     bool UseParallelGC                            = true                                      {product} {command line}

Logging:
Log output configuration:
 #0: stdout all=off uptime,level,tags
 #1: stderr all=off uptime,level,tags

Environment Variables:
JAVA_HOME=C:\Program Files\Java\jdk-23
PATH=C:\Program Files\Common Files\Oracle\Java\javapath;C:\WINDOWS\system32;C:\WINDOWS;C:\WINDOWS\System32\Wbem;C:\WINDOWS\System32\WindowsPowerShell\v1.0\;C:\WINDOWS\System32\OpenSSH\;C:\Program Files\dotnet\;C:\Program Files (x86)\Windows Kits\10\Windows Performance Toolkit\;C:\Program Files\Git\cmd;C:\laragon\bin\php\php-8.3;C:\composer;C:\Program Files (x86)\Microsoft SQL Server\160\Tools\Binn\;C:\Program Files\Microsoft SQL Server\160\Tools\Binn\;C:\Program Files\Microsoft SQL Server\Client SDK\ODBC\170\Tools\Binn\;C:\Program Files\Microsoft SQL Server\160\DTS\Binn\;C:\Program Files (x86)\Microsoft SQL Server\160\DTS\Binn\;C:\Program Files\Microsoft SQL Server\150\Tools\Binn\;C:\ProgramData\chocolatey\bin;C:\Program Files\nodejs\;C:\Users\HP\AppData\Local\Programs\Python\Launcher\;C:\Users\HP\AppData\Local\Microsoft\WindowsApps;C:\Users\HP\AppData\Local\Programs\Microsoft VS Code\bin;C:\Users\HP\.dotnet\tools;C:\Users\HP\AppData\Roaming\Composer\vendor\bin;C:\Users\HP\AppData\Roaming\npm;
USERNAME=HP
OS=Windows_NT
PROCESSOR_IDENTIFIER=Intel64 Family 6 Model 140 Stepping 1, GenuineIntel
TMP=C:\Users\HP\AppData\Local\Temp
TEMP=C:\Users\HP\AppData\Local\Temp



Periodic native trim disabled


---------------  S Y S T E M  ---------------

OS:
 Windows 11 , 64 bit Build 26100 (10.0.26100.2454)
OS uptime: 6 days 15:13 hours
Hyper-V role detected

CPU: total 8 (initial active 8) (4 cores per cpu, 2 threads per core) family 6 model 140 stepping 1 microcode 0xb4, cx8, cmov, fxsr, ht, mmx, 3dnowpref, sse, sse2, sse3, ssse3, sse4.1, sse4.2, popcnt, lzcnt, tsc, tscinvbit, avx, avx2, aes, erms, clmul, bmi1, bmi2, adx, avx512f, avx512dq, avx512cd, avx512bw, avx512vl, sha, fma, vzeroupper, avx512_vpopcntdq, avx512_vpclmulqdq, avx512_vaes, avx512_vnni, clflush, clflushopt, clwb, avx512_vbmi2, avx512_vbmi, hv
Processor Information for all 8 processors :
  Max Mhz: 2701, Current Mhz: 2701, Mhz Limit: 2701

Memory: 4k page, system-wide physical 7834M (538M free)
TotalPageFile size 31386M (AvailPageFile size 25M)
current process WorkingSet (physical memory assigned to process): 628M, peak: 672M
current process commit charge ("private bytes"): 591M, peak: 981M

vm_info: OpenJDK 64-Bit Server VM (17.0.13+11) for windows-amd64 JRE (17.0.13+11), built on Oct 16 2024 00:10:08 by "admin" with MS VC++ 17.7 (VS2022)

END.
