#
# There is insufficient memory for the Java Runtime Environment to continue.
# Native memory allocation (malloc) failed to allocate 2604112 bytes. Error detail: Chunk::new
# Possible reasons:
#   The system is out of physical RAM or swap space
#   This process is running with CompressedOops enabled, and the Java Heap may be blocking the growth of the native heap
# Possible solutions:
#   Reduce memory load on the system
#   Increase physical memory or swap space
#   Check if swap backing store is full
#   Decrease Java heap size (-Xmx/-Xms)
#   Decrease number of Java threads
#   Decrease Java thread stack sizes (-Xss)
#   Set larger code cache with -XX:ReservedCodeCacheSize=
#   JVM is running with Unscaled Compressed Oops mode in which the Java heap is
#     placed in the first 4GB address space. The Java Heap base address is the
#     maximum limit for the native heap growth. Please use -XX:HeapBaseMinAddress
#     to set the Java Heap base and to place the Java Heap above 4GB virtual address.
# This output file may be truncated or incomplete.
#
#  Out of Memory Error (arena.cpp:191), pid=19428, tid=8532
#
# JRE version: OpenJDK Runtime Environment Temurin-17.0.13+11 (17.0.13+11) (build 17.0.13+11)
# Java VM: OpenJDK 64-Bit Server VM Temurin-17.0.13+11 (17.0.13+11, mixed mode, tiered, compressed oops, compressed class ptrs, parallel gc, windows-amd64)
# No core dump will be written. Minidumps are not enabled by default on client versions of Windows
#

---------------  S U M M A R Y ------------

Command Line: --add-modules=ALL-SYSTEM --add-opens=java.base/java.util=ALL-UNNAMED --add-opens=java.base/java.lang=ALL-UNNAMED --add-opens=java.base/sun.nio.fs=ALL-UNNAMED -Declipse.application=org.eclipse.jdt.ls.core.id1 -Dosgi.bundles.defaultStartLevel=4 -Declipse.product=org.eclipse.jdt.ls.core.product -Djava.import.generatesMetadataFilesAtProjectRoot=false -DDetectVMInstallationsJob.disabled=true -Dfile.encoding=utf8 -XX:+UseParallelGC -XX:GCTimeRatio=4 -XX:AdaptiveSizePolicyWeight=90 -Dsun.zip.disableMemoryMapping=true -Xmx1G -Xms100m -Xlog:disable -javaagent:c:\Users\HP\.vscode\extensions\redhat.java-1.38.0-win32-x64\lombok\lombok-1.18.34.jar -XX:+HeapDumpOnOutOfMemoryError -XX:HeapDumpPath=c:\Users\HP\AppData\Roaming\Code\User\workspaceStorage\ff020401daf549e784676faa52c5e95d\redhat.java -Daether.dependencyCollector.impl=bf c:\Users\HP\.vscode\extensions\redhat.java-1.38.0-win32-x64\server\plugins\org.eclipse.equinox.launcher_1.6.900.v20240613-2009.jar -configuration c:\Users\HP\AppData\Roaming\Code\User\globalStorage\redhat.java\1.38.0\config_win -data c:\Users\HP\AppData\Roaming\Code\User\workspaceStorage\ff020401daf549e784676faa52c5e95d\redhat.java\jdt_ws --pipe=\\.\pipe\lsp-eb5ee029d47ed7014de95783b42e3041-sock

Host: 11th Gen Intel(R) Core(TM) i7-1165G7 @ 2.80GHz, 8 cores, 7G,  Windows 11 , 64 bit Build 26100 (10.0.26100.2454)
Time: Wed Dec 25 11:04:27 2024 SE Asia Standard Time elapsed time: 24.083751 seconds (0d 0h 0m 24s)

---------------  T H R E A D  ---------------

Current thread (0x0000026f7e6d4010):  JavaThread "C2 CompilerThread1" daemon [_thread_in_native, id=8532, stack(0x000000d074e00000,0x000000d074f00000)]


Current CompileTask:
C2:  24083 13137 % !   4       org.eclipse.jdt.internal.core.search.indexing.BinaryIndexer::indexDocument @ 595 (1157 bytes)

Stack: [0x000000d074e00000,0x000000d074f00000]
Native frames: (J=compiled Java code, j=interpreted, Vv=VM code, C=native code)
V  [jvm.dll+0x682a19]
V  [jvm.dll+0x839538]
V  [jvm.dll+0x83afe3]
V  [jvm.dll+0x83b653]
V  [jvm.dll+0x24704f]
V  [jvm.dll+0xace34]
V  [jvm.dll+0xad4cc]
V  [jvm.dll+0x36597e]
V  [jvm.dll+0x1ba989]
V  [jvm.dll+0x2181a7]
V  [jvm.dll+0x21748f]
V  [jvm.dll+0x1a3070]
V  [jvm.dll+0x22788c]
V  [jvm.dll+0x2259eb]
V  [jvm.dll+0x7eec98]
V  [jvm.dll+0x7e8ffc]
V  [jvm.dll+0x6818f7]
C  [ucrtbase.dll+0x14ea0]
C  [KERNEL32.DLL+0x2e8d7]
C  [ntdll.dll+0xdfbcc]


---------------  P R O C E S S  ---------------

Threads class SMR info:
_java_thread_list=0x0000026f78a68590, length=70, elements={
0x0000026f5c9fa2f0, 0x0000026f70885020, 0x0000026f708858f0, 0x0000026f7088b2f0,
0x0000026f7088bbc0, 0x0000026f759f8b80, 0x0000026f759fc770, 0x0000026f759ff1f0,
0x0000026f75a152a0, 0x0000026f75a16350, 0x0000026f75b32410, 0x0000026f75d8e5f0,
0x0000026f771dd110, 0x0000026f77367e00, 0x0000026f77682f20, 0x0000026f77684290,
0x0000026f77b6c320, 0x0000026f777a8af0, 0x0000026f777a9000, 0x0000026f777a80d0,
0x0000026f777a9510, 0x0000026f777a76b0, 0x0000026f777a9f30, 0x0000026f777a85e0,
0x0000026f777aa440, 0x0000026f777a9a20, 0x0000026f777a71a0, 0x0000026f795624b0,
0x0000026f79560650, 0x0000026f79561580, 0x0000026f7955f210, 0x0000026f79561a90,
0x0000026f79561fa0, 0x0000026f795629c0, 0x0000026f79562ed0, 0x0000026f79561070,
0x0000026f7955f720, 0x0000026f795633e0, 0x0000026f795638f0, 0x0000026f79565c60,
0x0000026f79565750, 0x0000026f79566680, 0x0000026f79566b90, 0x0000026f79563e00,
0x0000026f79564310, 0x0000026f79564d30, 0x0000026f79564820, 0x0000026f79565240,
0x0000026f777a6c90, 0x0000026f79d6d630, 0x0000026f79d6e050, 0x0000026f79d6e560,
0x0000026f79d6feb0, 0x0000026f79d6c700, 0x0000026f79d6ea70, 0x0000026f79d6f490,
0x0000026f79d6d120, 0x0000026f79d6f9a0, 0x0000026f79d703c0, 0x0000026f79d6ef80,
0x0000026f7e6d4010, 0x0000026f79d71d10, 0x0000026f79d71800, 0x0000026f79d712f0,
0x0000026f79d72220, 0x0000026f79d72730, 0x0000026f79d72c40, 0x0000026f79d74080,
0x0000026f79d73150, 0x0000026f777a7bc0
}

Java Threads: ( => current thread )
  0x0000026f5c9fa2f0 JavaThread "main" [_thread_blocked, id=6352, stack(0x000000d074100000,0x000000d074200000)]
  0x0000026f70885020 JavaThread "Reference Handler" daemon [_thread_blocked, id=3968, stack(0x000000d074400000,0x000000d074500000)]
  0x0000026f708858f0 JavaThread "Finalizer" daemon [_thread_blocked, id=17428, stack(0x000000d074500000,0x000000d074600000)]
  0x0000026f7088b2f0 JavaThread "Signal Dispatcher" daemon [_thread_blocked, id=21072, stack(0x000000d074600000,0x000000d074700000)]
  0x0000026f7088bbc0 JavaThread "Attach Listener" daemon [_thread_blocked, id=9568, stack(0x000000d074700000,0x000000d074800000)]
  0x0000026f759f8b80 JavaThread "Service Thread" daemon [_thread_blocked, id=18520, stack(0x000000d074800000,0x000000d074900000)]
  0x0000026f759fc770 JavaThread "Monitor Deflation Thread" daemon [_thread_blocked, id=15020, stack(0x000000d074900000,0x000000d074a00000)]
  0x0000026f759ff1f0 JavaThread "C2 CompilerThread0" daemon [_thread_blocked, id=17512, stack(0x000000d074a00000,0x000000d074b00000)]
  0x0000026f75a152a0 JavaThread "C1 CompilerThread0" daemon [_thread_blocked, id=17424, stack(0x000000d074b00000,0x000000d074c00000)]
  0x0000026f75a16350 JavaThread "Sweeper thread" daemon [_thread_blocked, id=12932, stack(0x000000d074c00000,0x000000d074d00000)]
  0x0000026f75b32410 JavaThread "Common-Cleaner" daemon [_thread_blocked, id=628, stack(0x000000d074d00000,0x000000d074e00000)]
  0x0000026f75d8e5f0 JavaThread "Notification Thread" daemon [_thread_blocked, id=20972, stack(0x000000d074f00000,0x000000d075000000)]
  0x0000026f771dd110 JavaThread "Active Thread: Equinox Container: 866d336f-2ca7-4f8d-9c3e-dcab8f5df143" [_thread_blocked, id=23900, stack(0x000000d075800000,0x000000d075900000)]
  0x0000026f77367e00 JavaThread "Refresh Thread: Equinox Container: 866d336f-2ca7-4f8d-9c3e-dcab8f5df143" daemon [_thread_blocked, id=22760, stack(0x000000d075900000,0x000000d075a00000)]
  0x0000026f77682f20 JavaThread "Framework Event Dispatcher: Equinox Container: 866d336f-2ca7-4f8d-9c3e-dcab8f5df143" daemon [_thread_blocked, id=22404, stack(0x000000d075a00000,0x000000d075b00000)]
  0x0000026f77684290 JavaThread "Start Level: Equinox Container: 866d336f-2ca7-4f8d-9c3e-dcab8f5df143" daemon [_thread_blocked, id=21756, stack(0x000000d075b00000,0x000000d075c00000)]
  0x0000026f77b6c320 JavaThread "Bundle File Closer" daemon [_thread_blocked, id=23404, stack(0x000000d075d00000,0x000000d075e00000)]
  0x0000026f777a8af0 JavaThread "SCR Component Actor" daemon [_thread_blocked, id=7788, stack(0x000000d075e00000,0x000000d075f00000)]
  0x0000026f777a9000 JavaThread "Worker-JM" [_thread_blocked, id=11896, stack(0x000000d076000000,0x000000d076100000)]
  0x0000026f777a80d0 JavaThread "JNA Cleaner" daemon [_thread_blocked, id=19736, stack(0x000000d076100000,0x000000d076200000)]
  0x0000026f777a9510 JavaThread "Worker-0" [_thread_blocked, id=1088, stack(0x000000d076200000,0x000000d076300000)]
  0x0000026f777a76b0 JavaThread "Worker-1" [_thread_blocked, id=14640, stack(0x000000d076300000,0x000000d076400000)]
  0x0000026f777a9f30 JavaThread "Worker-2" [_thread_blocked, id=15016, stack(0x000000d076400000,0x000000d076500000)]
  0x0000026f777a85e0 JavaThread "Java indexing" daemon [_thread_blocked, id=9132, stack(0x000000d075100000,0x000000d075200000)]
  0x0000026f777aa440 JavaThread "Thread-2" daemon [_thread_in_native, id=16108, stack(0x000000d076800000,0x000000d076900000)]
  0x0000026f777a9a20 JavaThread "Thread-3" daemon [_thread_in_native, id=19256, stack(0x000000d076900000,0x000000d076a00000)]
  0x0000026f777a71a0 JavaThread "Thread-4" daemon [_thread_in_native, id=16768, stack(0x000000d076a00000,0x000000d076b00000)]
  0x0000026f795624b0 JavaThread "Thread-5" daemon [_thread_in_native, id=9908, stack(0x000000d076b00000,0x000000d076c00000)]
  0x0000026f79560650 JavaThread "Thread-6" daemon [_thread_in_native, id=19504, stack(0x000000d076c00000,0x000000d076d00000)]
  0x0000026f79561580 JavaThread "Thread-7" daemon [_thread_in_native, id=22652, stack(0x000000d076d00000,0x000000d076e00000)]
  0x0000026f7955f210 JavaThread "Thread-8" daemon [_thread_in_native, id=19612, stack(0x000000d076e00000,0x000000d076f00000)]
  0x0000026f79561a90 JavaThread "Thread-9" daemon [_thread_in_native, id=16488, stack(0x000000d076f00000,0x000000d077000000)]
  0x0000026f79561fa0 JavaThread "Thread-10" daemon [_thread_in_native, id=23668, stack(0x000000d077000000,0x000000d077100000)]
  0x0000026f795629c0 JavaThread "pool-2-thread-1" [_thread_blocked, id=12520, stack(0x000000d077100000,0x000000d077200000)]
  0x0000026f79562ed0 JavaThread "Worker-3: Java indexing... " [_thread_blocked, id=19048, stack(0x000000d077200000,0x000000d077300000)]
  0x0000026f79561070 JavaThread "Worker-4" [_thread_blocked, id=14240, stack(0x000000d077300000,0x000000d077400000)]
  0x0000026f7955f720 JavaThread "Worker-5" [_thread_blocked, id=9540, stack(0x000000d077400000,0x000000d077500000)]
  0x0000026f795633e0 JavaThread "WorkspaceEventsHandler" [_thread_blocked, id=14936, stack(0x000000d077500000,0x000000d077600000)]
  0x0000026f795638f0 JavaThread "pool-1-thread-1" [_thread_blocked, id=22752, stack(0x000000d077600000,0x000000d077700000)]
  0x0000026f79565c60 JavaThread "LocalFile Deleter" daemon [_thread_blocked, id=2972, stack(0x000000d077700000,0x000000d077800000)]
  0x0000026f79565750 JavaThread "LocalFile Deleter" daemon [_thread_blocked, id=11204, stack(0x000000d077800000,0x000000d077900000)]
  0x0000026f79566680 JavaThread "LocalFile Deleter" daemon [_thread_blocked, id=10188, stack(0x000000d077900000,0x000000d077a00000)]
  0x0000026f79566b90 JavaThread "LocalFile Deleter" daemon [_thread_blocked, id=2040, stack(0x000000d077a00000,0x000000d077b00000)]
  0x0000026f79563e00 JavaThread "LocalFile Deleter" daemon [_thread_blocked, id=14028, stack(0x000000d077b00000,0x000000d077c00000)]
  0x0000026f79564310 JavaThread "LocalFile Deleter" daemon [_thread_blocked, id=17016, stack(0x000000d077c00000,0x000000d077d00000)]
  0x0000026f79564d30 JavaThread "LocalFile Deleter" daemon [_thread_blocked, id=23416, stack(0x000000d077d00000,0x000000d077e00000)]
  0x0000026f79564820 JavaThread "LocalFile Deleter" daemon [_thread_blocked, id=20004, stack(0x000000d077e00000,0x000000d077f00000)]
  0x0000026f79565240 JavaThread "Compiler Source File Reader" daemon [_thread_blocked, id=12488, stack(0x000000d077f00000,0x000000d078000000)]
  0x0000026f777a6c90 JavaThread "Compiler Source File Reader" daemon [_thread_blocked, id=23916, stack(0x000000d078000000,0x000000d078100000)]
  0x0000026f79d6d630 JavaThread "Compiler Source File Reader" daemon [_thread_blocked, id=22980, stack(0x000000d078100000,0x000000d078200000)]
  0x0000026f79d6e050 JavaThread "Compiler Source File Reader" daemon [_thread_blocked, id=22380, stack(0x000000d078200000,0x000000d078300000)]
  0x0000026f79d6e560 JavaThread "Compiler Source File Reader" daemon [_thread_blocked, id=20692, stack(0x000000d078300000,0x000000d078400000)]
  0x0000026f79d6feb0 JavaThread "Compiler Source File Reader" daemon [_thread_blocked, id=15656, stack(0x000000d078400000,0x000000d078500000)]
  0x0000026f79d6c700 JavaThread "Compiler Processing Task" daemon [_thread_blocked, id=2564, stack(0x000000d078500000,0x000000d078600000)]
  0x0000026f79d6ea70 JavaThread "Compiler Class File Writer" daemon [_thread_blocked, id=20980, stack(0x000000d075f00000,0x000000d076000000)]
  0x0000026f79d6f490 JavaThread "Compiler Class File Writer" daemon [_thread_blocked, id=6672, stack(0x000000d078600000,0x000000d078700000)]
  0x0000026f79d6d120 JavaThread "Compiler Class File Writer" daemon [_thread_blocked, id=12040, stack(0x000000d078700000,0x000000d078800000)]
  0x0000026f79d6f9a0 JavaThread "Compiler Class File Writer" daemon [_thread_blocked, id=8620, stack(0x000000d078800000,0x000000d078900000)]
  0x0000026f79d703c0 JavaThread "Compiler Class File Writer" daemon [_thread_blocked, id=16960, stack(0x000000d078900000,0x000000d078a00000)]
  0x0000026f79d6ef80 JavaThread "Compiler Class File Writer" daemon [_thread_blocked, id=19700, stack(0x000000d078a00000,0x000000d078b00000)]
=>0x0000026f7e6d4010 JavaThread "C2 CompilerThread1" daemon [_thread_in_native, id=8532, stack(0x000000d074e00000,0x000000d074f00000)]
  0x0000026f79d71d10 JavaThread "ForkJoinPool.commonPool-worker-1" daemon [_thread_blocked, id=17976, stack(0x000000d076500000,0x000000d076600000)]
  0x0000026f79d71800 JavaThread "ForkJoinPool.commonPool-worker-2" daemon [_thread_blocked, id=19388, stack(0x000000d078b00000,0x000000d078c00000)]
  0x0000026f79d712f0 JavaThread "ForkJoinPool.commonPool-worker-3" daemon [_thread_blocked, id=12452, stack(0x000000d078c00000,0x000000d078d00000)]
  0x0000026f79d72220 JavaThread "Worker-6: Check JDK Index" [_thread_blocked, id=15720, stack(0x000000d078d00000,0x000000d078e00000)]
  0x0000026f79d72730 JavaThread "ForkJoinPool.commonPool-worker-4" daemon [_thread_blocked, id=10720, stack(0x000000d078e00000,0x000000d078f00000)]
  0x0000026f79d72c40 JavaThread "ForkJoinPool.commonPool-worker-5" daemon [_thread_blocked, id=14000, stack(0x000000d078f00000,0x000000d079000000)]
  0x0000026f79d74080 JavaThread "ForkJoinPool.commonPool-worker-6" daemon [_thread_blocked, id=2532, stack(0x000000d079000000,0x000000d079100000)]
  0x0000026f79d73150 JavaThread "ForkJoinPool.commonPool-worker-7" daemon [_thread_blocked, id=15464, stack(0x000000d079200000,0x000000d079300000)]
  0x0000026f777a7bc0 JavaThread "Cleaner-0" daemon [_thread_blocked, id=3900, stack(0x000000d079300000,0x000000d079400000)]

Other Threads:
  0x0000026f707777f0 VMThread "VM Thread" [stack: 0x000000d074300000,0x000000d074400000] [id=20452]
  0x0000026f76be0aa0 WatcherThread [stack: 0x000000d075000000,0x000000d075100000] [id=16876]
  0x0000026f5ca0f670 GCTaskThread "GC Thread#0" [stack: 0x000000d074200000,0x000000d074300000] [id=17028]
  0x0000026f771b7c20 GCTaskThread "GC Thread#1" [stack: 0x000000d075200000,0x000000d075300000] [id=22220]
  0x0000026f770e9020 GCTaskThread "GC Thread#2" [stack: 0x000000d075300000,0x000000d075400000] [id=19392]
  0x0000026f76f07460 GCTaskThread "GC Thread#3" [stack: 0x000000d075400000,0x000000d075500000] [id=21448]
  0x0000026f76f07720 GCTaskThread "GC Thread#4" [stack: 0x000000d075500000,0x000000d075600000] [id=4712]
  0x0000026f77301750 GCTaskThread "GC Thread#5" [stack: 0x000000d075600000,0x000000d075700000] [id=10736]
  0x0000026f77301c20 GCTaskThread "GC Thread#6" [stack: 0x000000d075700000,0x000000d075800000] [id=10984]
  0x0000026f776c8e60 GCTaskThread "GC Thread#7" [stack: 0x000000d075c00000,0x000000d075d00000] [id=22492]

Threads with active compile tasks:
C2 CompilerThread0    24100 13146       4       org.eclipse.jdt.internal.compiler.classfmt.FieldInfo::getName (49 bytes)
C2 CompilerThread1    24100 13137 % !   4       org.eclipse.jdt.internal.core.search.indexing.BinaryIndexer::indexDocument @ 595 (1157 bytes)

VM state: at safepoint (normal execution)

VM Mutex/Monitor currently owned by a thread:  ([mutex/lock_event])
[0x0000026f5c9f7100] Threads_lock - owner thread: 0x0000026f707777f0
[0x0000026f5c9f6f50] Heap_lock - owner thread: 0x0000026f777a85e0

Heap address: 0x00000000c0000000, size: 1024 MB, Compressed Oops mode: 32-bit

CDS archive(s) not mapped
Compressed class space mapped at: 0x0000000100000000-0x0000000140000000, reserved size: 1073741824
Narrow klass base: 0x0000000000000000, Narrow klass shift: 3, Narrow klass range: 0x140000000

GC Precious Log:
 CPUs: 8 total, 8 available
 Memory: 7834M
 Large Page Support: Disabled
 NUMA Support: Disabled
 Compressed Oops: Enabled (32-bit)
 Alignments: Space 512K, Generation 512K, Heap 2M
 Heap Min Capacity: 100M
 Heap Initial Capacity: 100M
 Heap Max Capacity: 1G
 Pre-touch: Disabled
 Parallel Workers: 8

Heap:
 PSYoungGen      total 73216K, used 27119K [0x00000000eab00000, 0x00000000f1000000, 0x0000000100000000)
  eden space 46080K, 0% used [0x00000000eab00000,0x00000000eab00000,0x00000000ed800000)
  from space 27136K, 99% used [0x00000000ef580000,0x00000000f0ffbc38,0x00000000f1000000)
  to   space 27648K, 0% used [0x00000000ed800000,0x00000000ed800000,0x00000000ef300000)
 ParOldGen       total 392192K, used 348150K [0x00000000c0000000, 0x00000000d7f00000, 0x00000000eab00000)
  object space 392192K, 88% used [0x00000000c0000000,0x00000000d53fdbb8,0x00000000d7f00000)
 Metaspace       used 78109K, committed 79552K, reserved 1179648K
  class space    used 8120K, committed 8768K, reserved 1048576K

Card table byte_map: [0x0000026f5c3a0000,0x0000026f5c5b0000] _byte_map_base: 0x0000026f5bda0000

Marking Bits: (ParMarkBitMap*) 0x00007fff20ae6940
 Begin Bits: [0x0000026f6e690000, 0x0000026f6f690000)
 End Bits:   [0x0000026f6f690000, 0x0000026f70690000)

Polling page: 0x0000026f5a9d0000

Metaspace:

Usage:
  Non-class:     68.35 MB used.
      Class:      7.93 MB used.
       Both:     76.28 MB used.

Virtual space:
  Non-class space:      128.00 MB reserved,      69.12 MB ( 54%) committed,  2 nodes.
      Class space:        1.00 GB reserved,       8.56 MB ( <1%) committed,  1 nodes.
             Both:        1.12 GB reserved,      77.69 MB (  7%) committed. 

Chunk freelists:
   Non-Class:  10.66 MB
       Class:  7.41 MB
        Both:  18.06 MB

MaxMetaspaceSize: unlimited
CompressedClassSpaceSize: 1.00 GB
Initial GC threshold: 21.00 MB
Current GC threshold: 119.62 MB
CDS: off
MetaspaceReclaimPolicy: balanced
 - commit_granule_bytes: 65536.
 - commit_granule_words: 8192.
 - virtual_space_node_default_size: 8388608.
 - enlarge_chunks_in_place: 1.
 - new_chunks_are_fully_committed: 0.
 - uncommit_free_chunks: 1.
 - use_allocation_guard: 0.
 - handle_deallocations: 1.


Internal statistics:

num_allocs_failed_limit: 9.
num_arena_births: 1130.
num_arena_deaths: 30.
num_vsnodes_births: 3.
num_vsnodes_deaths: 0.
num_space_committed: 1243.
num_space_uncommitted: 0.
num_chunks_returned_to_freelist: 46.
num_chunks_taken_from_freelist: 4567.
num_chunk_merges: 20.
num_chunk_splits: 2791.
num_chunks_enlarged: 1514.
num_inconsistent_stats: 0.

CodeHeap 'non-profiled nmethods': size=120000Kb used=8335Kb max_used=8335Kb free=111664Kb
 bounds [0x0000026f67160000, 0x0000026f67990000, 0x0000026f6e690000]
CodeHeap 'profiled nmethods': size=120000Kb used=22342Kb max_used=22342Kb free=97657Kb
 bounds [0x0000026f5f690000, 0x0000026f60c70000, 0x0000026f66bc0000]
CodeHeap 'non-nmethods': size=5760Kb used=1415Kb max_used=1502Kb free=4345Kb
 bounds [0x0000026f66bc0000, 0x0000026f66e30000, 0x0000026f67160000]
 total_blobs=11628 nmethods=10865 adapters=676
 compilation: enabled
              stopped_count=0, restarted_count=0
 full_count=0

Compilation events (20 events):
Event: 22.767 Thread 0x0000026f75a152a0 13141       2       org.eclipse.jdt.internal.compiler.util.Util::scanTypeArgumentSignatures (73 bytes)
Event: 22.768 Thread 0x0000026f75a152a0 nmethod 13141 0x0000026f60c5f590 code [0x0000026f60c5f7c0, 0x0000026f60c5fdb8]
Event: 22.817 Thread 0x0000026f759ff1f0 nmethod 12886 0x0000026f67970510 code [0x0000026f67970de0, 0x0000026f67973eb0]
Event: 22.818 Thread 0x0000026f759ff1f0 13142       4       org.eclipse.core.runtime.Path::toString (210 bytes)
Event: 22.834 Thread 0x0000026f759ff1f0 nmethod 13142 0x0000026f67975f10 code [0x0000026f67976100, 0x0000026f679771b8]
Event: 22.834 Thread 0x0000026f759ff1f0 12647       4       lombok.core.configuration.BubblingConfigurationResolver::resolve (432 bytes)
Event: 22.863 Thread 0x0000026f759ff1f0 nmethod 12647 0x0000026f67977c10 code [0x0000026f67977e60, 0x0000026f67979570]
Event: 22.863 Thread 0x0000026f759ff1f0 12762       4       org.eclipse.jdt.internal.compiler.codegen.ConstantPool::literalIndex (400 bytes)
Event: 22.877 Thread 0x0000026f75a152a0 13143       2       org.eclipse.core.internal.jobs.InternalJob::remove (48 bytes)
Event: 22.878 Thread 0x0000026f75a152a0 nmethod 13143 0x0000026f60c60190 code [0x0000026f60c60320, 0x0000026f60c604b8]
Event: 22.889 Thread 0x0000026f75a152a0 13145       3       org.eclipse.jdt.internal.compiler.classfmt.MethodInfo::createMethod (710 bytes)
Event: 22.892 Thread 0x0000026f75a152a0 nmethod 13145 0x0000026f60c60590 code [0x0000026f60c60a60, 0x0000026f60c638d8]
Event: 22.894 Thread 0x0000026f759ff1f0 nmethod 12762 0x0000026f6797ad10 code [0x0000026f6797af20, 0x0000026f6797c228]
Event: 22.894 Thread 0x0000026f759ff1f0 12509       4       org.eclipse.jdt.internal.core.util.HashtableOfArrayToObject::get (69 bytes)
Event: 22.907 Thread 0x0000026f759ff1f0 nmethod 12509 0x0000026f6797cd90 code [0x0000026f6797cf40, 0x0000026f6797d678]
Event: 22.907 Thread 0x0000026f759ff1f0 12616       4       org.eclipse.jdt.internal.compiler.lookup.BinaryTypeBinding::createAnnotations (59 bytes)
Event: 22.994 Thread 0x0000026f759ff1f0 nmethod 12616 0x0000026f6797db90 code [0x0000026f6797df00, 0x0000026f67980b48]
Event: 22.994 Thread 0x0000026f759ff1f0 13147       4       java.util.WeakHashMap::remove (131 bytes)
Event: 23.005 Thread 0x0000026f759ff1f0 nmethod 13147 0x0000026f67982990 code [0x0000026f67982b40, 0x0000026f67983638]
Event: 23.005 Thread 0x0000026f759ff1f0 13146       4       org.eclipse.jdt.internal.compiler.classfmt.FieldInfo::getName (49 bytes)

GC Heap History (20 events):
Event: 21.149 GC heap after
{Heap after GC invocations=190 (full 10):
 PSYoungGen      total 46592K, used 14519K [0x00000000eab00000, 0x00000000ee980000, 0x0000000100000000)
  eden space 31744K, 0% used [0x00000000eab00000,0x00000000eab00000,0x00000000eca00000)
  from space 14848K, 97% used [0x00000000ed880000,0x00000000ee6adea8,0x00000000ee700000)
  to   space 14848K, 0% used [0x00000000eca00000,0x00000000eca00000,0x00000000ed880000)
 ParOldGen       total 392192K, used 325853K [0x00000000c0000000, 0x00000000d7f00000, 0x00000000eab00000)
  object space 392192K, 83% used [0x00000000c0000000,0x00000000d3e37600,0x00000000d7f00000)
 Metaspace       used 74387K, committed 75712K, reserved 1179648K
  class space    used 7675K, committed 8256K, reserved 1048576K
}
Event: 21.270 GC heap before
{Heap before GC invocations=191 (full 10):
 PSYoungGen      total 46592K, used 46263K [0x00000000eab00000, 0x00000000ee980000, 0x0000000100000000)
  eden space 31744K, 100% used [0x00000000eab00000,0x00000000eca00000,0x00000000eca00000)
  from space 14848K, 97% used [0x00000000ed880000,0x00000000ee6adea8,0x00000000ee700000)
  to   space 14848K, 0% used [0x00000000eca00000,0x00000000eca00000,0x00000000ed880000)
 ParOldGen       total 392192K, used 325853K [0x00000000c0000000, 0x00000000d7f00000, 0x00000000eab00000)
  object space 392192K, 83% used [0x00000000c0000000,0x00000000d3e37600,0x00000000d7f00000)
 Metaspace       used 74399K, committed 75712K, reserved 1179648K
  class space    used 7676K, committed 8256K, reserved 1048576K
}
Event: 21.282 GC heap after
{Heap after GC invocations=191 (full 10):
 PSYoungGen      total 46592K, used 14817K [0x00000000eab00000, 0x00000000ef180000, 0x0000000100000000)
  eden space 31744K, 0% used [0x00000000eab00000,0x00000000eab00000,0x00000000eca00000)
  from space 14848K, 99% used [0x00000000eca00000,0x00000000ed878588,0x00000000ed880000)
  to   space 18944K, 0% used [0x00000000edf00000,0x00000000edf00000,0x00000000ef180000)
 ParOldGen       total 392192K, used 328946K [0x00000000c0000000, 0x00000000d7f00000, 0x00000000eab00000)
  object space 392192K, 83% used [0x00000000c0000000,0x00000000d413c808,0x00000000d7f00000)
 Metaspace       used 74399K, committed 75712K, reserved 1179648K
  class space    used 7676K, committed 8256K, reserved 1048576K
}
Event: 21.410 GC heap before
{Heap before GC invocations=192 (full 10):
 PSYoungGen      total 46592K, used 46561K [0x00000000eab00000, 0x00000000ef180000, 0x0000000100000000)
  eden space 31744K, 100% used [0x00000000eab00000,0x00000000eca00000,0x00000000eca00000)
  from space 14848K, 99% used [0x00000000eca00000,0x00000000ed878588,0x00000000ed880000)
  to   space 18944K, 0% used [0x00000000edf00000,0x00000000edf00000,0x00000000ef180000)
 ParOldGen       total 392192K, used 328946K [0x00000000c0000000, 0x00000000d7f00000, 0x00000000eab00000)
  object space 392192K, 83% used [0x00000000c0000000,0x00000000d413c808,0x00000000d7f00000)
 Metaspace       used 74599K, committed 75904K, reserved 1179648K
  class space    used 7700K, committed 8256K, reserved 1048576K
}
Event: 21.422 GC heap after
{Heap after GC invocations=192 (full 10):
 PSYoungGen      total 53248K, used 18279K [0x00000000eab00000, 0x00000000ef180000, 0x0000000100000000)
  eden space 34304K, 0% used [0x00000000eab00000,0x00000000eab00000,0x00000000ecc80000)
  from space 18944K, 96% used [0x00000000edf00000,0x00000000ef0d9ea8,0x00000000ef180000)
  to   space 18944K, 0% used [0x00000000ecc80000,0x00000000ecc80000,0x00000000edf00000)
 ParOldGen       total 392192K, used 329282K [0x00000000c0000000, 0x00000000d7f00000, 0x00000000eab00000)
  object space 392192K, 83% used [0x00000000c0000000,0x00000000d4190808,0x00000000d7f00000)
 Metaspace       used 74599K, committed 75904K, reserved 1179648K
  class space    used 7700K, committed 8256K, reserved 1048576K
}
Event: 21.584 GC heap before
{Heap before GC invocations=193 (full 10):
 PSYoungGen      total 53248K, used 52583K [0x00000000eab00000, 0x00000000ef180000, 0x0000000100000000)
  eden space 34304K, 100% used [0x00000000eab00000,0x00000000ecc80000,0x00000000ecc80000)
  from space 18944K, 96% used [0x00000000edf00000,0x00000000ef0d9ea8,0x00000000ef180000)
  to   space 18944K, 0% used [0x00000000ecc80000,0x00000000ecc80000,0x00000000edf00000)
 ParOldGen       total 392192K, used 329282K [0x00000000c0000000, 0x00000000d7f00000, 0x00000000eab00000)
  object space 392192K, 83% used [0x00000000c0000000,0x00000000d4190808,0x00000000d7f00000)
 Metaspace       used 75185K, committed 76480K, reserved 1179648K
  class space    used 7756K, committed 8320K, reserved 1048576K
}
Event: 21.599 GC heap after
{Heap after GC invocations=193 (full 10):
 PSYoungGen      total 53248K, used 18924K [0x00000000eab00000, 0x00000000efb80000, 0x0000000100000000)
  eden space 34304K, 0% used [0x00000000eab00000,0x00000000eab00000,0x00000000ecc80000)
  from space 18944K, 99% used [0x00000000ecc80000,0x00000000edefb2c0,0x00000000edf00000)
  to   space 22528K, 0% used [0x00000000ee580000,0x00000000ee580000,0x00000000efb80000)
 ParOldGen       total 392192K, used 331931K [0x00000000c0000000, 0x00000000d7f00000, 0x00000000eab00000)
  object space 392192K, 84% used [0x00000000c0000000,0x00000000d4426c90,0x00000000d7f00000)
 Metaspace       used 75185K, committed 76480K, reserved 1179648K
  class space    used 7756K, committed 8320K, reserved 1048576K
}
Event: 21.695 GC heap before
{Heap before GC invocations=194 (full 10):
 PSYoungGen      total 53248K, used 53228K [0x00000000eab00000, 0x00000000efb80000, 0x0000000100000000)
  eden space 34304K, 100% used [0x00000000eab00000,0x00000000ecc80000,0x00000000ecc80000)
  from space 18944K, 99% used [0x00000000ecc80000,0x00000000edefb2c0,0x00000000edf00000)
  to   space 22528K, 0% used [0x00000000ee580000,0x00000000ee580000,0x00000000efb80000)
 ParOldGen       total 392192K, used 331931K [0x00000000c0000000, 0x00000000d7f00000, 0x00000000eab00000)
  object space 392192K, 84% used [0x00000000c0000000,0x00000000d4426c90,0x00000000d7f00000)
 Metaspace       used 76067K, committed 77376K, reserved 1179648K
  class space    used 7852K, committed 8448K, reserved 1048576K
}
Event: 21.713 GC heap after
{Heap after GC invocations=194 (full 10):
 PSYoungGen      total 58368K, used 20413K [0x00000000eab00000, 0x00000000ef980000, 0x0000000100000000)
  eden space 37888K, 0% used [0x00000000eab00000,0x00000000eab00000,0x00000000ed000000)
  from space 20480K, 99% used [0x00000000ee580000,0x00000000ef96f6c8,0x00000000ef980000)
  to   space 20992K, 0% used [0x00000000ed080000,0x00000000ed080000,0x00000000ee500000)
 ParOldGen       total 392192K, used 334457K [0x00000000c0000000, 0x00000000d7f00000, 0x00000000eab00000)
  object space 392192K, 85% used [0x00000000c0000000,0x00000000d469e708,0x00000000d7f00000)
 Metaspace       used 76067K, committed 77376K, reserved 1179648K
  class space    used 7852K, committed 8448K, reserved 1048576K
}
Event: 21.805 GC heap before
{Heap before GC invocations=195 (full 10):
 PSYoungGen      total 58368K, used 58301K [0x00000000eab00000, 0x00000000ef980000, 0x0000000100000000)
  eden space 37888K, 100% used [0x00000000eab00000,0x00000000ed000000,0x00000000ed000000)
  from space 20480K, 99% used [0x00000000ee580000,0x00000000ef96f6c8,0x00000000ef980000)
  to   space 20992K, 0% used [0x00000000ed080000,0x00000000ed080000,0x00000000ee500000)
 ParOldGen       total 392192K, used 334457K [0x00000000c0000000, 0x00000000d7f00000, 0x00000000eab00000)
  object space 392192K, 85% used [0x00000000c0000000,0x00000000d469e708,0x00000000d7f00000)
 Metaspace       used 76948K, committed 78272K, reserved 1179648K
  class space    used 7936K, committed 8512K, reserved 1048576K
}
Event: 21.819 GC heap after
{Heap after GC invocations=195 (full 10):
 PSYoungGen      total 59392K, used 20969K [0x00000000eab00000, 0x00000000f0480000, 0x0000000100000000)
  eden space 38400K, 0% used [0x00000000eab00000,0x00000000eab00000,0x00000000ed080000)
  from space 20992K, 99% used [0x00000000ed080000,0x00000000ee4fa640,0x00000000ee500000)
  to   space 25088K, 0% used [0x00000000eec00000,0x00000000eec00000,0x00000000f0480000)
 ParOldGen       total 392192K, used 337695K [0x00000000c0000000, 0x00000000d7f00000, 0x00000000eab00000)
  object space 392192K, 86% used [0x00000000c0000000,0x00000000d49c7d20,0x00000000d7f00000)
 Metaspace       used 76948K, committed 78272K, reserved 1179648K
  class space    used 7936K, committed 8512K, reserved 1048576K
}
Event: 21.918 GC heap before
{Heap before GC invocations=196 (full 10):
 PSYoungGen      total 59392K, used 59369K [0x00000000eab00000, 0x00000000f0480000, 0x0000000100000000)
  eden space 38400K, 100% used [0x00000000eab00000,0x00000000ed080000,0x00000000ed080000)
  from space 20992K, 99% used [0x00000000ed080000,0x00000000ee4fa640,0x00000000ee500000)
  to   space 25088K, 0% used [0x00000000eec00000,0x00000000eec00000,0x00000000f0480000)
 ParOldGen       total 392192K, used 337695K [0x00000000c0000000, 0x00000000d7f00000, 0x00000000eab00000)
  object space 392192K, 86% used [0x00000000c0000000,0x00000000d49c7d20,0x00000000d7f00000)
 Metaspace       used 77929K, committed 79296K, reserved 1179648K
  class space    used 8101K, committed 8704K, reserved 1048576K
}
Event: 21.934 GC heap after
{Heap after GC invocations=196 (full 10):
 PSYoungGen      total 66048K, used 24957K [0x00000000eab00000, 0x00000000f0600000, 0x0000000100000000)
  eden space 40960K, 0% used [0x00000000eab00000,0x00000000eab00000,0x00000000ed300000)
  from space 25088K, 99% used [0x00000000eec00000,0x00000000f045f6c8,0x00000000f0480000)
  to   space 25600K, 0% used [0x00000000ed300000,0x00000000ed300000,0x00000000eec00000)
 ParOldGen       total 392192K, used 337807K [0x00000000c0000000, 0x00000000d7f00000, 0x00000000eab00000)
  object space 392192K, 86% used [0x00000000c0000000,0x00000000d49e3d20,0x00000000d7f00000)
 Metaspace       used 77929K, committed 79296K, reserved 1179648K
  class space    used 8101K, committed 8704K, reserved 1048576K
}
Event: 22.059 GC heap before
{Heap before GC invocations=197 (full 10):
 PSYoungGen      total 66048K, used 65917K [0x00000000eab00000, 0x00000000f0600000, 0x0000000100000000)
  eden space 40960K, 100% used [0x00000000eab00000,0x00000000ed300000,0x00000000ed300000)
  from space 25088K, 99% used [0x00000000eec00000,0x00000000f045f6c8,0x00000000f0480000)
  to   space 25600K, 0% used [0x00000000ed300000,0x00000000ed300000,0x00000000eec00000)
 ParOldGen       total 392192K, used 337807K [0x00000000c0000000, 0x00000000d7f00000, 0x00000000eab00000)
  object space 392192K, 86% used [0x00000000c0000000,0x00000000d49e3d20,0x00000000d7f00000)
 Metaspace       used 78102K, committed 79552K, reserved 1179648K
  class space    used 8120K, committed 8768K, reserved 1048576K
}
Event: 22.075 GC heap after
{Heap after GC invocations=197 (full 10):
 PSYoungGen      total 66560K, used 25597K [0x00000000eab00000, 0x00000000f1100000, 0x0000000100000000)
  eden space 40960K, 0% used [0x00000000eab00000,0x00000000eab00000,0x00000000ed300000)
  from space 25600K, 99% used [0x00000000ed300000,0x00000000eebff6a8,0x00000000eec00000)
  to   space 29696K, 0% used [0x00000000ef400000,0x00000000ef400000,0x00000000f1100000)
 ParOldGen       total 392192K, used 341023K [0x00000000c0000000, 0x00000000d7f00000, 0x00000000eab00000)
  object space 392192K, 86% used [0x00000000c0000000,0x00000000d4d07f60,0x00000000d7f00000)
 Metaspace       used 78102K, committed 79552K, reserved 1179648K
  class space    used 8120K, committed 8768K, reserved 1048576K
}
Event: 22.210 GC heap before
{Heap before GC invocations=198 (full 10):
 PSYoungGen      total 66560K, used 66557K [0x00000000eab00000, 0x00000000f1100000, 0x0000000100000000)
  eden space 40960K, 100% used [0x00000000eab00000,0x00000000ed300000,0x00000000ed300000)
  from space 25600K, 99% used [0x00000000ed300000,0x00000000eebff6a8,0x00000000eec00000)
  to   space 29696K, 0% used [0x00000000ef400000,0x00000000ef400000,0x00000000f1100000)
 ParOldGen       total 392192K, used 341023K [0x00000000c0000000, 0x00000000d7f00000, 0x00000000eab00000)
  object space 392192K, 86% used [0x00000000c0000000,0x00000000d4d07f60,0x00000000d7f00000)
 Metaspace       used 78102K, committed 79552K, reserved 1179648K
  class space    used 8120K, committed 8768K, reserved 1048576K
}
Event: 22.223 GC heap after
{Heap after GC invocations=198 (full 10):
 PSYoungGen      total 71680K, used 26540K [0x00000000eab00000, 0x00000000f0e00000, 0x0000000100000000)
  eden space 45056K, 0% used [0x00000000eab00000,0x00000000eab00000,0x00000000ed700000)
  from space 26624K, 99% used [0x00000000ef400000,0x00000000f0deb018,0x00000000f0e00000)
  to   space 27648K, 0% used [0x00000000ed800000,0x00000000ed800000,0x00000000ef300000)
 ParOldGen       total 392192K, used 344108K [0x00000000c0000000, 0x00000000d7f00000, 0x00000000eab00000)
  object space 392192K, 87% used [0x00000000c0000000,0x00000000d500b160,0x00000000d7f00000)
 Metaspace       used 78102K, committed 79552K, reserved 1179648K
  class space    used 8120K, committed 8768K, reserved 1048576K
}
Event: 22.801 GC heap before
{Heap before GC invocations=199 (full 10):
 PSYoungGen      total 71680K, used 71596K [0x00000000eab00000, 0x00000000f0e00000, 0x0000000100000000)
  eden space 45056K, 100% used [0x00000000eab00000,0x00000000ed700000,0x00000000ed700000)
  from space 26624K, 99% used [0x00000000ef400000,0x00000000f0deb018,0x00000000f0e00000)
  to   space 27648K, 0% used [0x00000000ed800000,0x00000000ed800000,0x00000000ef300000)
 ParOldGen       total 392192K, used 344108K [0x00000000c0000000, 0x00000000d7f00000, 0x00000000eab00000)
  object space 392192K, 87% used [0x00000000c0000000,0x00000000d500b160,0x00000000d7f00000)
 Metaspace       used 78109K, committed 79552K, reserved 1179648K
  class space    used 8120K, committed 8768K, reserved 1048576K
}
Event: 22.814 GC heap after
{Heap after GC invocations=199 (full 10):
 PSYoungGen      total 73728K, used 26868K [0x00000000eab00000, 0x00000000f1000000, 0x0000000100000000)
  eden space 46080K, 0% used [0x00000000eab00000,0x00000000eab00000,0x00000000ed800000)
  from space 27648K, 97% used [0x00000000ed800000,0x00000000ef23d030,0x00000000ef300000)
  to   space 27136K, 0% used [0x00000000ef580000,0x00000000ef580000,0x00000000f1000000)
 ParOldGen       total 392192K, used 344972K [0x00000000c0000000, 0x00000000d7f00000, 0x00000000eab00000)
  object space 392192K, 87% used [0x00000000c0000000,0x00000000d50e3168,0x00000000d7f00000)
 Metaspace       used 78109K, committed 79552K, reserved 1179648K
  class space    used 8120K, committed 8768K, reserved 1048576K
}
Event: 23.017 GC heap before
{Heap before GC invocations=200 (full 10):
 PSYoungGen      total 73728K, used 72948K [0x00000000eab00000, 0x00000000f1000000, 0x0000000100000000)
  eden space 46080K, 100% used [0x00000000eab00000,0x00000000ed800000,0x00000000ed800000)
  from space 27648K, 97% used [0x00000000ed800000,0x00000000ef23d030,0x00000000ef300000)
  to   space 27136K, 0% used [0x00000000ef580000,0x00000000ef580000,0x00000000f1000000)
 ParOldGen       total 392192K, used 344972K [0x00000000c0000000, 0x00000000d7f00000, 0x00000000eab00000)
  object space 392192K, 87% used [0x00000000c0000000,0x00000000d50e3168,0x00000000d7f00000)
 Metaspace       used 78109K, committed 79552K, reserved 1179648K
  class space    used 8120K, committed 8768K, reserved 1048576K
}

Dll operation events (10 events):
Event: 0.011 Loaded shared library c:\Users\HP\.vscode\extensions\redhat.java-1.38.0-win32-x64\jre\17.0.13-win32-x86_64\bin\java.dll
Event: 0.146 Loaded shared library c:\Users\HP\.vscode\extensions\redhat.java-1.38.0-win32-x64\jre\17.0.13-win32-x86_64\bin\zip.dll
Event: 0.150 Loaded shared library C:\Users\HP\.vscode\extensions\redhat.java-1.38.0-win32-x64\jre\17.0.13-win32-x86_64\bin\instrument.dll
Event: 0.163 Loaded shared library C:\Users\HP\.vscode\extensions\redhat.java-1.38.0-win32-x64\jre\17.0.13-win32-x86_64\bin\net.dll
Event: 0.165 Loaded shared library C:\Users\HP\.vscode\extensions\redhat.java-1.38.0-win32-x64\jre\17.0.13-win32-x86_64\bin\nio.dll
Event: 0.172 Loaded shared library C:\Users\HP\.vscode\extensions\redhat.java-1.38.0-win32-x64\jre\17.0.13-win32-x86_64\bin\zip.dll
Event: 0.188 Loaded shared library C:\Users\HP\.vscode\extensions\redhat.java-1.38.0-win32-x64\jre\17.0.13-win32-x86_64\bin\jimage.dll
Event: 0.242 Loaded shared library c:\Users\HP\.vscode\extensions\redhat.java-1.38.0-win32-x64\jre\17.0.13-win32-x86_64\bin\verify.dll
Event: 1.306 Loaded shared library C:\Users\HP\AppData\Roaming\Code\User\globalStorage\redhat.java\1.38.0\config_win\org.eclipse.equinox.launcher\org.eclipse.equinox.launcher.win32.win32.x86_64_1.2.1100.v20240722-2106\eclipse_11904.dll
Event: 2.675 Loaded shared library C:\Users\HP\AppData\Local\Temp\jna-2312\jna13605257667350217891.dll

Deoptimization events (20 events):
Event: 22.045 Thread 0x0000026f777a85e0 DEOPT PACKING pc=0x0000026f60624815 sp=0x000000d0751fe8b0
Event: 22.046 Thread 0x0000026f777a85e0 DEOPT UNPACKING pc=0x0000026f66c1a9e3 sp=0x000000d0751fde38 mode 0
Event: 22.075 Thread 0x0000026f777a85e0 DEOPT PACKING pc=0x0000026f60624815 sp=0x000000d0751fe8b0
Event: 22.075 Thread 0x0000026f777a85e0 DEOPT UNPACKING pc=0x0000026f66c1a9e3 sp=0x000000d0751fde38 mode 0
Event: 22.086 Thread 0x0000026f777a85e0 DEOPT PACKING pc=0x0000026f60624815 sp=0x000000d0751fe8b0
Event: 22.086 Thread 0x0000026f777a85e0 DEOPT UNPACKING pc=0x0000026f66c1a9e3 sp=0x000000d0751fde38 mode 0
Event: 22.097 Thread 0x0000026f777a85e0 DEOPT PACKING pc=0x0000026f60624815 sp=0x000000d0751fe8b0
Event: 22.097 Thread 0x0000026f777a85e0 DEOPT UNPACKING pc=0x0000026f66c1a9e3 sp=0x000000d0751fde38 mode 0
Event: 22.226 Thread 0x0000026f777a85e0 DEOPT PACKING pc=0x0000026f60c2ad5b sp=0x000000d0751fe940
Event: 22.226 Thread 0x0000026f777a85e0 DEOPT UNPACKING pc=0x0000026f66c1a9e3 sp=0x000000d0751fdde0 mode 0
Event: 22.227 Thread 0x0000026f777a85e0 DEOPT PACKING pc=0x0000026f60c2ad5b sp=0x000000d0751fe940
Event: 22.227 Thread 0x0000026f777a85e0 DEOPT UNPACKING pc=0x0000026f66c1a9e3 sp=0x000000d0751fdde0 mode 0
Event: 22.452 Thread 0x0000026f777a85e0 Uncommon trap: trap_request=0xffffff45 fr.pc=0x0000026f677a020c relative=0x000000000000010c
Event: 22.452 Thread 0x0000026f777a85e0 Uncommon trap: reason=unstable_if action=reinterpret pc=0x0000026f677a020c method=org.eclipse.jdt.internal.core.index.DiskIndex.writeStreamInt(Ljava/io/FileOutputStream;I)V @ 9 c2
Event: 22.452 Thread 0x0000026f777a85e0 DEOPT PACKING pc=0x0000026f677a020c sp=0x000000d0751fe8e0
Event: 22.452 Thread 0x0000026f777a85e0 DEOPT UNPACKING pc=0x0000026f66c19ea3 sp=0x000000d0751fe870 mode 2
Event: 22.888 Thread 0x0000026f777a85e0 Uncommon trap: trap_request=0xffffff45 fr.pc=0x0000026f678ecba0 relative=0x0000000000004480
Event: 22.888 Thread 0x0000026f777a85e0 Uncommon trap: reason=unstable_if action=reinterpret pc=0x0000026f678ecba0 method=org.eclipse.jdt.internal.compiler.classfmt.MethodInfo.createMethod([B[IIJ)Lorg/eclipse/jdt/internal/compiler/classfmt/MethodInfo; @ 357 c2
Event: 22.888 Thread 0x0000026f777a85e0 DEOPT PACKING pc=0x0000026f678ecba0 sp=0x000000d0751fe8c0
Event: 22.888 Thread 0x0000026f777a85e0 DEOPT UNPACKING pc=0x0000026f66c19ea3 sp=0x000000d0751fe860 mode 2

Classes loaded (20 events):
Event: 16.942 Loading class java/util/Hashtable$KeySet
Event: 16.943 Loading class java/util/Hashtable$KeySet done
Event: 17.189 Loading class java/lang/invoke/MethodHandleImpl$CountingWrapper$1
Event: 17.189 Loading class java/lang/invoke/MethodHandleImpl$CountingWrapper$1 done
Event: 17.575 Loading class java/util/regex/Pattern$1
Event: 17.575 Loading class java/util/regex/Pattern$1 done
Event: 17.628 Loading class java/lang/UnsupportedClassVersionError
Event: 17.628 Loading class java/lang/UnsupportedClassVersionError done
Event: 17.629 Loading class java/io/FileReader
Event: 17.629 Loading class java/io/FileReader done
Event: 17.645 Loading class jdk/internal/reflect/UnsafeQualifiedStaticIntegerFieldAccessorImpl
Event: 17.645 Loading class jdk/internal/reflect/UnsafeQualifiedStaticIntegerFieldAccessorImpl done
Event: 20.047 Loading class sun/nio/fs/WindowsFileCopy
Event: 20.048 Loading class sun/nio/fs/WindowsFileCopy done
Event: 21.665 Loading class java/util/stream/ReduceOps$2
Event: 21.665 Loading class java/util/stream/ReduceOps$2 done
Event: 21.665 Loading class java/util/stream/ReduceOps$2ReducingSink
Event: 21.665 Loading class java/util/stream/ReduceOps$2ReducingSink done
Event: 21.762 Loading class jdk/internal/ref/CleanerImpl$InnocuousThreadFactory
Event: 21.762 Loading class jdk/internal/ref/CleanerImpl$InnocuousThreadFactory done

Classes unloaded (15 events):
Event: 4.377 Thread 0x0000026f707777f0 Unloading class 0x0000000100258000 'java/lang/invoke/LambdaForm$MH+0x0000000100258000'
Event: 4.377 Thread 0x0000026f707777f0 Unloading class 0x0000000100257c00 'java/lang/invoke/LambdaForm$MH+0x0000000100257c00'
Event: 4.377 Thread 0x0000026f707777f0 Unloading class 0x0000000100257800 'java/lang/invoke/LambdaForm$MH+0x0000000100257800'
Event: 4.377 Thread 0x0000026f707777f0 Unloading class 0x0000000100257400 'java/lang/invoke/LambdaForm$MH+0x0000000100257400'
Event: 4.377 Thread 0x0000026f707777f0 Unloading class 0x0000000100257000 'java/lang/invoke/LambdaForm$BMH+0x0000000100257000'
Event: 4.377 Thread 0x0000026f707777f0 Unloading class 0x0000000100256c00 'java/lang/invoke/LambdaForm$DMH+0x0000000100256c00'
Event: 4.377 Thread 0x0000026f707777f0 Unloading class 0x0000000100254400 'java/lang/invoke/LambdaForm$DMH+0x0000000100254400'
Event: 13.786 Thread 0x0000026f707777f0 Unloading class 0x0000000100738800 'java/lang/invoke/LambdaForm$MH+0x0000000100738800'
Event: 13.786 Thread 0x0000026f707777f0 Unloading class 0x0000000100738400 'java/lang/invoke/LambdaForm$MH+0x0000000100738400'
Event: 13.786 Thread 0x0000026f707777f0 Unloading class 0x0000000100735800 'java/lang/invoke/LambdaForm$MH+0x0000000100735800'
Event: 13.786 Thread 0x0000026f707777f0 Unloading class 0x0000000100735c00 'java/lang/invoke/LambdaForm$MH+0x0000000100735c00'
Event: 13.786 Thread 0x0000026f707777f0 Unloading class 0x0000000100735400 'java/lang/invoke/LambdaForm$DMH+0x0000000100735400'
Event: 13.786 Thread 0x0000026f707777f0 Unloading class 0x0000000100735000 'java/lang/invoke/LambdaForm$DMH+0x0000000100735000'
Event: 13.786 Thread 0x0000026f707777f0 Unloading class 0x0000000100734c00 'java/lang/invoke/LambdaForm$DMH+0x0000000100734c00'
Event: 13.786 Thread 0x0000026f707777f0 Unloading class 0x0000000100734800 'java/lang/invoke/LambdaForm$DMH+0x0000000100734800'

Classes redefined (0 events):
No events

Internal exceptions (20 events):
Event: 20.409 Thread 0x0000026f777a85e0 Exception <a 'sun/nio/fs/WindowsException'{0x00000000eb165240}> (0x00000000eb165240) 
thrown [s\src\hotspot\share\prims\jni.cpp, line 516]
Event: 20.423 Thread 0x0000026f777a85e0 Exception <a 'sun/nio/fs/WindowsException'{0x00000000eb1e1848}> (0x00000000eb1e1848) 
thrown [s\src\hotspot\share\prims\jni.cpp, line 516]
Event: 20.485 Thread 0x0000026f777a85e0 Exception <a 'sun/nio/fs/WindowsException'{0x00000000ebb42130}> (0x00000000ebb42130) 
thrown [s\src\hotspot\share\prims\jni.cpp, line 516]
Event: 20.497 Thread 0x0000026f777a85e0 Exception <a 'sun/nio/fs/WindowsException'{0x00000000ebb4c6c0}> (0x00000000ebb4c6c0) 
thrown [s\src\hotspot\share\prims\jni.cpp, line 516]
Event: 20.533 Thread 0x0000026f777a85e0 Exception <a 'sun/nio/fs/WindowsException'{0x00000000ec095e30}> (0x00000000ec095e30) 
thrown [s\src\hotspot\share\prims\jni.cpp, line 516]
Event: 20.617 Thread 0x0000026f777a85e0 Exception <a 'sun/nio/fs/WindowsException'{0x00000000ead8a820}> (0x00000000ead8a820) 
thrown [s\src\hotspot\share\prims\jni.cpp, line 516]
Event: 21.286 Thread 0x0000026f79d72730 Exception <a 'java/lang/NoSuchMethodError'{0x00000000eab0a458}: 'java.lang.Object java.lang.invoke.DirectMethodHandle$Holder.invokeStatic(java.lang.Object, int, int, java.lang.Object)'> (0x00000000eab0a458) 
thrown [s\src\hotspot\share\interpreter\linkResolver.cpp, line 759]
Event: 21.316 Thread 0x0000026f79d72730 Exception <a 'java/lang/NoSuchMethodError'{0x00000000eb1ed278}: 'java.lang.Object java.lang.invoke.DirectMethodHandle$Holder.invokeStatic(java.lang.Object, int, java.lang.Object)'> (0x00000000eb1ed278) 
thrown [s\src\hotspot\share\interpreter\linkResolver.cpp, line 759]
Event: 21.824 Thread 0x0000026f79d72730 Exception <a 'java/lang/NoSuchMethodError'{0x00000000eac8af48}: 'java.lang.Object java.lang.invoke.DirectMethodHandle$Holder.newInvokeSpecial(java.lang.Object, java.lang.Object, int, java.lang.Object, java.lang.Object, java.lang.Object, java.lang.Object)'> (0x00000000eac8af48) 
thrown [s\src\hotspot\share\interpreter\linkResolver.cpp, line 759]
Event: 21.874 Thread 0x0000026f79d72730 Exception <a 'java/lang/NoSuchMethodError'{0x00000000ebfbedc0}: 'void java.lang.invoke.DirectMethodHandle$Holder.invokeSpecial(java.lang.Object, java.lang.Object, int)'> (0x00000000ebfbedc0) 
thrown [s\src\hotspot\share\interpreter\linkResolver.cpp, line 759]
Event: 21.905 Thread 0x0000026f79d72730 Exception <a 'java/lang/NoSuchMethodError'{0x00000000ecb47c98}: 'java.lang.Object java.lang.invoke.DirectMethodHandle$Holder.invokeSpecial(java.lang.Object, java.lang.Object, long, java.lang.Object, java.lang.Object, java.lang.Object, java.lang.Object, java.lang.Object, java.lang.Object, java.lang.Object, java.lang.Object, java.lang.Object)'> (0x00000000ecb47c98) 
thrown [s\src\hotspot\share\interpreter\linkResolver.cpp, line 759]
Event: 21.906 Thread 0x0000026f79d72730 Exception <a 'java/lang/NoSuchMethodError'{0x00000000ecb4c1e0}: 'java.lang.Object java.lang.invoke.DelegatingMethodHandle$Holder.reinvoke_L(java.lang.Object, long, java.lang.Object, java.lang.Object, java.lang.Object, java.lang.Object, java.lang.Object, java.lang.Object, java.lang.Object, java.lang.Object, java.lang.Object)'> (0x00000000ecb4c1e0) 
thrown [s\src\hotspot\share\interpreter\linkResolver.cpp, line 759]
Event: 21.907 Thread 0x0000026f79d72730 Exception <a 'java/lang/NoSuchMethodError'{0x00000000ecc17a98}: 'java.lang.Object java.lang.invoke.Invokers$Holder.linkToTargetMethod(java.lang.Object, java.lang.Object, java.lang.Object, java.lang.Object, java.lang.Object, java.lang.Object, java.lang.Object, java.lang.Object, java.lang.Object, java.lang.Object)'> (0x00000000ecc17a98) 
thrown [s\src\hotspot\share\interpreter\linkResolver.cpp, line 759]
Event: 22.657 Thread 0x0000026f777a85e0 Exception <a 'sun/nio/fs/WindowsException'{0x00000000ec162958}> (0x00000000ec162958) 
thrown [s\src\hotspot\share\prims\jni.cpp, line 516]
Event: 22.690 Thread 0x0000026f777a85e0 Exception <a 'sun/nio/fs/WindowsException'{0x00000000ec779070}> (0x00000000ec779070) 
thrown [s\src\hotspot\share\prims\jni.cpp, line 516]
Event: 22.706 Thread 0x0000026f777a85e0 Exception <a 'sun/nio/fs/WindowsException'{0x00000000ec7ef0f0}> (0x00000000ec7ef0f0) 
thrown [s\src\hotspot\share\prims\jni.cpp, line 516]
Event: 22.730 Thread 0x0000026f777a85e0 Exception <a 'sun/nio/fs/WindowsException'{0x00000000ecaa1418}> (0x00000000ecaa1418) 
thrown [s\src\hotspot\share\prims\jni.cpp, line 516]
Event: 22.761 Thread 0x0000026f777a85e0 Exception <a 'sun/nio/fs/WindowsException'{0x00000000ecce6fc0}> (0x00000000ecce6fc0) 
thrown [s\src\hotspot\share\prims\jni.cpp, line 516]
Event: 22.851 Thread 0x0000026f777a85e0 Exception <a 'sun/nio/fs/WindowsException'{0x00000000eab4a8d0}> (0x00000000eab4a8d0) 
thrown [s\src\hotspot\share\prims\jni.cpp, line 516]
Event: 22.875 Thread 0x0000026f777a85e0 Exception <a 'sun/nio/fs/WindowsException'{0x00000000ead3d568}> (0x00000000ead3d568) 
thrown [s\src\hotspot\share\prims\jni.cpp, line 516]

VM Operations (20 events):
Event: 21.282 Executing VM operation: ParallelGCFailedAllocation done
Event: 21.410 Executing VM operation: ParallelGCFailedAllocation
Event: 21.422 Executing VM operation: ParallelGCFailedAllocation done
Event: 21.584 Executing VM operation: ParallelGCFailedAllocation
Event: 21.599 Executing VM operation: ParallelGCFailedAllocation done
Event: 21.695 Executing VM operation: ParallelGCFailedAllocation
Event: 21.713 Executing VM operation: ParallelGCFailedAllocation done
Event: 21.805 Executing VM operation: ParallelGCFailedAllocation
Event: 21.819 Executing VM operation: ParallelGCFailedAllocation done
Event: 21.862 Executing VM operation: HandshakeAllThreads
Event: 21.863 Executing VM operation: HandshakeAllThreads done
Event: 21.918 Executing VM operation: ParallelGCFailedAllocation
Event: 21.934 Executing VM operation: ParallelGCFailedAllocation done
Event: 22.059 Executing VM operation: ParallelGCFailedAllocation
Event: 22.075 Executing VM operation: ParallelGCFailedAllocation done
Event: 22.210 Executing VM operation: ParallelGCFailedAllocation
Event: 22.223 Executing VM operation: ParallelGCFailedAllocation done
Event: 22.801 Executing VM operation: ParallelGCFailedAllocation
Event: 22.814 Executing VM operation: ParallelGCFailedAllocation done
Event: 23.017 Executing VM operation: ParallelGCFailedAllocation

Memory protections (0 events):
No events

Nmethod flushes (20 events):
Event: 16.851 Thread 0x0000026f75a16350 flushing  nmethod 0x0000026f60992310
Event: 16.851 Thread 0x0000026f75a16350 flushing  nmethod 0x0000026f6099a390
Event: 16.851 Thread 0x0000026f75a16350 flushing  nmethod 0x0000026f60a05610
Event: 16.851 Thread 0x0000026f75a16350 flushing  nmethod 0x0000026f60a19110
Event: 16.851 Thread 0x0000026f75a16350 flushing  nmethod 0x0000026f60a19590
Event: 16.851 Thread 0x0000026f75a16350 flushing  nmethod 0x0000026f60a1a610
Event: 16.851 Thread 0x0000026f75a16350 flushing  nmethod 0x0000026f60a1be90
Event: 16.851 Thread 0x0000026f75a16350 flushing  nmethod 0x0000026f60a20c10
Event: 16.851 Thread 0x0000026f75a16350 flushing  nmethod 0x0000026f60a39090
Event: 16.851 Thread 0x0000026f75a16350 flushing  nmethod 0x0000026f60a45990
Event: 16.851 Thread 0x0000026f75a16350 flushing  nmethod 0x0000026f60a46210
Event: 16.851 Thread 0x0000026f75a16350 flushing osr nmethod 0x0000026f60a50d90
Event: 16.851 Thread 0x0000026f75a16350 flushing  nmethod 0x0000026f60a5a890
Event: 16.851 Thread 0x0000026f75a16350 flushing  nmethod 0x0000026f60a5b310
Event: 16.851 Thread 0x0000026f75a16350 flushing  nmethod 0x0000026f60ab2e10
Event: 16.851 Thread 0x0000026f75a16350 flushing  nmethod 0x0000026f60ab5090
Event: 16.851 Thread 0x0000026f75a16350 flushing  nmethod 0x0000026f60afb390
Event: 19.753 Thread 0x0000026f75a16350 flushing  nmethod 0x0000026f67348310
Event: 19.758 Thread 0x0000026f75a16350 flushing  nmethod 0x0000026f5f851810
Event: 19.774 Thread 0x0000026f75a16350 flushing  nmethod 0x0000026f60744910

Events (20 events):
Event: 16.182 Thread 0x0000026f79561070 Thread added: 0x0000026f79d708d0
Event: 16.182 Thread 0x0000026f79561070 Thread added: 0x0000026f79d73150
Event: 16.182 Thread 0x0000026f79561070 Thread added: 0x0000026f79d712f0
Event: 16.290 Thread 0x0000026f79d712f0 Thread exited: 0x0000026f79d712f0
Event: 16.290 Thread 0x0000026f79d708d0 Thread exited: 0x0000026f79d708d0
Event: 16.290 Thread 0x0000026f79d71800 Thread exited: 0x0000026f79d71800
Event: 16.290 Thread 0x0000026f79d73150 Thread exited: 0x0000026f79d73150
Event: 16.290 Thread 0x0000026f79d74080 Thread exited: 0x0000026f79d74080
Event: 16.399 Thread 0x0000026f75a152a0 Thread added: 0x0000026f7e6d4010
Event: 16.624 Thread 0x0000026f795638f0 Thread added: 0x0000026f79d71d10
Event: 16.625 Thread 0x0000026f795638f0 Thread added: 0x0000026f79d71800
Event: 16.626 Thread 0x0000026f79d71800 Thread added: 0x0000026f79d712f0
Event: 16.891 Thread 0x0000026f79561070 Thread added: 0x0000026f79d72220
Event: 16.911 Thread 0x0000026f795638f0 Thread added: 0x0000026f79d72730
Event: 16.944 Thread 0x0000026f795638f0 Thread added: 0x0000026f79d72c40
Event: 16.985 Thread 0x0000026f795638f0 Thread added: 0x0000026f79d74080
Event: 17.016 Thread 0x0000026f777a9f30 Thread added: 0x0000026f79d708d0
Event: 21.569 Thread 0x0000026f79d72730 Thread added: 0x0000026f79d73150
Event: 21.762 Thread 0x0000026f79d72730 Thread added: 0x0000026f777a7bc0
Event: 22.017 Thread 0x0000026f79d708d0 Thread exited: 0x0000026f79d708d0


Dynamic libraries:
0x00007ff6da880000 - 0x00007ff6da88e000 	c:\Users\HP\.vscode\extensions\redhat.java-1.38.0-win32-x64\jre\17.0.13-win32-x86_64\bin\java.exe
0x00007ff8143e0000 - 0x00007ff814643000 	C:\WINDOWS\SYSTEM32\ntdll.dll
0x00007ff812850000 - 0x00007ff812918000 	C:\WINDOWS\System32\KERNEL32.DLL
0x00007ff811930000 - 0x00007ff811ce2000 	C:\WINDOWS\System32\KERNELBASE.dll
0x00007ff8117e0000 - 0x00007ff81192b000 	C:\WINDOWS\System32\ucrtbase.dll
0x00007fffc03d0000 - 0x00007fffc03ee000 	c:\Users\HP\.vscode\extensions\redhat.java-1.38.0-win32-x64\jre\17.0.13-win32-x86_64\bin\VCRUNTIME140.dll
0x00007fffc03f0000 - 0x00007fffc0407000 	c:\Users\HP\.vscode\extensions\redhat.java-1.38.0-win32-x64\jre\17.0.13-win32-x86_64\bin\jli.dll
0x00007ff8124d0000 - 0x00007ff812698000 	C:\WINDOWS\System32\USER32.dll
0x00007ffff0970000 - 0x00007ffff0c00000 	C:\WINDOWS\WinSxS\amd64_microsoft.windows.common-controls_6595b64144ccf1df_6.0.26100.2454_none_3e0b68a2e331ad60\COMCTL32.dll
0x00007ff8117b0000 - 0x00007ff8117d7000 	C:\WINDOWS\System32\win32u.dll
0x00007ff813130000 - 0x00007ff8131d9000 	C:\WINDOWS\System32\msvcrt.dll
0x00007ff813040000 - 0x00007ff81306a000 	C:\WINDOWS\System32\GDI32.dll
0x00007ff812110000 - 0x00007ff81223b000 	C:\WINDOWS\System32\gdi32full.dll
0x00007ff811e70000 - 0x00007ff811f13000 	C:\WINDOWS\System32\msvcp_win.dll
0x00007ff813df0000 - 0x00007ff813e1f000 	C:\WINDOWS\System32\IMM32.DLL
0x00007fffcd620000 - 0x00007fffcd62c000 	c:\Users\HP\.vscode\extensions\redhat.java-1.38.0-win32-x64\jre\17.0.13-win32-x86_64\bin\vcruntime140_1.dll
0x00007fffc0340000 - 0x00007fffc03cd000 	c:\Users\HP\.vscode\extensions\redhat.java-1.38.0-win32-x64\jre\17.0.13-win32-x86_64\bin\msvcp140.dll
0x00007fff1ff40000 - 0x00007fff20bab000 	c:\Users\HP\.vscode\extensions\redhat.java-1.38.0-win32-x64\jre\17.0.13-win32-x86_64\bin\server\jvm.dll
0x00007ff813070000 - 0x00007ff813124000 	C:\WINDOWS\System32\ADVAPI32.dll
0x00007ff8126a0000 - 0x00007ff812746000 	C:\WINDOWS\System32\sechost.dll
0x00007ff813470000 - 0x00007ff813586000 	C:\WINDOWS\System32\RPCRT4.dll
0x00007ff8127d0000 - 0x00007ff812844000 	C:\WINDOWS\System32\WS2_32.dll
0x00007ff811640000 - 0x00007ff81168e000 	C:\WINDOWS\SYSTEM32\POWRPROF.dll
0x00007ff803cd0000 - 0x00007ff803d06000 	C:\WINDOWS\SYSTEM32\WINMM.dll
0x00007ff806c90000 - 0x00007ff806c9b000 	C:\WINDOWS\SYSTEM32\VERSION.dll
0x00007ff811620000 - 0x00007ff811634000 	C:\WINDOWS\SYSTEM32\UMPDC.dll
0x00007ff8105f0000 - 0x00007ff81060a000 	C:\WINDOWS\SYSTEM32\kernel.appcore.dll
0x00007fffcb7a0000 - 0x00007fffcb7aa000 	c:\Users\HP\.vscode\extensions\redhat.java-1.38.0-win32-x64\jre\17.0.13-win32-x86_64\bin\jimage.dll
0x00007ff80ef10000 - 0x00007ff80f151000 	C:\WINDOWS\SYSTEM32\DBGHELP.DLL
0x00007ff813e40000 - 0x00007ff8141be000 	C:\WINDOWS\System32\combase.dll
0x00007ff812240000 - 0x00007ff812316000 	C:\WINDOWS\System32\OLEAUT32.dll
0x00007fffef3b0000 - 0x00007fffef3e9000 	C:\WINDOWS\SYSTEM32\dbgcore.DLL
0x00007ff811f20000 - 0x00007ff811fb9000 	C:\WINDOWS\System32\bcryptPrimitives.dll
0x00007fffcb340000 - 0x00007fffcb34e000 	c:\Users\HP\.vscode\extensions\redhat.java-1.38.0-win32-x64\jre\17.0.13-win32-x86_64\bin\instrument.dll
0x00007fffc0310000 - 0x00007fffc0335000 	c:\Users\HP\.vscode\extensions\redhat.java-1.38.0-win32-x64\jre\17.0.13-win32-x86_64\bin\java.dll
0x00007fffc02f0000 - 0x00007fffc0308000 	c:\Users\HP\.vscode\extensions\redhat.java-1.38.0-win32-x64\jre\17.0.13-win32-x86_64\bin\zip.dll
0x00007ff812920000 - 0x00007ff813020000 	C:\WINDOWS\System32\SHELL32.dll
0x00007ff80f490000 - 0x00007ff80fcc1000 	C:\WINDOWS\SYSTEM32\windows.storage.dll
0x00007ff8141d0000 - 0x00007ff8142aa000 	C:\WINDOWS\System32\SHCORE.dll
0x00007ff812470000 - 0x00007ff8124cd000 	C:\WINDOWS\System32\shlwapi.dll
0x00007ff8116c0000 - 0x00007ff8116ee000 	C:\WINDOWS\SYSTEM32\profapi.dll
0x00007fffc02d0000 - 0x00007fffc02e9000 	C:\Users\HP\.vscode\extensions\redhat.java-1.38.0-win32-x64\jre\17.0.13-win32-x86_64\bin\net.dll
0x00007ff80c120000 - 0x00007ff80c246000 	C:\WINDOWS\SYSTEM32\WINHTTP.dll
0x00007ff810af0000 - 0x00007ff810b58000 	C:\WINDOWS\system32\mswsock.dll
0x00007fffc02b0000 - 0x00007fffc02c6000 	C:\Users\HP\.vscode\extensions\redhat.java-1.38.0-win32-x64\jre\17.0.13-win32-x86_64\bin\nio.dll
0x00007ffff5c30000 - 0x00007ffff5c40000 	c:\Users\HP\.vscode\extensions\redhat.java-1.38.0-win32-x64\jre\17.0.13-win32-x86_64\bin\verify.dll
0x00007fffc0220000 - 0x00007fffc0265000 	C:\Users\HP\AppData\Roaming\Code\User\globalStorage\redhat.java\1.38.0\config_win\org.eclipse.equinox.launcher\org.eclipse.equinox.launcher.win32.win32.x86_64_1.2.1100.v20240722-2106\eclipse_11904.dll
0x00007ff8131e0000 - 0x00007ff813379000 	C:\WINDOWS\System32\ole32.dll
0x00007ff810d90000 - 0x00007ff810dac000 	C:\WINDOWS\SYSTEM32\CRYPTSP.dll
0x00007ff810550000 - 0x00007ff810588000 	C:\WINDOWS\system32\rsaenh.dll
0x00007ff810b90000 - 0x00007ff810bbb000 	C:\WINDOWS\SYSTEM32\USERENV.dll
0x00007ff810fd0000 - 0x00007ff810ff6000 	C:\WINDOWS\SYSTEM32\bcrypt.dll
0x00007ff810db0000 - 0x00007ff810dbc000 	C:\WINDOWS\SYSTEM32\CRYPTBASE.dll
0x00007ff810040000 - 0x00007ff810072000 	C:\WINDOWS\SYSTEM32\IPHLPAPI.DLL
0x00007ff813030000 - 0x00007ff81303a000 	C:\WINDOWS\System32\NSI.dll
0x00007ff80cd60000 - 0x00007ff80cd7e000 	C:\WINDOWS\SYSTEM32\dhcpcsvc6.DLL
0x00007ff80cd30000 - 0x00007ff80cd55000 	C:\WINDOWS\SYSTEM32\dhcpcsvc.DLL
0x00007ff8100e0000 - 0x00007ff810205000 	C:\WINDOWS\SYSTEM32\DNSAPI.dll
0x00007fff2a7a0000 - 0x00007fff2a7e9000 	C:\Users\HP\AppData\Local\Temp\jna-2312\jna13605257667350217891.dll
0x00007ff812460000 - 0x00007ff812468000 	C:\WINDOWS\System32\PSAPI.DLL

dbghelp: loaded successfully - version: 4.0.5 - missing functions: none
symbol engine: initialized successfully - sym options: 0x614 - pdb path: .;c:\Users\HP\.vscode\extensions\redhat.java-1.38.0-win32-x64\jre\17.0.13-win32-x86_64\bin;C:\WINDOWS\SYSTEM32;C:\WINDOWS\WinSxS\amd64_microsoft.windows.common-controls_6595b64144ccf1df_6.0.26100.2454_none_3e0b68a2e331ad60;c:\Users\HP\.vscode\extensions\redhat.java-1.38.0-win32-x64\jre\17.0.13-win32-x86_64\bin\server;C:\Users\HP\AppData\Roaming\Code\User\globalStorage\redhat.java\1.38.0\config_win\org.eclipse.equinox.launcher\org.eclipse.equinox.launcher.win32.win32.x86_64_1.2.1100.v20240722-2106;C:\Users\HP\AppData\Local\Temp\jna-2312

VM Arguments:
jvm_args: --add-modules=ALL-SYSTEM --add-opens=java.base/java.util=ALL-UNNAMED --add-opens=java.base/java.lang=ALL-UNNAMED --add-opens=java.base/sun.nio.fs=ALL-UNNAMED -Declipse.application=org.eclipse.jdt.ls.core.id1 -Dosgi.bundles.defaultStartLevel=4 -Declipse.product=org.eclipse.jdt.ls.core.product -Djava.import.generatesMetadataFilesAtProjectRoot=false -DDetectVMInstallationsJob.disabled=true -Dfile.encoding=utf8 -XX:+UseParallelGC -XX:GCTimeRatio=4 -XX:AdaptiveSizePolicyWeight=90 -Dsun.zip.disableMemoryMapping=true -Xmx1G -Xms100m -Xlog:disable -javaagent:c:\Users\HP\.vscode\extensions\redhat.java-1.38.0-win32-x64\lombok\lombok-1.18.34.jar -XX:+HeapDumpOnOutOfMemoryError -XX:HeapDumpPath=c:\Users\HP\AppData\Roaming\Code\User\workspaceStorage\ff020401daf549e784676faa52c5e95d\redhat.java -Daether.dependencyCollector.impl=bf 
java_command: c:\Users\HP\.vscode\extensions\redhat.java-1.38.0-win32-x64\server\plugins\org.eclipse.equinox.launcher_1.6.900.v20240613-2009.jar -configuration c:\Users\HP\AppData\Roaming\Code\User\globalStorage\redhat.java\1.38.0\config_win -data c:\Users\HP\AppData\Roaming\Code\User\workspaceStorage\ff020401daf549e784676faa52c5e95d\redhat.java\jdt_ws --pipe=\\.\pipe\lsp-eb5ee029d47ed7014de95783b42e3041-sock
java_class_path (initial): c:\Users\HP\.vscode\extensions\redhat.java-1.38.0-win32-x64\server\plugins\org.eclipse.equinox.launcher_1.6.900.v20240613-2009.jar
Launcher Type: SUN_STANDARD

[Global flags]
    uintx AdaptiveSizePolicyWeight                 = 90                                        {product} {command line}
     intx CICompilerCount                          = 4                                         {product} {ergonomic}
    uintx GCTimeRatio                              = 4                                         {product} {command line}
     bool HeapDumpOnOutOfMemoryError               = true                                   {manageable} {command line}
    ccstr HeapDumpPath                             = c:\Users\HP\AppData\Roaming\Code\User\workspaceStorage\ff020401daf549e784676faa52c5e95d\redhat.java         {manageable} {command line}
   size_t InitialHeapSize                          = 104857600                                 {product} {command line}
   size_t MaxHeapSize                              = 1073741824                                {product} {command line}
   size_t MaxNewSize                               = 357564416                                 {product} {ergonomic}
   size_t MinHeapDeltaBytes                        = 524288                                    {product} {ergonomic}
   size_t MinHeapSize                              = 104857600                                 {product} {command line}
   size_t NewSize                                  = 34603008                                  {product} {ergonomic}
    uintx NonNMethodCodeHeapSize                   = 5839372                                {pd product} {ergonomic}
    uintx NonProfiledCodeHeapSize                  = 122909434                              {pd product} {ergonomic}
   size_t OldSize                                  = 70254592                                  {product} {ergonomic}
    uintx ProfiledCodeHeapSize                     = 122909434                              {pd product} {ergonomic}
    uintx ReservedCodeCacheSize                    = 251658240                              {pd product} {ergonomic}
     bool SegmentedCodeCache                       = true                                      {product} {ergonomic}
   size_t SoftMaxHeapSize                          = 1073741824                             {manageable} {ergonomic}
     bool UseCompressedClassPointers               = true                           {product lp64_product} {ergonomic}
     bool UseCompressedOops                        = true                           {product lp64_product} {ergonomic}
     bool UseLargePagesIndividualAllocation        = false                                  {pd product} {ergonomic}
     bool UseParallelGC                            = true                                      {product} {command line}

Logging:
Log output configuration:
 #0: stdout all=off uptime,level,tags
 #1: stderr all=off uptime,level,tags

Environment Variables:
JAVA_HOME=C:\Program Files\Java\jdk-23
PATH=C:\Program Files\Common Files\Oracle\Java\javapath;C:\WINDOWS\system32;C:\WINDOWS;C:\WINDOWS\System32\Wbem;C:\WINDOWS\System32\WindowsPowerShell\v1.0\;C:\WINDOWS\System32\OpenSSH\;C:\Program Files\dotnet\;C:\Program Files (x86)\Windows Kits\10\Windows Performance Toolkit\;C:\Program Files\Git\cmd;C:\laragon\bin\php\php-8.3;C:\composer;C:\Program Files (x86)\Microsoft SQL Server\160\Tools\Binn\;C:\Program Files\Microsoft SQL Server\160\Tools\Binn\;C:\Program Files\Microsoft SQL Server\Client SDK\ODBC\170\Tools\Binn\;C:\Program Files\Microsoft SQL Server\160\DTS\Binn\;C:\Program Files (x86)\Microsoft SQL Server\160\DTS\Binn\;C:\Program Files\Microsoft SQL Server\150\Tools\Binn\;C:\ProgramData\chocolatey\bin;C:\Program Files\nodejs\;C:\Users\HP\AppData\Local\Programs\Python\Launcher\;C:\Users\HP\AppData\Local\Microsoft\WindowsApps;C:\Users\HP\AppData\Local\Programs\Microsoft VS Code\bin;C:\Users\HP\.dotnet\tools;C:\Users\HP\AppData\Roaming\Composer\vendor\bin;C:\Users\HP\AppData\Roaming\npm;
USERNAME=HP
OS=Windows_NT
PROCESSOR_IDENTIFIER=Intel64 Family 6 Model 140 Stepping 1, GenuineIntel
TMP=C:\Users\HP\AppData\Local\Temp
TEMP=C:\Users\HP\AppData\Local\Temp



Periodic native trim disabled


---------------  S Y S T E M  ---------------

OS:
 Windows 11 , 64 bit Build 26100 (10.0.26100.2454)
OS uptime: 6 days 15:13 hours
Hyper-V role detected

CPU: total 8 (initial active 8) (4 cores per cpu, 2 threads per core) family 6 model 140 stepping 1 microcode 0xb4, cx8, cmov, fxsr, ht, mmx, 3dnowpref, sse, sse2, sse3, ssse3, sse4.1, sse4.2, popcnt, lzcnt, tsc, tscinvbit, avx, avx2, aes, erms, clmul, bmi1, bmi2, adx, avx512f, avx512dq, avx512cd, avx512bw, avx512vl, sha, fma, vzeroupper, avx512_vpopcntdq, avx512_vpclmulqdq, avx512_vaes, avx512_vnni, clflush, clflushopt, clwb, avx512_vbmi2, avx512_vbmi, hv
Processor Information for processor 0
  Max Mhz: 2701, Current Mhz: 1200, Mhz Limit: 2701
Processor Information for processor 1
  Max Mhz: 2701, Current Mhz: 1200, Mhz Limit: 2701
Processor Information for processor 2
  Max Mhz: 2701, Current Mhz: 1200, Mhz Limit: 2701
Processor Information for processor 3
  Max Mhz: 2701, Current Mhz: 1200, Mhz Limit: 2701
Processor Information for processor 4
  Max Mhz: 2701, Current Mhz: 1200, Mhz Limit: 2701
Processor Information for processor 5
  Max Mhz: 2701, Current Mhz: 2701, Mhz Limit: 2701
Processor Information for processor 6
  Max Mhz: 2701, Current Mhz: 1200, Mhz Limit: 2701
Processor Information for processor 7
  Max Mhz: 2701, Current Mhz: 1200, Mhz Limit: 2701

Memory: 4k page, system-wide physical 7834M (417M free)
TotalPageFile size 31386M (AvailPageFile size 1M)
current process WorkingSet (physical memory assigned to process): 629M, peak: 654M
current process commit charge ("private bytes"): 795M, peak: 797M

vm_info: OpenJDK 64-Bit Server VM (17.0.13+11) for windows-amd64 JRE (17.0.13+11), built on Oct 16 2024 00:10:08 by "admin" with MS VC++ 17.7 (VS2022)

END.
