#
# There is insufficient memory for the Java Runtime Environment to continue.
# Native memory allocation (malloc) failed to allocate 193536 bytes. Error detail: Chunk::new
# Possible reasons:
#   The system is out of physical RAM or swap space
#   This process is running with CompressedOops enabled, and the Java Heap may be blocking the growth of the native heap
# Possible solutions:
#   Reduce memory load on the system
#   Increase physical memory or swap space
#   Check if swap backing store is full
#   Decrease Java heap size (-Xmx/-Xms)
#   Decrease number of Java threads
#   Decrease Java thread stack sizes (-Xss)
#   Set larger code cache with -XX:ReservedCodeCacheSize=
#   JVM is running with Unscaled Compressed Oops mode in which the Java heap is
#     placed in the first 4GB address space. The Java Heap base address is the
#     maximum limit for the native heap growth. Please use -XX:HeapBaseMinAddress
#     to set the Java Heap base and to place the Java Heap above 4GB virtual address.
# This output file may be truncated or incomplete.
#
#  Out of Memory Error (arena.cpp:191), pid=20512, tid=22132
#
# JRE version: OpenJDK Runtime Environment Temurin-17.0.13+11 (17.0.13+11) (build 17.0.13+11)
# Java VM: OpenJDK 64-Bit Server VM Temurin-17.0.13+11 (17.0.13+11, mixed mode, tiered, compressed oops, compressed class ptrs, parallel gc, windows-amd64)
# No core dump will be written. Minidumps are not enabled by default on client versions of Windows
#

---------------  S U M M A R Y ------------

Command Line: --add-modules=ALL-SYSTEM --add-opens=java.base/java.util=ALL-UNNAMED --add-opens=java.base/java.lang=ALL-UNNAMED --add-opens=java.base/sun.nio.fs=ALL-UNNAMED -Declipse.application=org.eclipse.jdt.ls.core.id1 -Dosgi.bundles.defaultStartLevel=4 -Declipse.product=org.eclipse.jdt.ls.core.product -Djava.import.generatesMetadataFilesAtProjectRoot=false -DDetectVMInstallationsJob.disabled=true -Dfile.encoding=utf8 -XX:+UseParallelGC -XX:GCTimeRatio=4 -XX:AdaptiveSizePolicyWeight=90 -Dsun.zip.disableMemoryMapping=true -Xmx1G -Xms100m -Xlog:disable -javaagent:c:\Users\HP\.vscode\extensions\redhat.java-1.38.0-win32-x64\lombok\lombok-1.18.34.jar -XX:+HeapDumpOnOutOfMemoryError -XX:HeapDumpPath=c:\Users\HP\AppData\Roaming\Code\User\workspaceStorage\ff020401daf549e784676faa52c5e95d\redhat.java -Daether.dependencyCollector.impl=bf c:\Users\HP\.vscode\extensions\redhat.java-1.38.0-win32-x64\server\plugins\org.eclipse.equinox.launcher_1.6.900.v20240613-2009.jar -configuration c:\Users\HP\AppData\Roaming\Code\User\globalStorage\redhat.java\1.38.0\config_win -data c:\Users\HP\AppData\Roaming\Code\User\workspaceStorage\ff020401daf549e784676faa52c5e95d\redhat.java\jdt_ws --pipe=\\.\pipe\lsp-34476f91b530ca82ad386af79b2ca3d6-sock

Host: 11th Gen Intel(R) Core(TM) i7-1165G7 @ 2.80GHz, 8 cores, 7G,  Windows 11 , 64 bit Build 26100 (10.0.26100.2454)
Time: Wed Dec 25 11:04:58 2024 SE Asia Standard Time elapsed time: 30.117601 seconds (0d 0h 0m 30s)

---------------  T H R E A D  ---------------

Current thread (0x00000277c67ee030):  JavaThread "C2 CompilerThread0" daemon [_thread_in_native, id=22132, stack(0x000000d477400000,0x000000d477500000)]


Current CompileTask:
C2:  30117 12991 % !   4       org.eclipse.jdt.internal.core.index.DiskIndex::mergeWith @ 255 (616 bytes)

Stack: [0x000000d477400000,0x000000d477500000]
Native frames: (J=compiled Java code, j=interpreted, Vv=VM code, C=native code)
V  [jvm.dll+0x682a19]
V  [jvm.dll+0x839538]
V  [jvm.dll+0x83afe3]
V  [jvm.dll+0x83b653]
V  [jvm.dll+0x24704f]
V  [jvm.dll+0xace34]
V  [jvm.dll+0xad4cc]
V  [jvm.dll+0x2ac84f]
V  [jvm.dll+0x588a79]
V  [jvm.dll+0x220ea2]
V  [jvm.dll+0x21992b]
V  [jvm.dll+0x21738b]
V  [jvm.dll+0x1a3070]
V  [jvm.dll+0x22788c]
V  [jvm.dll+0x2259eb]
V  [jvm.dll+0x7eec98]
V  [jvm.dll+0x7e8ffc]
V  [jvm.dll+0x6818f7]
C  [ucrtbase.dll+0x14ea0]
C  [KERNEL32.DLL+0x2e8d7]
C  [ntdll.dll+0xdfbcc]


---------------  P R O C E S S  ---------------

Threads class SMR info:
_java_thread_list=0x00000277c9c20e30, length=63, elements={
0x00000277ad8cafb0, 0x00000277c1755020, 0x00000277c1756a10, 0x00000277c67dab40,
0x00000277c67d7320, 0x00000277c67e8860, 0x00000277c67ec450, 0x00000277c67ee030,
0x00000277c175cfc0, 0x00000277c175d8d0, 0x00000277ad92f060, 0x00000277c6a34ee0,
0x00000277c80fb050, 0x00000277c7f84fe0, 0x00000277c82ef700, 0x00000277c8122c90,
0x00000277c8a370c0, 0x00000277c8b87a20, 0x00000277c8b84c90, 0x00000277c8b87000,
0x00000277c8b85bc0, 0x00000277c8b86af0, 0x00000277c8b87f30, 0x00000277c8b84780,
0x00000277c8b851a0, 0x00000277c8b860d0, 0x00000277c8b856b0, 0x00000277cac872e0,
0x00000277cac8a070, 0x00000277cac86dd0, 0x00000277cac88210, 0x00000277cac877f0,
0x00000277cac89650, 0x00000277cac89b60, 0x00000277cac87d00, 0x00000277cac88c30,
0x00000277cac89140, 0x00000277cac8a580, 0x00000277cb029b40, 0x00000277cb02a050,
0x00000277cb02af80, 0x00000277cb02a560, 0x00000277cb029120, 0x00000277cb02aa70,
0x00000277cb02b490, 0x00000277cb02b9a0, 0x00000277cb028c10, 0x00000277cb029630,
0x00000277cb0281f0, 0x00000277cb02d800, 0x00000277cb02beb0, 0x00000277cb02ec40,
0x00000277cb02d2f0, 0x00000277cb02c3c0, 0x00000277cb02f660, 0x00000277cb02fb70,
0x00000277cb02f150, 0x00000277cb02c8d0, 0x00000277cb02e730, 0x00000277cb02cde0,
0x00000277c8b865e0, 0x00000277cb02dd10, 0x00000277d44fd230
}

Java Threads: ( => current thread )
  0x00000277ad8cafb0 JavaThread "main" [_thread_blocked, id=19408, stack(0x000000d476b00000,0x000000d476c00000)]
  0x00000277c1755020 JavaThread "Reference Handler" daemon [_thread_blocked, id=12564, stack(0x000000d476e00000,0x000000d476f00000)]
  0x00000277c1756a10 JavaThread "Finalizer" daemon [_thread_blocked, id=18500, stack(0x000000d476f00000,0x000000d477000000)]
  0x00000277c67dab40 JavaThread "Signal Dispatcher" daemon [_thread_blocked, id=23352, stack(0x000000d477000000,0x000000d477100000)]
  0x00000277c67d7320 JavaThread "Attach Listener" daemon [_thread_blocked, id=21876, stack(0x000000d477100000,0x000000d477200000)]
  0x00000277c67e8860 JavaThread "Service Thread" daemon [_thread_blocked, id=3876, stack(0x000000d477200000,0x000000d477300000)]
  0x00000277c67ec450 JavaThread "Monitor Deflation Thread" daemon [_thread_blocked, id=9776, stack(0x000000d477300000,0x000000d477400000)]
=>0x00000277c67ee030 JavaThread "C2 CompilerThread0" daemon [_thread_in_native, id=22132, stack(0x000000d477400000,0x000000d477500000)]
  0x00000277c175cfc0 JavaThread "C1 CompilerThread0" daemon [_thread_blocked, id=8408, stack(0x000000d477500000,0x000000d477600000)]
  0x00000277c175d8d0 JavaThread "Sweeper thread" daemon [_thread_blocked, id=22428, stack(0x000000d477600000,0x000000d477700000)]
  0x00000277ad92f060 JavaThread "Common-Cleaner" daemon [_thread_blocked, id=16140, stack(0x000000d477700000,0x000000d477800000)]
  0x00000277c6a34ee0 JavaThread "Notification Thread" daemon [_thread_blocked, id=21716, stack(0x000000d477900000,0x000000d477a00000)]
  0x00000277c80fb050 JavaThread "Active Thread: Equinox Container: cf2a8bb1-ea64-43ea-a404-57b61051d776" [_thread_blocked, id=17780, stack(0x000000d478200000,0x000000d478300000)]
  0x00000277c7f84fe0 JavaThread "Refresh Thread: Equinox Container: cf2a8bb1-ea64-43ea-a404-57b61051d776" daemon [_thread_blocked, id=12172, stack(0x000000d478300000,0x000000d478400000)]
  0x00000277c82ef700 JavaThread "Framework Event Dispatcher: Equinox Container: cf2a8bb1-ea64-43ea-a404-57b61051d776" daemon [_thread_blocked, id=21340, stack(0x000000d478400000,0x000000d478500000)]
  0x00000277c8122c90 JavaThread "Start Level: Equinox Container: cf2a8bb1-ea64-43ea-a404-57b61051d776" daemon [_thread_blocked, id=17112, stack(0x000000d478500000,0x000000d478600000)]
  0x00000277c8a370c0 JavaThread "Bundle File Closer" daemon [_thread_blocked, id=19924, stack(0x000000d478700000,0x000000d478800000)]
  0x00000277c8b87a20 JavaThread "SCR Component Actor" daemon [_thread_blocked, id=2848, stack(0x000000d478800000,0x000000d478900000)]
  0x00000277c8b84c90 JavaThread "Worker-JM" [_thread_blocked, id=16788, stack(0x000000d478100000,0x000000d478200000)]
  0x00000277c8b87000 JavaThread "JNA Cleaner" daemon [_thread_blocked, id=10852, stack(0x000000d478a00000,0x000000d478b00000)]
  0x00000277c8b85bc0 JavaThread "Worker-0: Check JDK Index" [_thread_blocked, id=19876, stack(0x000000d478b00000,0x000000d478c00000)]
  0x00000277c8b86af0 JavaThread "Worker-1" [_thread_blocked, id=23008, stack(0x000000d478c00000,0x000000d478d00000)]
  0x00000277c8b87f30 JavaThread "Worker-2" [_thread_blocked, id=22208, stack(0x000000d478d00000,0x000000d478e00000)]
  0x00000277c8b84780 JavaThread "Java indexing" daemon [_thread_in_native, id=18592, stack(0x000000d478f00000,0x000000d479000000)]
  0x00000277c8b851a0 JavaThread "Thread-2" daemon [_thread_in_native, id=13596, stack(0x000000d479200000,0x000000d479300000)]
  0x00000277c8b860d0 JavaThread "Thread-3" daemon [_thread_in_native, id=19844, stack(0x000000d479300000,0x000000d479400000)]
  0x00000277c8b856b0 JavaThread "Thread-4" daemon [_thread_in_native, id=20288, stack(0x000000d479400000,0x000000d479500000)]
  0x00000277cac872e0 JavaThread "Thread-5" daemon [_thread_in_native, id=16740, stack(0x000000d479500000,0x000000d479600000)]
  0x00000277cac8a070 JavaThread "Thread-6" daemon [_thread_in_native, id=21860, stack(0x000000d479600000,0x000000d479700000)]
  0x00000277cac86dd0 JavaThread "Thread-7" daemon [_thread_in_native, id=6236, stack(0x000000d479700000,0x000000d479800000)]
  0x00000277cac88210 JavaThread "Thread-8" daemon [_thread_in_native, id=9240, stack(0x000000d479800000,0x000000d479900000)]
  0x00000277cac877f0 JavaThread "Thread-9" daemon [_thread_in_native, id=4620, stack(0x000000d479900000,0x000000d479a00000)]
  0x00000277cac89650 JavaThread "Thread-10" daemon [_thread_in_native, id=21820, stack(0x000000d479a00000,0x000000d479b00000)]
  0x00000277cac89b60 JavaThread "pool-2-thread-1" [_thread_blocked, id=14780, stack(0x000000d479b00000,0x000000d479c00000)]
  0x00000277cac87d00 JavaThread "Worker-3: Java indexing... " [_thread_blocked, id=17176, stack(0x000000d479c00000,0x000000d479d00000)]
  0x00000277cac88c30 JavaThread "WorkspaceEventsHandler" [_thread_blocked, id=22908, stack(0x000000d479d00000,0x000000d479e00000)]
  0x00000277cac89140 JavaThread "pool-1-thread-1" [_thread_blocked, id=144, stack(0x000000d479e00000,0x000000d479f00000)]
  0x00000277cac8a580 JavaThread "Worker-4" [_thread_blocked, id=22108, stack(0x000000d479f00000,0x000000d47a000000)]
  0x00000277cb029b40 JavaThread "Worker-5" [_thread_blocked, id=9156, stack(0x000000d47a000000,0x000000d47a100000)]
  0x00000277cb02a050 JavaThread "LocalFile Deleter" daemon [_thread_blocked, id=15440, stack(0x000000d47a100000,0x000000d47a200000)]
  0x00000277cb02af80 JavaThread "LocalFile Deleter" daemon [_thread_blocked, id=7420, stack(0x000000d47a200000,0x000000d47a300000)]
  0x00000277cb02a560 JavaThread "LocalFile Deleter" daemon [_thread_blocked, id=22556, stack(0x000000d47a300000,0x000000d47a400000)]
  0x00000277cb029120 JavaThread "LocalFile Deleter" daemon [_thread_blocked, id=15492, stack(0x000000d47a400000,0x000000d47a500000)]
  0x00000277cb02aa70 JavaThread "LocalFile Deleter" daemon [_thread_blocked, id=15496, stack(0x000000d47a500000,0x000000d47a600000)]
  0x00000277cb02b490 JavaThread "LocalFile Deleter" daemon [_thread_blocked, id=1464, stack(0x000000d47a600000,0x000000d47a700000)]
  0x00000277cb02b9a0 JavaThread "LocalFile Deleter" daemon [_thread_blocked, id=13900, stack(0x000000d47a700000,0x000000d47a800000)]
  0x00000277cb028c10 JavaThread "LocalFile Deleter" daemon [_thread_blocked, id=304, stack(0x000000d47a800000,0x000000d47a900000)]
  0x00000277cb029630 JavaThread "Compiler Source File Reader" daemon [_thread_blocked, id=22596, stack(0x000000d47a900000,0x000000d47aa00000)]
  0x00000277cb0281f0 JavaThread "Compiler Source File Reader" daemon [_thread_blocked, id=3304, stack(0x000000d47aa00000,0x000000d47ab00000)]
  0x00000277cb02d800 JavaThread "Compiler Source File Reader" daemon [_thread_blocked, id=15744, stack(0x000000d47ab00000,0x000000d47ac00000)]
  0x00000277cb02beb0 JavaThread "Compiler Source File Reader" daemon [_thread_blocked, id=18732, stack(0x000000d47ac00000,0x000000d47ad00000)]
  0x00000277cb02ec40 JavaThread "Compiler Source File Reader" daemon [_thread_blocked, id=10528, stack(0x000000d47ad00000,0x000000d47ae00000)]
  0x00000277cb02d2f0 JavaThread "Compiler Source File Reader" daemon [_thread_blocked, id=20248, stack(0x000000d47ae00000,0x000000d47af00000)]
  0x00000277cb02c3c0 JavaThread "Compiler Processing Task" daemon [_thread_blocked, id=3224, stack(0x000000d478900000,0x000000d478a00000)]
  0x00000277cb02f660 JavaThread "Compiler Class File Writer" daemon [_thread_blocked, id=2272, stack(0x000000d47af00000,0x000000d47b000000)]
  0x00000277cb02fb70 JavaThread "Compiler Class File Writer" daemon [_thread_blocked, id=21484, stack(0x000000d47b000000,0x000000d47b100000)]
  0x00000277cb02f150 JavaThread "Compiler Class File Writer" daemon [_thread_blocked, id=22964, stack(0x000000d47b100000,0x000000d47b200000)]
  0x00000277cb02c8d0 JavaThread "Compiler Class File Writer" daemon [_thread_blocked, id=11296, stack(0x000000d47b200000,0x000000d47b300000)]
  0x00000277cb02e730 JavaThread "Compiler Class File Writer" daemon [_thread_blocked, id=13220, stack(0x000000d47b300000,0x000000d47b400000)]
  0x00000277cb02cde0 JavaThread "Compiler Class File Writer" daemon [_thread_blocked, id=15132, stack(0x000000d47b400000,0x000000d47b500000)]
  0x00000277c8b865e0 JavaThread "ForkJoinPool.commonPool-worker-1" daemon [_thread_blocked, id=22980, stack(0x000000d47b500000,0x000000d47b600000)]
  0x00000277cb02dd10 JavaThread "ForkJoinPool.commonPool-worker-2" daemon [_thread_blocked, id=10720, stack(0x000000d47b600000,0x000000d47b700000)]
  0x00000277d44fd230 JavaThread "Worker-6" [_thread_blocked, id=11024, stack(0x000000d47b800000,0x000000d47b900000)]

Other Threads:
  0x00000277c1647430 VMThread "VM Thread" [stack: 0x000000d476d00000,0x000000d476e00000] [id=23472]
  0x00000277c6a353c0 WatcherThread [stack: 0x000000d477a00000,0x000000d477b00000] [id=4892]
  0x00000277ad8deb10 GCTaskThread "GC Thread#0" [stack: 0x000000d476c00000,0x000000d476d00000] [id=11344]
  0x00000277c80b2a80 GCTaskThread "GC Thread#1" [stack: 0x000000d477b00000,0x000000d477c00000] [id=23880]
  0x00000277c7f31c50 GCTaskThread "GC Thread#2" [stack: 0x000000d477c00000,0x000000d477d00000] [id=13588]
  0x00000277c8091d00 GCTaskThread "GC Thread#3" [stack: 0x000000d477d00000,0x000000d477e00000] [id=2528]
  0x00000277c8091fc0 GCTaskThread "GC Thread#4" [stack: 0x000000d477e00000,0x000000d477f00000] [id=15348]
  0x00000277c8092280 GCTaskThread "GC Thread#5" [stack: 0x000000d477f00000,0x000000d478000000] [id=17576]
  0x00000277c83ac010 GCTaskThread "GC Thread#6" [stack: 0x000000d478000000,0x000000d478100000] [id=1972]
  0x00000277c7cd60f0 GCTaskThread "GC Thread#7" [stack: 0x000000d478600000,0x000000d478700000] [id=23216]

Threads with active compile tasks:
C2 CompilerThread0    30137 12991 % !   4       org.eclipse.jdt.internal.core.index.DiskIndex::mergeWith @ 255 (616 bytes)

VM state: not at safepoint (normal execution)

VM Mutex/Monitor currently owned by a thread: None

Heap address: 0x00000000c0000000, size: 1024 MB, Compressed Oops mode: 32-bit

CDS archive(s) not mapped
Compressed class space mapped at: 0x0000000100000000-0x0000000140000000, reserved size: 1073741824
Narrow klass base: 0x0000000000000000, Narrow klass shift: 3, Narrow klass range: 0x140000000

GC Precious Log:
 CPUs: 8 total, 8 available
 Memory: 7834M
 Large Page Support: Disabled
 NUMA Support: Disabled
 Compressed Oops: Enabled (32-bit)
 Alignments: Space 512K, Generation 512K, Heap 2M
 Heap Min Capacity: 100M
 Heap Initial Capacity: 100M
 Heap Max Capacity: 1G
 Pre-touch: Disabled
 Parallel Workers: 8

Heap:
 PSYoungGen      total 7168K, used 7101K [0x00000000eab00000, 0x00000000eb400000, 0x0000000100000000)
  eden space 5120K, 98% used [0x00000000eab00000,0x00000000eafef528,0x00000000eb000000)
  from space 2048K, 100% used [0x00000000eb200000,0x00000000eb400000,0x00000000eb400000)
  to   space 1536K, 0% used [0x00000000eb080000,0x00000000eb080000,0x00000000eb200000)
 ParOldGen       total 249344K, used 238477K [0x00000000c0000000, 0x00000000cf380000, 0x00000000eab00000)
  object space 249344K, 95% used [0x00000000c0000000,0x00000000ce8e3698,0x00000000cf380000)
 Metaspace       used 72513K, committed 73856K, reserved 1179648K
  class space    used 7534K, committed 8128K, reserved 1048576K

Card table byte_map: [0x00000277ad260000,0x00000277ad470000] _byte_map_base: 0x00000277acc60000

Marking Bits: (ParMarkBitMap*) 0x00007fff20ae6940
 Begin Bits: [0x00000277bf560000, 0x00000277c0560000)
 End Bits:   [0x00000277c0560000, 0x00000277c1560000)

Polling page: 0x00000277ad000000

Metaspace:

Usage:
  Non-class:     63.46 MB used.
      Class:      7.36 MB used.
       Both:     70.81 MB used.

Virtual space:
  Non-class space:      128.00 MB reserved,      64.19 MB ( 50%) committed,  2 nodes.
      Class space:        1.00 GB reserved,       7.94 MB ( <1%) committed,  1 nodes.
             Both:        1.12 GB reserved,      72.12 MB (  6%) committed. 

Chunk freelists:
   Non-Class:  15.64 MB
       Class:  8.03 MB
        Both:  23.67 MB

MaxMetaspaceSize: unlimited
CompressedClassSpaceSize: 1.00 GB
Initial GC threshold: 21.00 MB
Current GC threshold: 120.25 MB
CDS: off
MetaspaceReclaimPolicy: balanced
 - commit_granule_bytes: 65536.
 - commit_granule_words: 8192.
 - virtual_space_node_default_size: 8388608.
 - enlarge_chunks_in_place: 1.
 - new_chunks_are_fully_committed: 0.
 - uncommit_free_chunks: 1.
 - use_allocation_guard: 0.
 - handle_deallocations: 1.


Internal statistics:

num_allocs_failed_limit: 6.
num_arena_births: 962.
num_arena_deaths: 28.
num_vsnodes_births: 3.
num_vsnodes_deaths: 0.
num_space_committed: 1154.
num_space_uncommitted: 0.
num_chunks_returned_to_freelist: 48.
num_chunks_taken_from_freelist: 4095.
num_chunk_merges: 22.
num_chunk_splits: 2464.
num_chunks_enlarged: 1347.
num_inconsistent_stats: 0.

CodeHeap 'non-profiled nmethods': size=120000Kb used=7698Kb max_used=7994Kb free=112301Kb
 bounds [0x00000277b8030000, 0x00000277b8820000, 0x00000277bf560000]
CodeHeap 'profiled nmethods': size=120000Kb used=20317Kb max_used=21541Kb free=99682Kb
 bounds [0x00000277b0560000, 0x00000277b1a80000, 0x00000277b7a90000]
CodeHeap 'non-nmethods': size=5760Kb used=1379Kb max_used=1462Kb free=4380Kb
 bounds [0x00000277b7a90000, 0x00000277b7d00000, 0x00000277b8030000]
 total_blobs=10695 nmethods=9979 adapters=629
 compilation: enabled
              stopped_count=0, restarted_count=0
 full_count=0

Compilation events (20 events):
Event: 24.686 Thread 0x00000277c67ee030 nmethod 12981 0x00000277b83be290 code [0x00000277b83be980, 0x00000277b83c0cf8]
Event: 24.704 Thread 0x00000277c175cfc0 12982       3       org.eclipse.core.runtime.SubMonitor::done (47 bytes)
Event: 24.705 Thread 0x00000277c175cfc0 nmethod 12982 0x00000277b0ad2990 code [0x00000277b0ad2b60, 0x00000277b0ad2ef8]
Event: 24.709 Thread 0x00000277c67ee030 12983       4       org.eclipse.jdt.internal.compiler.classfmt.MethodInfo::createMethod (710 bytes)
Event: 24.844 Thread 0x00000277c67ee030 nmethod 12983 0x00000277b82b8d90 code [0x00000277b82b9140, 0x00000277b82be1b0]
Event: 24.846 Thread 0x00000277c67ee030 12984 %     4       java.lang.StringCoding::implEncodeAsciiArray @ 3 (47 bytes)
Event: 24.849 Thread 0x00000277c67ee030 nmethod 12984% 0x00000277b83bdb10 code [0x00000277b83bdca0, 0x00000277b83be098]
Event: 24.849 Thread 0x00000277c67ee030 12985       4       org.eclipse.jdt.internal.compiler.classfmt.MethodInfo::decodeMethodParameters (129 bytes)
Event: 24.861 Thread 0x00000277c175cfc0 12987       3       org.eclipse.jdt.core.Signature::encodeTypeSignature (908 bytes)
Event: 24.863 Thread 0x00000277c175cfc0 nmethod 12987 0x00000277b1523c90 code [0x00000277b1524440, 0x00000277b1527a08]
Event: 24.888 Thread 0x00000277c67ee030 nmethod 12985 0x00000277b8540510 code [0x00000277b8540760, 0x00000277b8542310]
Event: 24.888 Thread 0x00000277c67ee030 12986       4       org.eclipse.jdt.internal.core.search.indexing.AbstractIndexer::addDefaultConstructorDeclaration (21 bytes)
Event: 24.897 Thread 0x00000277c67ee030 nmethod 12986 0x00000277b8700d10 code [0x00000277b8700ee0, 0x00000277b8701a08]
Event: 24.917 Thread 0x00000277c67ee030 12988       4       jdk.internal.misc.Unsafe::putIntUnaligned (14 bytes)
Event: 24.918 Thread 0x00000277c67ee030 nmethod 12988 0x00000277b8700a10 code [0x00000277b8700b80, 0x00000277b8700c18]
Event: 24.970 Thread 0x00000277c175cfc0 12989       3       org.eclipse.jdt.internal.compiler.classfmt.AnnotationInfo::scanAnnotation (330 bytes)
Event: 24.972 Thread 0x00000277c175cfc0 nmethod 12989 0x00000277b0d0eb90 code [0x00000277b0d0ee80, 0x00000277b0d0ff28]
Event: 26.057 Thread 0x00000277c175cfc0 12990       3       org.eclipse.jdt.internal.compiler.classfmt.AnnotationInfo::readTargetValue (322 bytes)
Event: 26.058 Thread 0x00000277c175cfc0 nmethod 12990 0x00000277b0566d90 code [0x00000277b0567020, 0x00000277b0568028]
Event: 28.092 Thread 0x00000277c67ee030 12991 % !   4       org.eclipse.jdt.internal.core.index.DiskIndex::mergeWith @ 255 (616 bytes)

GC Heap History (20 events):
Event: 24.952 GC heap before
{Heap before GC invocations=267 (full 11):
 PSYoungGen      total 7168K, used 6873K [0x00000000eab00000, 0x00000000eb400000, 0x0000000100000000)
  eden space 5120K, 100% used [0x00000000eab00000,0x00000000eb000000,0x00000000eb000000)
  from space 2048K, 85% used [0x00000000eb200000,0x00000000eb3b6560,0x00000000eb400000)
  to   space 2048K, 0% used [0x00000000eb000000,0x00000000eb000000,0x00000000eb200000)
 ParOldGen       total 249344K, used 231584K [0x00000000c0000000, 0x00000000cf380000, 0x00000000eab00000)
  object space 249344K, 92% used [0x00000000c0000000,0x00000000ce228320,0x00000000cf380000)
 Metaspace       used 72513K, committed 73856K, reserved 1179648K
  class space    used 7534K, committed 8128K, reserved 1048576K
}
Event: 24.953 GC heap after
{Heap after GC invocations=267 (full 11):
 PSYoungGen      total 7168K, used 2023K [0x00000000eab00000, 0x00000000eb500000, 0x0000000100000000)
  eden space 5120K, 0% used [0x00000000eab00000,0x00000000eab00000,0x00000000eb000000)
  from space 2048K, 98% used [0x00000000eb000000,0x00000000eb1f9c68,0x00000000eb200000)
  to   space 2560K, 0% used [0x00000000eb280000,0x00000000eb280000,0x00000000eb500000)
 ParOldGen       total 249344K, used 231920K [0x00000000c0000000, 0x00000000cf380000, 0x00000000eab00000)
  object space 249344K, 93% used [0x00000000c0000000,0x00000000ce27c320,0x00000000cf380000)
 Metaspace       used 72513K, committed 73856K, reserved 1179648K
  class space    used 7534K, committed 8128K, reserved 1048576K
}
Event: 24.964 GC heap before
{Heap before GC invocations=268 (full 11):
 PSYoungGen      total 7168K, used 7143K [0x00000000eab00000, 0x00000000eb500000, 0x0000000100000000)
  eden space 5120K, 100% used [0x00000000eab00000,0x00000000eb000000,0x00000000eb000000)
  from space 2048K, 98% used [0x00000000eb000000,0x00000000eb1f9c68,0x00000000eb200000)
  to   space 2560K, 0% used [0x00000000eb280000,0x00000000eb280000,0x00000000eb500000)
 ParOldGen       total 249344K, used 231920K [0x00000000c0000000, 0x00000000cf380000, 0x00000000eab00000)
  object space 249344K, 93% used [0x00000000c0000000,0x00000000ce27c320,0x00000000cf380000)
 Metaspace       used 72513K, committed 73856K, reserved 1179648K
  class space    used 7534K, committed 8128K, reserved 1048576K
}
Event: 24.965 GC heap after
{Heap after GC invocations=268 (full 11):
 PSYoungGen      total 7168K, used 1612K [0x00000000eab00000, 0x00000000eb480000, 0x0000000100000000)
  eden space 5120K, 0% used [0x00000000eab00000,0x00000000eab00000,0x00000000eb000000)
  from space 2048K, 78% used [0x00000000eb280000,0x00000000eb413008,0x00000000eb480000)
  to   space 2048K, 0% used [0x00000000eb000000,0x00000000eb000000,0x00000000eb200000)
 ParOldGen       total 249344K, used 233268K [0x00000000c0000000, 0x00000000cf380000, 0x00000000eab00000)
  object space 249344K, 93% used [0x00000000c0000000,0x00000000ce3cd078,0x00000000cf380000)
 Metaspace       used 72513K, committed 73856K, reserved 1179648K
  class space    used 7534K, committed 8128K, reserved 1048576K
}
Event: 24.977 GC heap before
{Heap before GC invocations=269 (full 11):
 PSYoungGen      total 7168K, used 6732K [0x00000000eab00000, 0x00000000eb480000, 0x0000000100000000)
  eden space 5120K, 100% used [0x00000000eab00000,0x00000000eb000000,0x00000000eb000000)
  from space 2048K, 78% used [0x00000000eb280000,0x00000000eb413008,0x00000000eb480000)
  to   space 2048K, 0% used [0x00000000eb000000,0x00000000eb000000,0x00000000eb200000)
 ParOldGen       total 249344K, used 233268K [0x00000000c0000000, 0x00000000cf380000, 0x00000000eab00000)
  object space 249344K, 93% used [0x00000000c0000000,0x00000000ce3cd078,0x00000000cf380000)
 Metaspace       used 72513K, committed 73856K, reserved 1179648K
  class space    used 7534K, committed 8128K, reserved 1048576K
}
Event: 24.978 GC heap after
{Heap after GC invocations=269 (full 11):
 PSYoungGen      total 7168K, used 2028K [0x00000000eab00000, 0x00000000eb500000, 0x0000000100000000)
  eden space 5120K, 0% used [0x00000000eab00000,0x00000000eab00000,0x00000000eb000000)
  from space 2048K, 99% used [0x00000000eb000000,0x00000000eb1fb008,0x00000000eb200000)
  to   space 2560K, 0% used [0x00000000eb280000,0x00000000eb280000,0x00000000eb500000)
 ParOldGen       total 249344K, used 233404K [0x00000000c0000000, 0x00000000cf380000, 0x00000000eab00000)
  object space 249344K, 93% used [0x00000000c0000000,0x00000000ce3ef078,0x00000000cf380000)
 Metaspace       used 72513K, committed 73856K, reserved 1179648K
  class space    used 7534K, committed 8128K, reserved 1048576K
}
Event: 24.988 GC heap before
{Heap before GC invocations=270 (full 11):
 PSYoungGen      total 7168K, used 7148K [0x00000000eab00000, 0x00000000eb500000, 0x0000000100000000)
  eden space 5120K, 100% used [0x00000000eab00000,0x00000000eb000000,0x00000000eb000000)
  from space 2048K, 99% used [0x00000000eb000000,0x00000000eb1fb008,0x00000000eb200000)
  to   space 2560K, 0% used [0x00000000eb280000,0x00000000eb280000,0x00000000eb500000)
 ParOldGen       total 249344K, used 233404K [0x00000000c0000000, 0x00000000cf380000, 0x00000000eab00000)
  object space 249344K, 93% used [0x00000000c0000000,0x00000000ce3ef078,0x00000000cf380000)
 Metaspace       used 72513K, committed 73856K, reserved 1179648K
  class space    used 7534K, committed 8128K, reserved 1048576K
}
Event: 24.989 GC heap after
{Heap after GC invocations=270 (full 11):
 PSYoungGen      total 6656K, used 1472K [0x00000000eab00000, 0x00000000eb400000, 0x0000000100000000)
  eden space 5120K, 0% used [0x00000000eab00000,0x00000000eab00000,0x00000000eb000000)
  from space 1536K, 95% used [0x00000000eb280000,0x00000000eb3f0000,0x00000000eb400000)
  to   space 2048K, 0% used [0x00000000eb000000,0x00000000eb000000,0x00000000eb200000)
 ParOldGen       total 249344K, used 234760K [0x00000000c0000000, 0x00000000cf380000, 0x00000000eab00000)
  object space 249344K, 94% used [0x00000000c0000000,0x00000000ce542080,0x00000000cf380000)
 Metaspace       used 72513K, committed 73856K, reserved 1179648K
  class space    used 7534K, committed 8128K, reserved 1048576K
}
Event: 24.999 GC heap before
{Heap before GC invocations=271 (full 11):
 PSYoungGen      total 6656K, used 6592K [0x00000000eab00000, 0x00000000eb400000, 0x0000000100000000)
  eden space 5120K, 100% used [0x00000000eab00000,0x00000000eb000000,0x00000000eb000000)
  from space 1536K, 95% used [0x00000000eb280000,0x00000000eb3f0000,0x00000000eb400000)
  to   space 2048K, 0% used [0x00000000eb000000,0x00000000eb000000,0x00000000eb200000)
 ParOldGen       total 249344K, used 234760K [0x00000000c0000000, 0x00000000cf380000, 0x00000000eab00000)
  object space 249344K, 94% used [0x00000000c0000000,0x00000000ce542080,0x00000000cf380000)
 Metaspace       used 72513K, committed 73856K, reserved 1179648K
  class space    used 7534K, committed 8128K, reserved 1048576K
}
Event: 25.001 GC heap after
{Heap after GC invocations=271 (full 11):
 PSYoungGen      total 6656K, used 1504K [0x00000000eab00000, 0x00000000eb300000, 0x0000000100000000)
  eden space 5120K, 0% used [0x00000000eab00000,0x00000000eab00000,0x00000000eb000000)
  from space 1536K, 97% used [0x00000000eb000000,0x00000000eb178000,0x00000000eb180000)
  to   space 1536K, 0% used [0x00000000eb180000,0x00000000eb180000,0x00000000eb300000)
 ParOldGen       total 249344K, used 235448K [0x00000000c0000000, 0x00000000cf380000, 0x00000000eab00000)
  object space 249344K, 94% used [0x00000000c0000000,0x00000000ce5ee080,0x00000000cf380000)
 Metaspace       used 72513K, committed 73856K, reserved 1179648K
  class space    used 7534K, committed 8128K, reserved 1048576K
}
Event: 25.011 GC heap before
{Heap before GC invocations=272 (full 11):
 PSYoungGen      total 6656K, used 6617K [0x00000000eab00000, 0x00000000eb300000, 0x0000000100000000)
  eden space 5120K, 99% used [0x00000000eab00000,0x00000000eaffe558,0x00000000eb000000)
  from space 1536K, 97% used [0x00000000eb000000,0x00000000eb178000,0x00000000eb180000)
  to   space 1536K, 0% used [0x00000000eb180000,0x00000000eb180000,0x00000000eb300000)
 ParOldGen       total 249344K, used 235448K [0x00000000c0000000, 0x00000000cf380000, 0x00000000eab00000)
  object space 249344K, 94% used [0x00000000c0000000,0x00000000ce5ee080,0x00000000cf380000)
 Metaspace       used 72513K, committed 73856K, reserved 1179648K
  class space    used 7534K, committed 8128K, reserved 1048576K
}
Event: 25.012 GC heap after
{Heap after GC invocations=272 (full 11):
 PSYoungGen      total 6656K, used 1504K [0x00000000eab00000, 0x00000000eb300000, 0x0000000100000000)
  eden space 5120K, 0% used [0x00000000eab00000,0x00000000eab00000,0x00000000eb000000)
  from space 1536K, 97% used [0x00000000eb180000,0x00000000eb2f8000,0x00000000eb300000)
  to   space 1536K, 0% used [0x00000000eb000000,0x00000000eb000000,0x00000000eb180000)
 ParOldGen       total 249344K, used 236125K [0x00000000c0000000, 0x00000000cf380000, 0x00000000eab00000)
  object space 249344K, 94% used [0x00000000c0000000,0x00000000ce697690,0x00000000cf380000)
 Metaspace       used 72513K, committed 73856K, reserved 1179648K
  class space    used 7534K, committed 8128K, reserved 1048576K
}
Event: 25.026 GC heap before
{Heap before GC invocations=273 (full 11):
 PSYoungGen      total 6656K, used 6624K [0x00000000eab00000, 0x00000000eb300000, 0x0000000100000000)
  eden space 5120K, 100% used [0x00000000eab00000,0x00000000eb000000,0x00000000eb000000)
  from space 1536K, 97% used [0x00000000eb180000,0x00000000eb2f8000,0x00000000eb300000)
  to   space 1536K, 0% used [0x00000000eb000000,0x00000000eb000000,0x00000000eb180000)
 ParOldGen       total 249344K, used 236125K [0x00000000c0000000, 0x00000000cf380000, 0x00000000eab00000)
  object space 249344K, 94% used [0x00000000c0000000,0x00000000ce697690,0x00000000cf380000)
 Metaspace       used 72513K, committed 73856K, reserved 1179648K
  class space    used 7534K, committed 8128K, reserved 1048576K
}
Event: 26.036 GC heap after
{Heap after GC invocations=273 (full 11):
 PSYoungGen      total 6656K, used 1528K [0x00000000eab00000, 0x00000000eb500000, 0x0000000100000000)
  eden space 5120K, 0% used [0x00000000eab00000,0x00000000eab00000,0x00000000eb000000)
  from space 1536K, 99% used [0x00000000eb000000,0x00000000eb17e008,0x00000000eb180000)
  to   space 2560K, 0% used [0x00000000eb280000,0x00000000eb280000,0x00000000eb500000)
 ParOldGen       total 249344K, used 236949K [0x00000000c0000000, 0x00000000cf380000, 0x00000000eab00000)
  object space 249344K, 95% used [0x00000000c0000000,0x00000000ce765690,0x00000000cf380000)
 Metaspace       used 72513K, committed 73856K, reserved 1179648K
  class space    used 7534K, committed 8128K, reserved 1048576K
}
Event: 26.044 GC heap before
{Heap before GC invocations=274 (full 11):
 PSYoungGen      total 6656K, used 6648K [0x00000000eab00000, 0x00000000eb500000, 0x0000000100000000)
  eden space 5120K, 100% used [0x00000000eab00000,0x00000000eb000000,0x00000000eb000000)
  from space 1536K, 99% used [0x00000000eb000000,0x00000000eb17e008,0x00000000eb180000)
  to   space 2560K, 0% used [0x00000000eb280000,0x00000000eb280000,0x00000000eb500000)
 ParOldGen       total 249344K, used 236949K [0x00000000c0000000, 0x00000000cf380000, 0x00000000eab00000)
  object space 249344K, 95% used [0x00000000c0000000,0x00000000ce765690,0x00000000cf380000)
 Metaspace       used 72513K, committed 73856K, reserved 1179648K
  class space    used 7534K, committed 8128K, reserved 1048576K
}
Event: 26.046 GC heap after
{Heap after GC invocations=274 (full 11):
 PSYoungGen      total 6144K, used 832K [0x00000000eab00000, 0x00000000eb380000, 0x0000000100000000)
  eden space 5120K, 0% used [0x00000000eab00000,0x00000000eab00000,0x00000000eb000000)
  from space 1024K, 81% used [0x00000000eb280000,0x00000000eb350000,0x00000000eb380000)
  to   space 1536K, 0% used [0x00000000eb080000,0x00000000eb080000,0x00000000eb200000)
 ParOldGen       total 249344K, used 238453K [0x00000000c0000000, 0x00000000cf380000, 0x00000000eab00000)
  object space 249344K, 95% used [0x00000000c0000000,0x00000000ce8dd698,0x00000000cf380000)
 Metaspace       used 72513K, committed 73856K, reserved 1179648K
  class space    used 7534K, committed 8128K, reserved 1048576K
}
Event: 26.054 GC heap before
{Heap before GC invocations=275 (full 11):
 PSYoungGen      total 6144K, used 5952K [0x00000000eab00000, 0x00000000eb380000, 0x0000000100000000)
  eden space 5120K, 100% used [0x00000000eab00000,0x00000000eb000000,0x00000000eb000000)
  from space 1024K, 81% used [0x00000000eb280000,0x00000000eb350000,0x00000000eb380000)
  to   space 1536K, 0% used [0x00000000eb080000,0x00000000eb080000,0x00000000eb200000)
 ParOldGen       total 249344K, used 238453K [0x00000000c0000000, 0x00000000cf380000, 0x00000000eab00000)
  object space 249344K, 95% used [0x00000000c0000000,0x00000000ce8dd698,0x00000000cf380000)
 Metaspace       used 72513K, committed 73856K, reserved 1179648K
  class space    used 7534K, committed 8128K, reserved 1048576K
}
Event: 26.054 GC heap after
{Heap after GC invocations=275 (full 11):
 PSYoungGen      total 6656K, used 1472K [0x00000000eab00000, 0x00000000eb400000, 0x0000000100000000)
  eden space 5120K, 0% used [0x00000000eab00000,0x00000000eab00000,0x00000000eb000000)
  from space 1536K, 95% used [0x00000000eb080000,0x00000000eb1f0000,0x00000000eb200000)
  to   space 2048K, 0% used [0x00000000eb200000,0x00000000eb200000,0x00000000eb400000)
 ParOldGen       total 249344K, used 238453K [0x00000000c0000000, 0x00000000cf380000, 0x00000000eab00000)
  object space 249344K, 95% used [0x00000000c0000000,0x00000000ce8dd698,0x00000000cf380000)
 Metaspace       used 72513K, committed 73856K, reserved 1179648K
  class space    used 7534K, committed 8128K, reserved 1048576K
}
Event: 26.062 GC heap before
{Heap before GC invocations=276 (full 11):
 PSYoungGen      total 6656K, used 6592K [0x00000000eab00000, 0x00000000eb400000, 0x0000000100000000)
  eden space 5120K, 100% used [0x00000000eab00000,0x00000000eb000000,0x00000000eb000000)
  from space 1536K, 95% used [0x00000000eb080000,0x00000000eb1f0000,0x00000000eb200000)
  to   space 2048K, 0% used [0x00000000eb200000,0x00000000eb200000,0x00000000eb400000)
 ParOldGen       total 249344K, used 238453K [0x00000000c0000000, 0x00000000cf380000, 0x00000000eab00000)
  object space 249344K, 95% used [0x00000000c0000000,0x00000000ce8dd698,0x00000000cf380000)
 Metaspace       used 72513K, committed 73856K, reserved 1179648K
  class space    used 7534K, committed 8128K, reserved 1048576K
}
Event: 28.077 GC heap after
{Heap after GC invocations=276 (full 11):
 PSYoungGen      total 7168K, used 2048K [0x00000000eab00000, 0x00000000eb400000, 0x0000000100000000)
  eden space 5120K, 0% used [0x00000000eab00000,0x00000000eab00000,0x00000000eb000000)
  from space 2048K, 100% used [0x00000000eb200000,0x00000000eb400000,0x00000000eb400000)
  to   space 1536K, 0% used [0x00000000eb080000,0x00000000eb080000,0x00000000eb200000)
 ParOldGen       total 249344K, used 238477K [0x00000000c0000000, 0x00000000cf380000, 0x00000000eab00000)
  object space 249344K, 95% used [0x00000000c0000000,0x00000000ce8e3698,0x00000000cf380000)
 Metaspace       used 72513K, committed 73856K, reserved 1179648K
  class space    used 7534K, committed 8128K, reserved 1048576K
}

Dll operation events (10 events):
Event: 0.010 Loaded shared library c:\Users\HP\.vscode\extensions\redhat.java-1.38.0-win32-x64\jre\17.0.13-win32-x86_64\bin\java.dll
Event: 0.116 Loaded shared library c:\Users\HP\.vscode\extensions\redhat.java-1.38.0-win32-x64\jre\17.0.13-win32-x86_64\bin\zip.dll
Event: 0.120 Loaded shared library C:\Users\HP\.vscode\extensions\redhat.java-1.38.0-win32-x64\jre\17.0.13-win32-x86_64\bin\instrument.dll
Event: 0.131 Loaded shared library C:\Users\HP\.vscode\extensions\redhat.java-1.38.0-win32-x64\jre\17.0.13-win32-x86_64\bin\net.dll
Event: 0.132 Loaded shared library C:\Users\HP\.vscode\extensions\redhat.java-1.38.0-win32-x64\jre\17.0.13-win32-x86_64\bin\nio.dll
Event: 0.137 Loaded shared library C:\Users\HP\.vscode\extensions\redhat.java-1.38.0-win32-x64\jre\17.0.13-win32-x86_64\bin\zip.dll
Event: 0.148 Loaded shared library C:\Users\HP\.vscode\extensions\redhat.java-1.38.0-win32-x64\jre\17.0.13-win32-x86_64\bin\jimage.dll
Event: 0.187 Loaded shared library c:\Users\HP\.vscode\extensions\redhat.java-1.38.0-win32-x64\jre\17.0.13-win32-x86_64\bin\verify.dll
Event: 0.912 Loaded shared library C:\Users\HP\AppData\Roaming\Code\User\globalStorage\redhat.java\1.38.0\config_win\org.eclipse.equinox.launcher\org.eclipse.equinox.launcher.win32.win32.x86_64_1.2.1100.v20240722-2106\eclipse_11904.dll
Event: 1.996 Loaded shared library C:\Users\HP\AppData\Local\Temp\jna-2312\jna17541829036727105968.dll

Deoptimization events (20 events):
Event: 23.901 Thread 0x00000277c8b84780 DEOPT PACKING pc=0x00000277b1a73015 sp=0x000000d478fff010
Event: 23.901 Thread 0x00000277c8b84780 DEOPT UNPACKING pc=0x00000277b7aea9e3 sp=0x000000d478ffe598 mode 0
Event: 23.917 Thread 0x00000277c8b84780 DEOPT PACKING pc=0x00000277b1a73015 sp=0x000000d478fff010
Event: 23.917 Thread 0x00000277c8b84780 DEOPT UNPACKING pc=0x00000277b7aea9e3 sp=0x000000d478ffe598 mode 0
Event: 23.925 Thread 0x00000277c8b84780 DEOPT PACKING pc=0x00000277b1a73015 sp=0x000000d478fff010
Event: 23.925 Thread 0x00000277c8b84780 DEOPT UNPACKING pc=0x00000277b7aea9e3 sp=0x000000d478ffe598 mode 0
Event: 23.933 Thread 0x00000277c8b84780 DEOPT PACKING pc=0x00000277b1a73015 sp=0x000000d478fff010
Event: 23.933 Thread 0x00000277c8b84780 DEOPT UNPACKING pc=0x00000277b7aea9e3 sp=0x000000d478ffe598 mode 0
Event: 24.551 Thread 0x00000277c8b84780 Uncommon trap: trap_request=0xffffff45 fr.pc=0x00000277b83c63bc relative=0x000000000000459c
Event: 24.551 Thread 0x00000277c8b84780 Uncommon trap: reason=unstable_if action=reinterpret pc=0x00000277b83c63bc method=org.eclipse.jdt.internal.compiler.classfmt.MethodInfo.decodeMethodAnnotations(IZLorg/eclipse/jdt/internal/compiler/classfmt/MethodInfo;)[Lorg/eclipse/jdt/internal/compiler/c
Event: 24.551 Thread 0x00000277c8b84780 DEOPT PACKING pc=0x00000277b83c63bc sp=0x000000d478fff030
Event: 24.551 Thread 0x00000277c8b84780 DEOPT UNPACKING pc=0x00000277b7ae9ea3 sp=0x000000d478ffef20 mode 2
Event: 24.555 Thread 0x00000277c8b84780 Uncommon trap: trap_request=0xffffff3d fr.pc=0x00000277b8688950 relative=0x00000000000001b0
Event: 24.555 Thread 0x00000277c8b84780 Uncommon trap: reason=unstable_fused_if action=reinterpret pc=0x00000277b8688950 method=org.eclipse.jdt.core.Signature.encodeTypeSignature([CIZILjava/lang/StringBuilder;)I @ 38 c2
Event: 24.555 Thread 0x00000277c8b84780 DEOPT PACKING pc=0x00000277b8688950 sp=0x000000d478ffef80
Event: 24.555 Thread 0x00000277c8b84780 DEOPT UNPACKING pc=0x00000277b7ae9ea3 sp=0x000000d478ffef58 mode 2
Event: 24.966 Thread 0x00000277c8b84780 Uncommon trap: trap_request=0xffffff45 fr.pc=0x00000277b83c01b4 relative=0x0000000000001834
Event: 24.966 Thread 0x00000277c8b84780 Uncommon trap: reason=unstable_if action=reinterpret pc=0x00000277b83c01b4 method=org.eclipse.jdt.internal.compiler.classfmt.AnnotationInfo.scanElementValue(I)I @ 167 c2
Event: 24.966 Thread 0x00000277c8b84780 DEOPT PACKING pc=0x00000277b83c01b4 sp=0x000000d478ffefb0
Event: 24.966 Thread 0x00000277c8b84780 DEOPT UNPACKING pc=0x00000277b7ae9ea3 sp=0x000000d478ffeec8 mode 2

Classes loaded (20 events):
Event: 11.029 Loading class java/util/concurrent/CompletableFuture$Signaller
Event: 11.030 Loading class java/util/concurrent/CompletableFuture$Signaller done
Event: 11.279 Loading class java/nio/charset/CharacterCodingException
Event: 11.279 Loading class java/nio/charset/CharacterCodingException done
Event: 11.279 Loading class java/io/SequenceInputStream
Event: 11.280 Loading class java/io/SequenceInputStream done
Event: 11.333 Loading class java/util/concurrent/CompletableFuture$UniApply
Event: 11.333 Loading class java/util/concurrent/CompletableFuture$UniApply done
Event: 11.334 Loading class java/util/concurrent/ForkJoinPool$DefaultCommonPoolForkJoinWorkerThreadFactory$1
Event: 11.335 Loading class java/util/concurrent/ForkJoinPool$DefaultCommonPoolForkJoinWorkerThreadFactory$1 done
Event: 11.335 Loading class java/util/concurrent/CompletableFuture$UniExceptionally
Event: 11.336 Loading class java/util/concurrent/CompletableFuture$UniExceptionally done
Event: 11.336 Loading class java/util/HashMap$ValueSpliterator
Event: 11.336 Loading class java/util/HashMap$ValueSpliterator done
Event: 11.340 Loading class java/util/Hashtable$KeySet
Event: 11.340 Loading class java/util/Hashtable$KeySet done
Event: 11.497 Loading class java/lang/invoke/MethodHandleImpl$CountingWrapper$1
Event: 11.498 Loading class java/lang/invoke/MethodHandleImpl$CountingWrapper$1 done
Event: 14.208 Loading class sun/nio/fs/WindowsFileCopy
Event: 14.208 Loading class sun/nio/fs/WindowsFileCopy done

Classes unloaded (14 events):
Event: 2.811 Thread 0x00000277c1647430 Unloading class 0x0000000100254400 'java/lang/invoke/LambdaForm$MH+0x0000000100254400'
Event: 2.811 Thread 0x00000277c1647430 Unloading class 0x0000000100254000 'java/lang/invoke/LambdaForm$MH+0x0000000100254000'
Event: 2.811 Thread 0x00000277c1647430 Unloading class 0x0000000100253c00 'java/lang/invoke/LambdaForm$MH+0x0000000100253c00'
Event: 2.811 Thread 0x00000277c1647430 Unloading class 0x0000000100253800 'java/lang/invoke/LambdaForm$MH+0x0000000100253800'
Event: 2.811 Thread 0x00000277c1647430 Unloading class 0x0000000100253400 'java/lang/invoke/LambdaForm$BMH+0x0000000100253400'
Event: 2.811 Thread 0x00000277c1647430 Unloading class 0x0000000100253000 'java/lang/invoke/LambdaForm$DMH+0x0000000100253000'
Event: 2.811 Thread 0x00000277c1647430 Unloading class 0x0000000100250800 'java/lang/invoke/LambdaForm$DMH+0x0000000100250800'
Event: 10.736 Thread 0x00000277c1647430 Unloading class 0x0000000100748400 'java/lang/invoke/LambdaForm$MH+0x0000000100748400'
Event: 10.736 Thread 0x00000277c1647430 Unloading class 0x0000000100748000 'java/lang/invoke/LambdaForm$MH+0x0000000100748000'
Event: 10.736 Thread 0x00000277c1647430 Unloading class 0x0000000100745c00 'java/lang/invoke/LambdaForm$MH+0x0000000100745c00'
Event: 10.736 Thread 0x00000277c1647430 Unloading class 0x0000000100745400 'java/lang/invoke/LambdaForm$DMH+0x0000000100745400'
Event: 10.736 Thread 0x00000277c1647430 Unloading class 0x0000000100745000 'java/lang/invoke/LambdaForm$DMH+0x0000000100745000'
Event: 10.736 Thread 0x00000277c1647430 Unloading class 0x0000000100744c00 'java/lang/invoke/LambdaForm$DMH+0x0000000100744c00'
Event: 10.736 Thread 0x00000277c1647430 Unloading class 0x0000000100744800 'java/lang/invoke/LambdaForm$DMH+0x0000000100744800'

Classes redefined (0 events):
No events

Internal exceptions (20 events):
Event: 23.165 Thread 0x00000277c8b84780 Exception <a 'sun/nio/fs/WindowsException'{0x00000000eabc0a98}> (0x00000000eabc0a98) 
thrown [s\src\hotspot\share\prims\jni.cpp, line 516]
Event: 23.225 Thread 0x00000277c8b84780 Exception <a 'sun/nio/fs/WindowsException'{0x00000000eab792a8}> (0x00000000eab792a8) 
thrown [s\src\hotspot\share\prims\jni.cpp, line 516]
Event: 23.239 Thread 0x00000277c8b84780 Exception <a 'sun/nio/fs/WindowsException'{0x00000000eab8d430}> (0x00000000eab8d430) 
thrown [s\src\hotspot\share\prims\jni.cpp, line 516]
Event: 23.289 Thread 0x00000277c8b84780 Exception <a 'sun/nio/fs/WindowsException'{0x00000000eb201c28}> (0x00000000eb201c28) 
thrown [s\src\hotspot\share\prims\jni.cpp, line 516]
Event: 23.504 Thread 0x00000277c8b84780 Exception <a 'sun/nio/fs/WindowsException'{0x00000000eb279040}> (0x00000000eb279040) 
thrown [s\src\hotspot\share\prims\jni.cpp, line 516]
Event: 23.540 Thread 0x00000277c8b84780 Exception <a 'sun/nio/fs/WindowsException'{0x00000000eaeb6ab0}> (0x00000000eaeb6ab0) 
thrown [s\src\hotspot\share\prims\jni.cpp, line 516]
Event: 23.554 Thread 0x00000277c8b84780 Exception <a 'sun/nio/fs/WindowsException'{0x00000000eaec2138}> (0x00000000eaec2138) 
thrown [s\src\hotspot\share\prims\jni.cpp, line 516]
Event: 23.562 Thread 0x00000277c8b84780 Exception <a 'sun/nio/fs/WindowsException'{0x00000000eaecd6e0}> (0x00000000eaecd6e0) 
thrown [s\src\hotspot\share\prims\jni.cpp, line 516]
Event: 23.586 Thread 0x00000277c8b84780 Exception <a 'sun/nio/fs/WindowsException'{0x00000000eafef970}> (0x00000000eafef970) 
thrown [s\src\hotspot\share\prims\jni.cpp, line 516]
Event: 23.624 Thread 0x00000277c8b84780 Exception <a 'sun/nio/fs/WindowsException'{0x00000000eac7de40}> (0x00000000eac7de40) 
thrown [s\src\hotspot\share\prims\jni.cpp, line 516]
Event: 23.641 Thread 0x00000277c8b84780 Exception <a 'sun/nio/fs/WindowsException'{0x00000000eacba100}> (0x00000000eacba100) 
thrown [s\src\hotspot\share\prims\jni.cpp, line 516]
Event: 23.648 Thread 0x00000277c8b84780 Exception <a 'sun/nio/fs/WindowsException'{0x00000000eacc5dd8}> (0x00000000eacc5dd8) 
thrown [s\src\hotspot\share\prims\jni.cpp, line 516]
Event: 24.321 Thread 0x00000277c8b84780 Exception <a 'sun/nio/fs/WindowsException'{0x00000000eaf58ef8}> (0x00000000eaf58ef8) 
thrown [s\src\hotspot\share\prims\jni.cpp, line 516]
Event: 24.356 Thread 0x00000277c8b84780 Exception <a 'sun/nio/fs/WindowsException'{0x00000000eaea25c0}> (0x00000000eaea25c0) 
thrown [s\src\hotspot\share\prims\jni.cpp, line 516]
Event: 24.546 Thread 0x00000277c8b84780 Exception <a 'sun/nio/fs/WindowsException'{0x00000000eaeb6428}> (0x00000000eaeb6428) 
thrown [s\src\hotspot\share\prims\jni.cpp, line 516]
Event: 24.570 Thread 0x00000277c8b84780 Exception <a 'sun/nio/fs/WindowsException'{0x00000000eabbe560}> (0x00000000eabbe560) 
thrown [s\src\hotspot\share\prims\jni.cpp, line 516]
Event: 24.585 Thread 0x00000277c8b84780 Exception <a 'sun/nio/fs/WindowsException'{0x00000000ead29b00}> (0x00000000ead29b00) 
thrown [s\src\hotspot\share\prims\jni.cpp, line 516]
Event: 24.702 Thread 0x00000277c8b84780 Exception <a 'sun/nio/fs/WindowsException'{0x00000000ead0d1a8}> (0x00000000ead0d1a8) 
thrown [s\src\hotspot\share\prims\jni.cpp, line 516]
Event: 24.734 Thread 0x00000277c8b84780 Exception <a 'sun/nio/fs/WindowsException'{0x00000000ead6fe30}> (0x00000000ead6fe30) 
thrown [s\src\hotspot\share\prims\jni.cpp, line 516]
Event: 24.916 Thread 0x00000277c8b84780 Exception <a 'sun/nio/fs/WindowsException'{0x00000000eab8a7a8}> (0x00000000eab8a7a8) 
thrown [s\src\hotspot\share\prims\jni.cpp, line 516]

VM Operations (20 events):
Event: 24.964 Executing VM operation: ParallelGCFailedAllocation
Event: 24.965 Executing VM operation: ParallelGCFailedAllocation done
Event: 24.966 Executing VM operation: HandshakeAllThreads
Event: 24.966 Executing VM operation: HandshakeAllThreads done
Event: 24.977 Executing VM operation: ParallelGCFailedAllocation
Event: 24.978 Executing VM operation: ParallelGCFailedAllocation done
Event: 24.988 Executing VM operation: ParallelGCFailedAllocation
Event: 24.989 Executing VM operation: ParallelGCFailedAllocation done
Event: 24.999 Executing VM operation: ParallelGCFailedAllocation
Event: 25.001 Executing VM operation: ParallelGCFailedAllocation done
Event: 25.011 Executing VM operation: ParallelGCFailedAllocation
Event: 25.012 Executing VM operation: ParallelGCFailedAllocation done
Event: 25.026 Executing VM operation: ParallelGCFailedAllocation
Event: 26.036 Executing VM operation: ParallelGCFailedAllocation done
Event: 26.044 Executing VM operation: ParallelGCFailedAllocation
Event: 26.046 Executing VM operation: ParallelGCFailedAllocation done
Event: 26.053 Executing VM operation: ParallelGCFailedAllocation
Event: 26.054 Executing VM operation: ParallelGCFailedAllocation done
Event: 26.062 Executing VM operation: ParallelGCFailedAllocation
Event: 28.078 Executing VM operation: ParallelGCFailedAllocation done

Memory protections (0 events):
No events

Nmethod flushes (20 events):
Event: 24.969 Thread 0x00000277c175d8d0 flushing  nmethod 0x00000277b86c0890
Event: 24.969 Thread 0x00000277c175d8d0 flushing  nmethod 0x00000277b87a5f90
Event: 24.969 Thread 0x00000277c175d8d0 flushing osr nmethod 0x00000277b0651310
Event: 24.971 Thread 0x00000277c175d8d0 flushing  nmethod 0x00000277b0883710
Event: 24.971 Thread 0x00000277c175d8d0 flushing osr nmethod 0x00000277b0926090
Event: 24.972 Thread 0x00000277c175d8d0 flushing  nmethod 0x00000277b0a3cd10
Event: 24.973 Thread 0x00000277c175d8d0 flushing  nmethod 0x00000277b0cfbe90
Event: 24.974 Thread 0x00000277c175d8d0 flushing  nmethod 0x00000277b0e97d10
Event: 24.974 Thread 0x00000277c175d8d0 flushing  nmethod 0x00000277b0ed3c90
Event: 24.976 Thread 0x00000277c175d8d0 flushing  nmethod 0x00000277b11aea90
Event: 24.978 Thread 0x00000277c175d8d0 flushing  nmethod 0x00000277b13de090
Event: 24.979 Thread 0x00000277c175d8d0 flushing  nmethod 0x00000277b154fe90
Event: 24.979 Thread 0x00000277c175d8d0 flushing  nmethod 0x00000277b1550990
Event: 24.979 Thread 0x00000277c175d8d0 flushing  nmethod 0x00000277b1551290
Event: 24.979 Thread 0x00000277c175d8d0 flushing  nmethod 0x00000277b15c0910
Event: 24.981 Thread 0x00000277c175d8d0 flushing  nmethod 0x00000277b1a30090
Event: 24.981 Thread 0x00000277c175d8d0 flushing  nmethod 0x00000277b1a31690
Event: 24.981 Thread 0x00000277c175d8d0 flushing  nmethod 0x00000277b1a3a110
Event: 24.981 Thread 0x00000277c175d8d0 flushing  nmethod 0x00000277b1a45610
Event: 24.981 Thread 0x00000277c175d8d0 flushing  nmethod 0x00000277b1a62490

Events (20 events):
Event: 9.989 Thread 0x00000277cc22d120 Thread exited: 0x00000277cc22d120
Event: 9.990 Thread 0x00000277cc2303c0 Thread exited: 0x00000277cc2303c0
Event: 9.990 Thread 0x00000277cc2308d0 Thread exited: 0x00000277cc2308d0
Event: 10.328 Thread 0x00000277c8b87f30 Thread added: 0x00000277c8b865e0
Event: 10.328 Thread 0x00000277c8b87f30 Thread added: 0x00000277d5f52480
Event: 10.328 Thread 0x00000277c8b87f30 Thread added: 0x00000277d5f542e0
Event: 10.328 Thread 0x00000277c8b87f30 Thread added: 0x00000277d5f538c0
Event: 10.328 Thread 0x00000277c8b87f30 Thread added: 0x00000277d5f55210
Event: 10.348 Thread 0x00000277d5f538c0 Thread exited: 0x00000277d5f538c0
Event: 10.348 Thread 0x00000277d5f52480 Thread exited: 0x00000277d5f52480
Event: 10.348 Thread 0x00000277d5f542e0 Thread exited: 0x00000277d5f542e0
Event: 10.348 Thread 0x00000277c8b865e0 Thread exited: 0x00000277c8b865e0
Event: 10.348 Thread 0x00000277d5f55210 Thread exited: 0x00000277d5f55210
Event: 11.335 Thread 0x00000277cac89140 Thread added: 0x00000277c8b865e0
Event: 11.336 Thread 0x00000277cac89140 Thread added: 0x00000277cb02dd10
Event: 11.375 Thread 0x00000277c8b865e0 Thread added: 0x00000277d44fdc50
Event: 12.795 Thread 0x00000277c8b85bc0 Thread added: 0x00000277d44fd230
Event: 16.400 Thread 0x00000277c8fff070 Thread exited: 0x00000277c8fff070
Event: 16.400 Thread 0x00000277d44fdc50 Thread exited: 0x00000277d44fdc50
Event: 16.495 Thread 0x00000277c6a86420 Thread exited: 0x00000277c6a86420


Dynamic libraries:
0x00007ff6da880000 - 0x00007ff6da88e000 	c:\Users\HP\.vscode\extensions\redhat.java-1.38.0-win32-x64\jre\17.0.13-win32-x86_64\bin\java.exe
0x00007ff8143e0000 - 0x00007ff814643000 	C:\WINDOWS\SYSTEM32\ntdll.dll
0x00007ff812850000 - 0x00007ff812918000 	C:\WINDOWS\System32\KERNEL32.DLL
0x00007ff811930000 - 0x00007ff811ce2000 	C:\WINDOWS\System32\KERNELBASE.dll
0x00007ff8117e0000 - 0x00007ff81192b000 	C:\WINDOWS\System32\ucrtbase.dll
0x00007fffc03f0000 - 0x00007fffc0407000 	c:\Users\HP\.vscode\extensions\redhat.java-1.38.0-win32-x64\jre\17.0.13-win32-x86_64\bin\jli.dll
0x00007ff8124d0000 - 0x00007ff812698000 	C:\WINDOWS\System32\USER32.dll
0x00007ff8117b0000 - 0x00007ff8117d7000 	C:\WINDOWS\System32\win32u.dll
0x00007ff813040000 - 0x00007ff81306a000 	C:\WINDOWS\System32\GDI32.dll
0x00007ff812110000 - 0x00007ff81223b000 	C:\WINDOWS\System32\gdi32full.dll
0x00007ff811e70000 - 0x00007ff811f13000 	C:\WINDOWS\System32\msvcp_win.dll
0x00007fffc03d0000 - 0x00007fffc03ee000 	c:\Users\HP\.vscode\extensions\redhat.java-1.38.0-win32-x64\jre\17.0.13-win32-x86_64\bin\VCRUNTIME140.dll
0x00007ffff0970000 - 0x00007ffff0c00000 	C:\WINDOWS\WinSxS\amd64_microsoft.windows.common-controls_6595b64144ccf1df_6.0.26100.2454_none_3e0b68a2e331ad60\COMCTL32.dll
0x00007ff813130000 - 0x00007ff8131d9000 	C:\WINDOWS\System32\msvcrt.dll
0x00007ff813df0000 - 0x00007ff813e1f000 	C:\WINDOWS\System32\IMM32.DLL
0x00007fffcd620000 - 0x00007fffcd62c000 	c:\Users\HP\.vscode\extensions\redhat.java-1.38.0-win32-x64\jre\17.0.13-win32-x86_64\bin\vcruntime140_1.dll
0x00007fffc0340000 - 0x00007fffc03cd000 	c:\Users\HP\.vscode\extensions\redhat.java-1.38.0-win32-x64\jre\17.0.13-win32-x86_64\bin\msvcp140.dll
0x00007fff1ff40000 - 0x00007fff20bab000 	c:\Users\HP\.vscode\extensions\redhat.java-1.38.0-win32-x64\jre\17.0.13-win32-x86_64\bin\server\jvm.dll
0x00007ff813070000 - 0x00007ff813124000 	C:\WINDOWS\System32\ADVAPI32.dll
0x00007ff8126a0000 - 0x00007ff812746000 	C:\WINDOWS\System32\sechost.dll
0x00007ff813470000 - 0x00007ff813586000 	C:\WINDOWS\System32\RPCRT4.dll
0x00007ff8127d0000 - 0x00007ff812844000 	C:\WINDOWS\System32\WS2_32.dll
0x00007ff811640000 - 0x00007ff81168e000 	C:\WINDOWS\SYSTEM32\POWRPROF.dll
0x00007ff803cd0000 - 0x00007ff803d06000 	C:\WINDOWS\SYSTEM32\WINMM.dll
0x00007ff806c90000 - 0x00007ff806c9b000 	C:\WINDOWS\SYSTEM32\VERSION.dll
0x00007ff811620000 - 0x00007ff811634000 	C:\WINDOWS\SYSTEM32\UMPDC.dll
0x00007ff8105f0000 - 0x00007ff81060a000 	C:\WINDOWS\SYSTEM32\kernel.appcore.dll
0x00007fffcb7a0000 - 0x00007fffcb7aa000 	c:\Users\HP\.vscode\extensions\redhat.java-1.38.0-win32-x64\jre\17.0.13-win32-x86_64\bin\jimage.dll
0x00007ff80ef10000 - 0x00007ff80f151000 	C:\WINDOWS\SYSTEM32\DBGHELP.DLL
0x00007ff813e40000 - 0x00007ff8141be000 	C:\WINDOWS\System32\combase.dll
0x00007ff812240000 - 0x00007ff812316000 	C:\WINDOWS\System32\OLEAUT32.dll
0x00007fffef3b0000 - 0x00007fffef3e9000 	C:\WINDOWS\SYSTEM32\dbgcore.DLL
0x00007ff811f20000 - 0x00007ff811fb9000 	C:\WINDOWS\System32\bcryptPrimitives.dll
0x00007ffff3f80000 - 0x00007ffff3f8e000 	c:\Users\HP\.vscode\extensions\redhat.java-1.38.0-win32-x64\jre\17.0.13-win32-x86_64\bin\instrument.dll
0x00007fffc0310000 - 0x00007fffc0335000 	c:\Users\HP\.vscode\extensions\redhat.java-1.38.0-win32-x64\jre\17.0.13-win32-x86_64\bin\java.dll
0x00007fffc02f0000 - 0x00007fffc0308000 	c:\Users\HP\.vscode\extensions\redhat.java-1.38.0-win32-x64\jre\17.0.13-win32-x86_64\bin\zip.dll
0x00007ff812920000 - 0x00007ff813020000 	C:\WINDOWS\System32\SHELL32.dll
0x00007ff80f490000 - 0x00007ff80fcc1000 	C:\WINDOWS\SYSTEM32\windows.storage.dll
0x00007ff8141d0000 - 0x00007ff8142aa000 	C:\WINDOWS\System32\SHCORE.dll
0x00007ff812470000 - 0x00007ff8124cd000 	C:\WINDOWS\System32\shlwapi.dll
0x00007ff8116c0000 - 0x00007ff8116ee000 	C:\WINDOWS\SYSTEM32\profapi.dll
0x00007fffc02d0000 - 0x00007fffc02e9000 	C:\Users\HP\.vscode\extensions\redhat.java-1.38.0-win32-x64\jre\17.0.13-win32-x86_64\bin\net.dll
0x00007ff80c120000 - 0x00007ff80c246000 	C:\WINDOWS\SYSTEM32\WINHTTP.dll
0x00007ff810af0000 - 0x00007ff810b58000 	C:\WINDOWS\system32\mswsock.dll
0x00007fffc02b0000 - 0x00007fffc02c6000 	C:\Users\HP\.vscode\extensions\redhat.java-1.38.0-win32-x64\jre\17.0.13-win32-x86_64\bin\nio.dll
0x00007ffff5c30000 - 0x00007ffff5c40000 	c:\Users\HP\.vscode\extensions\redhat.java-1.38.0-win32-x64\jre\17.0.13-win32-x86_64\bin\verify.dll
0x00007fffc4b30000 - 0x00007fffc4b75000 	C:\Users\HP\AppData\Roaming\Code\User\globalStorage\redhat.java\1.38.0\config_win\org.eclipse.equinox.launcher\org.eclipse.equinox.launcher.win32.win32.x86_64_1.2.1100.v20240722-2106\eclipse_11904.dll
0x00007ff8131e0000 - 0x00007ff813379000 	C:\WINDOWS\System32\ole32.dll
0x00007ff810d90000 - 0x00007ff810dac000 	C:\WINDOWS\SYSTEM32\CRYPTSP.dll
0x00007ff810550000 - 0x00007ff810588000 	C:\WINDOWS\system32\rsaenh.dll
0x00007ff810b90000 - 0x00007ff810bbb000 	C:\WINDOWS\SYSTEM32\USERENV.dll
0x00007ff810fd0000 - 0x00007ff810ff6000 	C:\WINDOWS\SYSTEM32\bcrypt.dll
0x00007ff810db0000 - 0x00007ff810dbc000 	C:\WINDOWS\SYSTEM32\CRYPTBASE.dll
0x00007ff810040000 - 0x00007ff810072000 	C:\WINDOWS\SYSTEM32\IPHLPAPI.DLL
0x00007ff813030000 - 0x00007ff81303a000 	C:\WINDOWS\System32\NSI.dll
0x00007ff80cd60000 - 0x00007ff80cd7e000 	C:\WINDOWS\SYSTEM32\dhcpcsvc6.DLL
0x00007ff80cd30000 - 0x00007ff80cd55000 	C:\WINDOWS\SYSTEM32\dhcpcsvc.DLL
0x00007ff8100e0000 - 0x00007ff810205000 	C:\WINDOWS\SYSTEM32\DNSAPI.dll
0x00007fffc4ae0000 - 0x00007fffc4b29000 	C:\Users\HP\AppData\Local\Temp\jna-2312\jna17541829036727105968.dll
0x00007ff812460000 - 0x00007ff812468000 	C:\WINDOWS\System32\PSAPI.DLL

dbghelp: loaded successfully - version: 4.0.5 - missing functions: none
symbol engine: initialized successfully - sym options: 0x614 - pdb path: .;c:\Users\HP\.vscode\extensions\redhat.java-1.38.0-win32-x64\jre\17.0.13-win32-x86_64\bin;C:\WINDOWS\SYSTEM32;C:\WINDOWS\WinSxS\amd64_microsoft.windows.common-controls_6595b64144ccf1df_6.0.26100.2454_none_3e0b68a2e331ad60;c:\Users\HP\.vscode\extensions\redhat.java-1.38.0-win32-x64\jre\17.0.13-win32-x86_64\bin\server;C:\Users\HP\AppData\Roaming\Code\User\globalStorage\redhat.java\1.38.0\config_win\org.eclipse.equinox.launcher\org.eclipse.equinox.launcher.win32.win32.x86_64_1.2.1100.v20240722-2106;C:\Users\HP\AppData\Local\Temp\jna-2312

VM Arguments:
jvm_args: --add-modules=ALL-SYSTEM --add-opens=java.base/java.util=ALL-UNNAMED --add-opens=java.base/java.lang=ALL-UNNAMED --add-opens=java.base/sun.nio.fs=ALL-UNNAMED -Declipse.application=org.eclipse.jdt.ls.core.id1 -Dosgi.bundles.defaultStartLevel=4 -Declipse.product=org.eclipse.jdt.ls.core.product -Djava.import.generatesMetadataFilesAtProjectRoot=false -DDetectVMInstallationsJob.disabled=true -Dfile.encoding=utf8 -XX:+UseParallelGC -XX:GCTimeRatio=4 -XX:AdaptiveSizePolicyWeight=90 -Dsun.zip.disableMemoryMapping=true -Xmx1G -Xms100m -Xlog:disable -javaagent:c:\Users\HP\.vscode\extensions\redhat.java-1.38.0-win32-x64\lombok\lombok-1.18.34.jar -XX:+HeapDumpOnOutOfMemoryError -XX:HeapDumpPath=c:\Users\HP\AppData\Roaming\Code\User\workspaceStorage\ff020401daf549e784676faa52c5e95d\redhat.java -Daether.dependencyCollector.impl=bf 
java_command: c:\Users\HP\.vscode\extensions\redhat.java-1.38.0-win32-x64\server\plugins\org.eclipse.equinox.launcher_1.6.900.v20240613-2009.jar -configuration c:\Users\HP\AppData\Roaming\Code\User\globalStorage\redhat.java\1.38.0\config_win -data c:\Users\HP\AppData\Roaming\Code\User\workspaceStorage\ff020401daf549e784676faa52c5e95d\redhat.java\jdt_ws --pipe=\\.\pipe\lsp-34476f91b530ca82ad386af79b2ca3d6-sock
java_class_path (initial): c:\Users\HP\.vscode\extensions\redhat.java-1.38.0-win32-x64\server\plugins\org.eclipse.equinox.launcher_1.6.900.v20240613-2009.jar
Launcher Type: SUN_STANDARD

[Global flags]
    uintx AdaptiveSizePolicyWeight                 = 90                                        {product} {command line}
     intx CICompilerCount                          = 4                                         {product} {ergonomic}
    uintx GCTimeRatio                              = 4                                         {product} {command line}
     bool HeapDumpOnOutOfMemoryError               = true                                   {manageable} {command line}
    ccstr HeapDumpPath                             = c:\Users\HP\AppData\Roaming\Code\User\workspaceStorage\ff020401daf549e784676faa52c5e95d\redhat.java         {manageable} {command line}
   size_t InitialHeapSize                          = 104857600                                 {product} {command line}
   size_t MaxHeapSize                              = 1073741824                                {product} {command line}
   size_t MaxNewSize                               = 357564416                                 {product} {ergonomic}
   size_t MinHeapDeltaBytes                        = 524288                                    {product} {ergonomic}
   size_t MinHeapSize                              = 104857600                                 {product} {command line}
   size_t NewSize                                  = 34603008                                  {product} {ergonomic}
    uintx NonNMethodCodeHeapSize                   = 5839372                                {pd product} {ergonomic}
    uintx NonProfiledCodeHeapSize                  = 122909434                              {pd product} {ergonomic}
   size_t OldSize                                  = 70254592                                  {product} {ergonomic}
    uintx ProfiledCodeHeapSize                     = 122909434                              {pd product} {ergonomic}
    uintx ReservedCodeCacheSize                    = 251658240                              {pd product} {ergonomic}
     bool SegmentedCodeCache                       = true                                      {product} {ergonomic}
   size_t SoftMaxHeapSize                          = 1073741824                             {manageable} {ergonomic}
     bool UseCompressedClassPointers               = true                           {product lp64_product} {ergonomic}
     bool UseCompressedOops                        = true                           {product lp64_product} {ergonomic}
     bool UseLargePagesIndividualAllocation        = false                                  {pd product} {ergonomic}
     bool UseParallelGC                            = true                                      {product} {command line}

Logging:
Log output configuration:
 #0: stdout all=off uptime,level,tags
 #1: stderr all=off uptime,level,tags

Environment Variables:
JAVA_HOME=C:\Program Files\Java\jdk-23
PATH=C:\Program Files\Common Files\Oracle\Java\javapath;C:\WINDOWS\system32;C:\WINDOWS;C:\WINDOWS\System32\Wbem;C:\WINDOWS\System32\WindowsPowerShell\v1.0\;C:\WINDOWS\System32\OpenSSH\;C:\Program Files\dotnet\;C:\Program Files (x86)\Windows Kits\10\Windows Performance Toolkit\;C:\Program Files\Git\cmd;C:\laragon\bin\php\php-8.3;C:\composer;C:\Program Files (x86)\Microsoft SQL Server\160\Tools\Binn\;C:\Program Files\Microsoft SQL Server\160\Tools\Binn\;C:\Program Files\Microsoft SQL Server\Client SDK\ODBC\170\Tools\Binn\;C:\Program Files\Microsoft SQL Server\160\DTS\Binn\;C:\Program Files (x86)\Microsoft SQL Server\160\DTS\Binn\;C:\Program Files\Microsoft SQL Server\150\Tools\Binn\;C:\ProgramData\chocolatey\bin;C:\Program Files\nodejs\;C:\Users\HP\AppData\Local\Programs\Python\Launcher\;C:\Users\HP\AppData\Local\Microsoft\WindowsApps;C:\Users\HP\AppData\Local\Programs\Microsoft VS Code\bin;C:\Users\HP\.dotnet\tools;C:\Users\HP\AppData\Roaming\Composer\vendor\bin;C:\Users\HP\AppData\Roaming\npm;
USERNAME=HP
OS=Windows_NT
PROCESSOR_IDENTIFIER=Intel64 Family 6 Model 140 Stepping 1, GenuineIntel
TMP=C:\Users\HP\AppData\Local\Temp
TEMP=C:\Users\HP\AppData\Local\Temp



Periodic native trim disabled


---------------  S Y S T E M  ---------------

OS:
 Windows 11 , 64 bit Build 26100 (10.0.26100.2454)
OS uptime: 6 days 15:14 hours
Hyper-V role detected

CPU: total 8 (initial active 8) (4 cores per cpu, 2 threads per core) family 6 model 140 stepping 1 microcode 0xb4, cx8, cmov, fxsr, ht, mmx, 3dnowpref, sse, sse2, sse3, ssse3, sse4.1, sse4.2, popcnt, lzcnt, tsc, tscinvbit, avx, avx2, aes, erms, clmul, bmi1, bmi2, adx, avx512f, avx512dq, avx512cd, avx512bw, avx512vl, sha, fma, vzeroupper, avx512_vpopcntdq, avx512_vpclmulqdq, avx512_vaes, avx512_vnni, clflush, clflushopt, clwb, avx512_vbmi2, avx512_vbmi, hv
Processor Information for all 8 processors :
  Max Mhz: 2701, Current Mhz: 2701, Mhz Limit: 2701

Memory: 4k page, system-wide physical 7834M (855M free)
TotalPageFile size 31386M (AvailPageFile size 230M)
current process WorkingSet (physical memory assigned to process): 357M, peak: 775M
current process commit charge ("private bytes"): 471M, peak: 752M

vm_info: OpenJDK 64-Bit Server VM (17.0.13+11) for windows-amd64 JRE (17.0.13+11), built on Oct 16 2024 00:10:08 by "admin" with MS VC++ 17.7 (VS2022)

END.
